[ 2017-11-25T10:19:00+08:00 ] ::1 /thinkphp/index.php/Home/Index/editTable.html
INFO: [ app_begin ] --START--
INFO: Run Behavior\ReadHtmlCacheBehavior [ RunTime:0.000000s ]
INFO: [ app_begin ] --END-- [ RunTime:0.002000s ]
SQL: SHOW COLUMNS FROM `student` [ RunTime:0.0110s ]
SQL: DELETE FROM `student` WHERE ( id=8 ) [ RunTime:0.1100s ]
INFO: [ app_end ] --START--
INFO: Run Behavior\ShowPageTraceBehavior [ RunTime:0.002000s ]
INFO: [ app_end ] --END-- [ RunTime:0.002000s ]

[ 2017-11-25T14:57:13+08:00 ] ::1 /thinkphp/index.php/Home/Index/editTable.html
INFO: [ app_begin ] --START--
INFO: Run Behavior\ReadHtmlCacheBehavior [ RunTime:0.001000s ]
INFO: [ app_begin ] --END-- [ RunTime:0.001000s ]
SQL: SHOW COLUMNS FROM `student` [ RunTime:0.0040s ]
SQL: DELETE FROM `student` WHERE ( id=7 ) [ RunTime:0.0550s ]
INFO: [ app_end ] --START--
INFO: Run Behavior\ShowPageTraceBehavior [ RunTime:0.001000s ]
INFO: [ app_end ] --END-- [ RunTime:0.001000s ]

[ 2017-11-25T14:57:49+08:00 ] ::1 /thinkphp/index.php/Home/Index/editTable.html
INFO: [ app_begin ] --START--
INFO: Run Behavior\ReadHtmlCacheBehavior [ RunTime:0.001000s ]
INFO: [ app_begin ] --END-- [ RunTime:0.001000s ]
SQL: SHOW COLUMNS FROM `student` [ RunTime:0.0050s ]
SQL: INSERT INTO `student` (`name`,`picture`,`updated_at`,`created_at`) VALUES ('王五','呵呵','2017-11-25 14:57:49','2017-11-25 14:57:49') [ RunTime:0.3670s ]
INFO: [ app_end ] --START--
INFO: Run Behavior\ShowPageTraceBehavior [ RunTime:0.002000s ]
INFO: [ app_end ] --END-- [ RunTime:0.002000s ]

