[ 2018-03-06T17:47:02+08:00 ] ::1 /xhust/thinkphp/index.php
INFO: [ app_init ] --START--
INFO: Run Behavior\BuildLiteBehavior [ RunTime:0.000000s ]
INFO: [ app_init ] --END-- [ RunTime:0.001000s ]
INFO: [ app_begin ] --START--
INFO: Run Behavior\ReadHtmlCacheBehavior [ RunTime:0.001000s ]
INFO: [ app_begin ] --END-- [ RunTime:0.001000s ]
INFO: [ view_parse ] --START--
INFO: [ template_filter ] --START--
INFO: Run Behavior\ContentReplaceBehavior [ RunTime:0.000000s ]
INFO: [ template_filter ] --END-- [ RunTime:0.000000s ]
NOTIC: [8] Undefined index: HTTP_X_REAL_IP F:\web\httpd-2.4\Apache24\htdocs\xhust\thinkphp\ThinkPHP\Common\functions.php 第 1456 行.
INFO: [ view_parse ] --START--
INFO: [ template_filter ] --START--
INFO: Run Behavior\ContentReplaceBehavior [ RunTime:0.000000s ]
INFO: [ template_filter ] --END-- [ RunTime:-4.618264s ]
INFO: Run Behavior\ParseTemplateBehavior [ RunTime:0.079005s ]
INFO: [ view_parse ] --END-- [ RunTime:0.079005s ]
INFO: [ view_filter ] --START--
INFO: Run Behavior\WriteHtmlCacheBehavior [ RunTime:0.001000s ]
INFO: [ view_filter ] --END-- [ RunTime:0.001000s ]
SQL: SHOW COLUMNS FROM `x_apps` [ RunTime:0.0290s ]
SQL: SELECT * FROM `x_apps` WHERE ( status=1 ) LIMIT 0,8   [ RunTime:0.0000s ]
SQL: SELECT COUNT(*) AS tp_count FROM `x_apps` WHERE ( status=1 ) LIMIT 1   [ RunTime:0.0010s ]
SQL: SELECT * FROM `x_apps` WHERE ( status=1 ) ORDER BY love_times desc LIMIT 5   [ RunTime:0.0010s ]
INFO: [ view_parse ] --START--
INFO: [ template_filter ] --START--
INFO: Run Behavior\ContentReplaceBehavior [ RunTime:0.000000s ]
INFO: [ template_filter ] --END-- [ RunTime:-4.707269s ]
INFO: Run Behavior\ParseTemplateBehavior [ RunTime:0.030002s ]
INFO: [ view_parse ] --END-- [ RunTime:-0.074004s ]
INFO: [ view_filter ] --START--
INFO: Run Behavior\WriteHtmlCacheBehavior [ RunTime:0.000000s ]
INFO: [ view_filter ] --END-- [ RunTime:-0.103006s ]
SQL: SHOW COLUMNS FROM `x_article` [ RunTime:0.0540s ]
SQL: SELECT COUNT(*) AS tp_count FROM `x_article` WHERE `status` = 1 LIMIT 1   [ RunTime:0.0010s ]
SQL: SELECT * FROM `x_article` WHERE `status` = 1 ORDER BY created_at desc LIMIT 0,4   [ RunTime:0.0010s ]
SQL: SELECT `id`,`title`,`author`,`created_at`,`read_times`,`love_times` FROM `x_article` WHERE `status` = 1 ORDER BY read_times desc LIMIT 5   [ RunTime:0.0000s ]
INFO: [ view_parse ] --START--
INFO: [ template_filter ] --START--
INFO: Run Behavior\ContentReplaceBehavior [ RunTime:0.000000s ]
INFO: [ template_filter ] --END-- [ RunTime:-4.806274s ]
SQL: SELECT `id`,`title`,`author`,`created_at`,`read_times`,`love_times` FROM `x_article` WHERE `status` = 1 ORDER BY read_times desc LIMIT 5   [ RunTime:0.0000s ]
INFO: [ view_parse ] --START--
INFO: [ template_filter ] --START--
INFO: Run Behavior\ContentReplaceBehavior [ RunTime:0.000000s ]
INFO: [ template_filter ] --END-- [ RunTime:-4.849277s ]
INFO: Run Behavior\ParseTemplateBehavior [ RunTime:0.014001s ]
INFO: [ view_parse ] --END-- [ RunTime:-0.217012s ]
INFO: [ view_filter ] --START--
INFO: Run Behavior\WriteHtmlCacheBehavior [ RunTime:0.000000s ]
INFO: [ view_filter ] --END-- [ RunTime:-0.230013s ]
INFO: Run Behavior\ParseTemplateBehavior [ RunTime:0.015001s ]
INFO: [ view_parse ] --END-- [ RunTime:-0.217012s ]
INFO: [ view_filter ] --START--
INFO: Run Behavior\WriteHtmlCacheBehavior [ RunTime:0.000000s ]
INFO: [ view_filter ] --END-- [ RunTime:-0.231013s ]
SQL: SHOW COLUMNS FROM `x_comment` [ RunTime:0.0230s ]
SQL: SELECT COUNT(*) AS tp_count FROM `x_comment` WHERE `pid` = 0 AND `status` = 1 AND `app_id` = 0 AND `category` = 0 LIMIT 1   [ RunTime:0.0000s ]
INFO: [ view_parse ] --START--
INFO: [ template_filter ] --START--
INFO: Run Behavior\ContentReplaceBehavior [ RunTime:0.000000s ]
INFO: [ template_filter ] --END-- [ RunTime:-4.877279s ]
SQL: SHOW COLUMNS FROM `x_comment` [ RunTime:0.0070s ]
NOTIC: [8] Only variables should be passed by reference F:\web\httpd-2.4\Apache24\htdocs\xhust\thinkphp\Application\Home\Widget\CommentWidget.class.php 第 20 行.
SQL: SELECT * FROM `x_comment` WHERE `pid` = 0 AND `status` = 1 AND `app_id` = 0 AND `category` = 0 LIMIT 0,4   [ RunTime:0.0010s ]
SQL: SELECT * FROM `x_comment` WHERE `pid` = 65 AND `status` = 1 AND `app_id` = 0 AND `category` = 0  [ RunTime:0.0010s ]
SQL: SELECT * FROM `x_comment` WHERE `pid` = 66 AND `status` = 1 AND `app_id` = 0 AND `category` = 0  [ RunTime:0.0000s ]
SQL: SELECT * FROM `x_comment` WHERE `pid` = 72 AND `status` = 1 AND `app_id` = 0 AND `category` = 0  [ RunTime:0.0010s ]
SQL: SELECT * FROM `x_comment` WHERE `pid` = 73 AND `status` = 1 AND `app_id` = 0 AND `category` = 0  [ RunTime:0.0000s ]
INFO: [ view_parse ] --START--
INFO: [ template_filter ] --START--
INFO: Run Behavior\ContentReplaceBehavior [ RunTime:0.000000s ]
INFO: [ template_filter ] --END-- [ RunTime:-6.031345s ]
INFO: Run Behavior\ParseTemplateBehavior [ RunTime:0.003001s ]
INFO: [ view_parse ] --END-- [ RunTime:-1.410080s ]
INFO: [ view_filter ] --START--
INFO: Run Behavior\WriteHtmlCacheBehavior [ RunTime:0.000000s ]
INFO: [ view_filter ] --END-- [ RunTime:-1.412081s ]
INFO: Run Behavior\ParseTemplateBehavior [ RunTime:0.003001s ]
INFO: [ view_parse ] --END-- [ RunTime:-1.410080s ]
INFO: [ view_filter ] --START--
INFO: Run Behavior\WriteHtmlCacheBehavior [ RunTime:0.000000s ]
INFO: [ view_filter ] --END-- [ RunTime:-1.412081s ]
NOTIC: [8] Undefined variable: contact F:\web\httpd-2.4\Apache24\htdocs\xhust\thinkphp\Application\Runtime\Cache\Home\2a94b8bda04ff446dcedd42276fc99ee.php 第 182 行.
INFO: Run Behavior\ParseTemplateBehavior [ RunTime:0.003001s ]
INFO: [ view_parse ] --END-- [ RunTime:-1.410080s ]
INFO: [ view_filter ] --START--
INFO: Run Behavior\WriteHtmlCacheBehavior [ RunTime:0.000000s ]
INFO: [ view_filter ] --END-- [ RunTime:-1.412081s ]
INFO: [ app_end ] --START--
INFO: Run Behavior\ShowPageTraceBehavior [ RunTime:0.002000s ]
INFO: [ app_end ] --END-- [ RunTime:0.002000s ]

[ 2018-03-06T18:10:27+08:00 ] ::1 /xhust/thinkphp/index.php/Home/AppList/getApp.html
INFO: [ app_init ] --START--
INFO: Run Behavior\BuildLiteBehavior [ RunTime:0.000000s ]
INFO: [ app_init ] --END-- [ RunTime:0.001000s ]
INFO: [ app_begin ] --START--
INFO: Run Behavior\ReadHtmlCacheBehavior [ RunTime:0.000000s ]
INFO: [ app_begin ] --END-- [ RunTime:0.002000s ]
SQL: SHOW COLUMNS FROM `x_apps` [ RunTime:0.0080s ]
SQL: SELECT * FROM `x_apps` WHERE `status` = 1 LIMIT 8,8   [ RunTime:0.0010s ]

[ 2018-03-06T19:17:37+08:00 ] ::1 /xhust/thinkphp/index.php/Home/Index/addHeart.html
INFO: [ app_init ] --START--
INFO: Run Behavior\BuildLiteBehavior [ RunTime:0.000000s ]
INFO: [ app_init ] --END-- [ RunTime:0.000000s ]
INFO: [ app_begin ] --START--
INFO: Run Behavior\ReadHtmlCacheBehavior [ RunTime:0.001000s ]
INFO: [ app_begin ] --END-- [ RunTime:0.001000s ]
SQL: SHOW COLUMNS FROM `x_apps` [ RunTime:0.0050s ]
SQL: SELECT `love_times` FROM `x_apps` WHERE `id` = 10 AND `status` = 1 LIMIT 1   [ RunTime:0.0000s ]
SQL: UPDATE `x_apps` SET `love_times`='3' WHERE `id` = 10 AND `status` = 1 [ RunTime:0.3440s ]

[ 2018-03-06T19:17:38+08:00 ] ::1 /xhust/thinkphp/index.php/Home/Index/addHeart.html
INFO: [ app_init ] --START--
INFO: Run Behavior\BuildLiteBehavior [ RunTime:0.000000s ]
INFO: [ app_init ] --END-- [ RunTime:0.001000s ]
INFO: [ app_begin ] --START--
INFO: Run Behavior\ReadHtmlCacheBehavior [ RunTime:0.001000s ]
INFO: [ app_begin ] --END-- [ RunTime:0.001000s ]
SQL: SHOW COLUMNS FROM `x_apps` [ RunTime:0.1530s ]
SQL: SELECT `love_times` FROM `x_apps` WHERE `id` = 10 AND `status` = 1 LIMIT 1   [ RunTime:0.0000s ]
SQL: UPDATE `x_apps` SET `love_times`='4' WHERE `id` = 10 AND `status` = 1 [ RunTime:0.1300s ]

[ 2018-03-06T21:35:10+08:00 ] ::1 /xhust/thinkphp/index.php
INFO: [ app_init ] --START--
INFO: Run Behavior\BuildLiteBehavior [ RunTime:0.000000s ]
INFO: [ app_init ] --END-- [ RunTime:0.001000s ]
INFO: [ app_begin ] --START--
INFO: Run Behavior\ReadHtmlCacheBehavior [ RunTime:0.001000s ]
INFO: [ app_begin ] --END-- [ RunTime:0.002000s ]
INFO: [ view_parse ] --START--
INFO: [ template_filter ] --START--
INFO: Run Behavior\ContentReplaceBehavior [ RunTime:0.000000s ]
INFO: [ template_filter ] --END-- [ RunTime:0.000000s ]
NOTIC: [8] Undefined index: HTTP_X_REAL_IP F:\web\httpd-2.4\Apache24\htdocs\xhust\thinkphp\ThinkPHP\Common\functions.php 第 1456 行.
INFO: [ view_parse ] --START--
INFO: [ template_filter ] --START--
INFO: Run Behavior\ContentReplaceBehavior [ RunTime:0.000000s ]
INFO: [ template_filter ] --END-- [ RunTime:-2.004115s ]
INFO: Run Behavior\ParseTemplateBehavior [ RunTime:0.003000s ]
INFO: [ view_parse ] --END-- [ RunTime:0.003000s ]
INFO: [ view_filter ] --START--
INFO: Run Behavior\WriteHtmlCacheBehavior [ RunTime:0.001000s ]
INFO: [ view_filter ] --END-- [ RunTime:0.001000s ]
SQL: SHOW COLUMNS FROM `x_apps` [ RunTime:0.0070s ]
SQL: SELECT * FROM `x_apps` WHERE ( status=1 ) LIMIT 0,8   [ RunTime:0.0030s ]
SQL: SELECT COUNT(*) AS tp_count FROM `x_apps` WHERE ( status=1 ) LIMIT 1   [ RunTime:0.0000s ]
SQL: SELECT * FROM `x_apps` WHERE ( status=1 ) ORDER BY love_times desc LIMIT 5   [ RunTime:0.0010s ]
INFO: [ view_parse ] --START--
INFO: [ template_filter ] --START--
INFO: Run Behavior\ContentReplaceBehavior [ RunTime:0.000000s ]
INFO: [ template_filter ] --END-- [ RunTime:-2.173125s ]
INFO: Run Behavior\ParseTemplateBehavior [ RunTime:0.010001s ]
INFO: [ view_parse ] --END-- [ RunTime:-0.164009s ]
INFO: [ view_filter ] --START--
INFO: Run Behavior\WriteHtmlCacheBehavior [ RunTime:0.000000s ]
INFO: [ view_filter ] --END-- [ RunTime:-0.173010s ]
SQL: SHOW COLUMNS FROM `x_article` [ RunTime:0.0130s ]
SQL: SELECT COUNT(*) AS tp_count FROM `x_article` WHERE `status` = 1 LIMIT 1   [ RunTime:0.0000s ]
SQL: SELECT * FROM `x_article` WHERE `status` = 1 ORDER BY created_at desc LIMIT 0,4   [ RunTime:0.0000s ]
SQL: SELECT `id`,`title`,`author`,`created_at`,`read_times`,`love_times` FROM `x_article` WHERE `status` = 1 ORDER BY read_times desc LIMIT 5   [ RunTime:0.0000s ]
INFO: [ view_parse ] --START--
INFO: [ template_filter ] --START--
INFO: Run Behavior\ContentReplaceBehavior [ RunTime:0.000000s ]
INFO: [ template_filter ] --END-- [ RunTime:-2.200126s ]
SQL: SELECT `id`,`title`,`author`,`created_at`,`read_times`,`love_times` FROM `x_article` WHERE `status` = 1 ORDER BY read_times desc LIMIT 5   [ RunTime:0.0020s ]
INFO: [ view_parse ] --START--
INFO: [ template_filter ] --START--
INFO: Run Behavior\ContentReplaceBehavior [ RunTime:0.000000s ]
INFO: [ template_filter ] --END-- [ RunTime:-2.210127s ]
INFO: Run Behavior\ParseTemplateBehavior [ RunTime:0.004000s ]
INFO: [ view_parse ] --END-- [ RunTime:-0.202012s ]
INFO: [ view_filter ] --START--
INFO: Run Behavior\WriteHtmlCacheBehavior [ RunTime:0.000000s ]
INFO: [ view_filter ] --END-- [ RunTime:-0.205012s ]
INFO: Run Behavior\ParseTemplateBehavior [ RunTime:0.004000s ]
INFO: [ view_parse ] --END-- [ RunTime:-0.202012s ]
INFO: [ view_filter ] --START--
INFO: Run Behavior\WriteHtmlCacheBehavior [ RunTime:0.000000s ]
INFO: [ view_filter ] --END-- [ RunTime:-0.205012s ]
SQL: SHOW COLUMNS FROM `x_comment` [ RunTime:0.0110s ]
SQL: SELECT COUNT(*) AS tp_count FROM `x_comment` WHERE `pid` = 0 AND `status` = 1 AND `app_id` = 0 AND `category` = 0 LIMIT 1   [ RunTime:0.0010s ]
INFO: [ view_parse ] --START--
INFO: [ template_filter ] --START--
INFO: Run Behavior\ContentReplaceBehavior [ RunTime:0.000000s ]
INFO: [ template_filter ] --END-- [ RunTime:-2.230128s ]
SQL: SHOW COLUMNS FROM `x_comment` [ RunTime:0.0080s ]
NOTIC: [8] Only variables should be passed by reference F:\web\httpd-2.4\Apache24\htdocs\xhust\thinkphp\Application\Home\Widget\CommentWidget.class.php 第 20 行.
SQL: SELECT * FROM `x_comment` WHERE `pid` = 0 AND `status` = 1 AND `app_id` = 0 AND `category` = 0 LIMIT 0,4   [ RunTime:0.0000s ]
SQL: SELECT * FROM `x_comment` WHERE `pid` = 65 AND `status` = 1 AND `app_id` = 0 AND `category` = 0  [ RunTime:0.0010s ]
SQL: SELECT * FROM `x_comment` WHERE `pid` = 66 AND `status` = 1 AND `app_id` = 0 AND `category` = 0  [ RunTime:0.0040s ]
SQL: SELECT * FROM `x_comment` WHERE `pid` = 72 AND `status` = 1 AND `app_id` = 0 AND `category` = 0  [ RunTime:0.0010s ]
SQL: SELECT * FROM `x_comment` WHERE `pid` = 73 AND `status` = 1 AND `app_id` = 0 AND `category` = 0  [ RunTime:0.0010s ]
INFO: [ view_parse ] --START--
INFO: [ template_filter ] --START--
INFO: Run Behavior\ContentReplaceBehavior [ RunTime:0.000000s ]
INFO: [ template_filter ] --END-- [ RunTime:-5.553318s ]
INFO: Run Behavior\ParseTemplateBehavior [ RunTime:0.011000s ]
INFO: [ view_parse ] --END-- [ RunTime:-3.541203s ]
INFO: [ view_filter ] --START--
INFO: Run Behavior\WriteHtmlCacheBehavior [ RunTime:0.000000s ]
INFO: [ view_filter ] --END-- [ RunTime:-3.552203s ]
INFO: Run Behavior\ParseTemplateBehavior [ RunTime:0.012000s ]
INFO: [ view_parse ] --END-- [ RunTime:-3.541203s ]
INFO: [ view_filter ] --START--
INFO: Run Behavior\WriteHtmlCacheBehavior [ RunTime:0.000000s ]
INFO: [ view_filter ] --END-- [ RunTime:-3.552203s ]
NOTIC: [8] Undefined variable: contact F:\web\httpd-2.4\Apache24\htdocs\xhust\thinkphp\Application\Runtime\Cache\Home\2a94b8bda04ff446dcedd42276fc99ee.php 第 182 行.
INFO: Run Behavior\ParseTemplateBehavior [ RunTime:0.013000s ]
INFO: [ view_parse ] --END-- [ RunTime:-3.541203s ]
INFO: [ view_filter ] --START--
INFO: Run Behavior\WriteHtmlCacheBehavior [ RunTime:0.000000s ]
INFO: [ view_filter ] --END-- [ RunTime:-3.553203s ]
INFO: [ app_end ] --START--
INFO: Run Behavior\ShowPageTraceBehavior [ RunTime:0.003001s ]
INFO: [ app_end ] --END-- [ RunTime:0.003001s ]

[ 2018-03-06T21:36:39+08:00 ] ::1 /xhust/thinkphp/index.php/Home/AppList/getApp.html
INFO: [ app_init ] --START--
INFO: Run Behavior\BuildLiteBehavior [ RunTime:0.000000s ]
INFO: [ app_init ] --END-- [ RunTime:0.001000s ]
INFO: [ app_begin ] --START--
INFO: Run Behavior\ReadHtmlCacheBehavior [ RunTime:0.001001s ]
INFO: [ app_begin ] --END-- [ RunTime:0.001001s ]
SQL: SHOW COLUMNS FROM `x_apps` [ RunTime:0.0050s ]
SQL: SELECT * FROM `x_apps` WHERE `status` = 1 LIMIT 8,8   [ RunTime:0.0010s ]

