[ 2018-09-28T19:51:48+08:00 ] ::1 /xhust/thinkphp/index.php
INFO: [ app_init ] --START--
INFO: Run Behavior\BuildLiteBehavior [ RunTime:0.000000s ]
INFO: [ app_init ] --END-- [ RunTime:0.002000s ]
INFO: [ app_begin ] --START--
INFO: Run Behavior\ReadHtmlCacheBehavior [ RunTime:0.005000s ]
INFO: [ app_begin ] --END-- [ RunTime:0.005000s ]
INFO: [ view_parse ] --START--
INFO: [ template_filter ] --START--
INFO: Run Behavior\ContentReplaceBehavior [ RunTime:0.000000s ]
INFO: [ template_filter ] --END-- [ RunTime:0.000000s ]
NOTIC: [8] Undefined index: HTTP_X_REAL_IP F:\web\httpd-2.4\Apache24\htdocs\xhust\thinkphp\ThinkPHP\Common\functions.php 第 1456 行.
INFO: [ view_parse ] --START--
INFO: [ template_filter ] --START--
INFO: Run Behavior\ContentReplaceBehavior [ RunTime:0.000000s ]
INFO: [ template_filter ] --END-- [ RunTime:-0.911052s ]
INFO: Run Behavior\ParseTemplateBehavior [ RunTime:0.020002s ]
INFO: [ view_parse ] --END-- [ RunTime:0.020002s ]
INFO: [ view_filter ] --START--
INFO: Run Behavior\WriteHtmlCacheBehavior [ RunTime:0.024001s ]
INFO: [ view_filter ] --END-- [ RunTime:0.024001s ]
SQL: SHOW COLUMNS FROM `x_apps` [ RunTime:0.9651s ]
SQL: SELECT * FROM `x_apps` WHERE ( status=1 ) LIMIT 0,16   [ RunTime:0.1040s ]
SQL: SELECT COUNT(*) AS tp_count FROM `x_apps` WHERE ( status=1 ) LIMIT 1   [ RunTime:0.0780s ]
SQL: SELECT * FROM `x_apps` WHERE ( status=1 ) ORDER BY love_times desc LIMIT 5   [ RunTime:0.0020s ]
INFO: [ view_parse ] --START--
INFO: [ template_filter ] --START--
INFO: Run Behavior\ContentReplaceBehavior [ RunTime:0.000000s ]
INFO: [ template_filter ] --END-- [ RunTime:-3.188183s ]
INFO: Run Behavior\ParseTemplateBehavior [ RunTime:0.031002s ]
INFO: [ view_parse ] --END-- [ RunTime:-2.263129s ]
INFO: [ view_filter ] --START--
INFO: Run Behavior\WriteHtmlCacheBehavior [ RunTime:0.000000s ]
INFO: [ view_filter ] --END-- [ RunTime:-2.270130s ]
SQL: SHOW COLUMNS FROM `x_article` [ RunTime:0.1870s ]
SQL: SELECT COUNT(*) AS tp_count FROM `x_article` WHERE `status` = 1 LIMIT 1   [ RunTime:0.0130s ]
SQL: SELECT * FROM `x_article` WHERE `status` = 1 ORDER BY created_at desc LIMIT 0,4   [ RunTime:0.0010s ]
SQL: SELECT `id`,`title`,`author`,`created_at`,`read_times`,`love_times` FROM `x_article` WHERE `status` = 1 ORDER BY read_times desc LIMIT 5   [ RunTime:0.0170s ]
INFO: [ view_parse ] --START--
INFO: [ template_filter ] --START--
INFO: Run Behavior\ContentReplaceBehavior [ RunTime:0.000000s ]
INFO: [ template_filter ] --END-- [ RunTime:-3.466198s ]
SQL: SELECT `id`,`title`,`author`,`created_at`,`read_times`,`love_times` FROM `x_article` WHERE `status` = 1 ORDER BY read_times desc LIMIT 5   [ RunTime:0.0010s ]
INFO: [ view_parse ] --START--
INFO: [ template_filter ] --START--
INFO: Run Behavior\ContentReplaceBehavior [ RunTime:0.000000s ]
INFO: [ template_filter ] --END-- [ RunTime:-3.539203s ]
INFO: Run Behavior\ParseTemplateBehavior [ RunTime:0.014001s ]
INFO: [ view_parse ] --END-- [ RunTime:-2.613149s ]
INFO: [ view_filter ] --START--
INFO: Run Behavior\WriteHtmlCacheBehavior [ RunTime:0.000000s ]
INFO: [ view_filter ] --END-- [ RunTime:-2.603149s ]
INFO: Run Behavior\ParseTemplateBehavior [ RunTime:0.014001s ]
INFO: [ view_parse ] --END-- [ RunTime:-2.613149s ]
INFO: [ view_filter ] --START--
INFO: Run Behavior\WriteHtmlCacheBehavior [ RunTime:0.000000s ]
INFO: [ view_filter ] --END-- [ RunTime:-2.603149s ]
SQL: SHOW COLUMNS FROM `x_comment` [ RunTime:0.1190s ]
SQL: SELECT COUNT(*) AS tp_count FROM `x_comment` WHERE `pid` = 0 AND `status` = 1 AND `app_id` = 0 AND `category` = 0 LIMIT 1   [ RunTime:0.0120s ]
INFO: [ view_parse ] --START--
INFO: [ template_filter ] --START--
INFO: Run Behavior\ContentReplaceBehavior [ RunTime:0.001000s ]
INFO: [ template_filter ] --END-- [ RunTime:-3.762215s ]
SQL: SHOW COLUMNS FROM `x_comment` [ RunTime:0.0160s ]
NOTIC: [8] Only variables should be passed by reference F:\web\httpd-2.4\Apache24\htdocs\xhust\thinkphp\Application\Home\Widget\CommentWidget.class.php 第 20 行.
SQL: SELECT * FROM `x_comment` WHERE `pid` = 0 AND `status` = 1 AND `app_id` = 0 AND `category` = 0 LIMIT 0,4   [ RunTime:0.0010s ]
SQL: SELECT * FROM `x_comment` WHERE `pid` = 65 AND `status` = 1 AND `app_id` = 0 AND `category` = 0  [ RunTime:0.0010s ]
SQL: SELECT * FROM `x_comment` WHERE `pid` = 66 AND `status` = 1 AND `app_id` = 0 AND `category` = 0  [ RunTime:0.0010s ]
SQL: SELECT * FROM `x_comment` WHERE `pid` = 72 AND `status` = 1 AND `app_id` = 0 AND `category` = 0  [ RunTime:0.0010s ]
SQL: SELECT * FROM `x_comment` WHERE `pid` = 73 AND `status` = 1 AND `app_id` = 0 AND `category` = 0  [ RunTime:0.0010s ]
INFO: [ view_parse ] --START--
INFO: [ template_filter ] --START--
INFO: Run Behavior\ContentReplaceBehavior [ RunTime:0.001000s ]
INFO: [ template_filter ] --END-- [ RunTime:-4.182239s ]
INFO: Run Behavior\ParseTemplateBehavior [ RunTime:0.023002s ]
INFO: [ view_parse ] --END-- [ RunTime:-3.249185s ]
INFO: [ view_filter ] --START--
INFO: Run Behavior\WriteHtmlCacheBehavior [ RunTime:0.000000s ]
INFO: [ view_filter ] --END-- [ RunTime:-3.248186s ]
INFO: Run Behavior\ParseTemplateBehavior [ RunTime:0.024002s ]
INFO: [ view_parse ] --END-- [ RunTime:-3.249185s ]
INFO: [ view_filter ] --START--
INFO: Run Behavior\WriteHtmlCacheBehavior [ RunTime:0.000000s ]
INFO: [ view_filter ] --END-- [ RunTime:-3.249186s ]
NOTIC: [8] Undefined variable: contact F:\web\httpd-2.4\Apache24\htdocs\xhust\thinkphp\Application\Runtime\Cache\Home\2a94b8bda04ff446dcedd42276fc99ee.php 第 181 行.
INFO: Run Behavior\ParseTemplateBehavior [ RunTime:0.024002s ]
INFO: [ view_parse ] --END-- [ RunTime:-3.249185s ]
INFO: [ view_filter ] --START--
INFO: Run Behavior\WriteHtmlCacheBehavior [ RunTime:0.000000s ]
INFO: [ view_filter ] --END-- [ RunTime:-3.249186s ]
INFO: [ app_end ] --START--
INFO: Run Behavior\ShowPageTraceBehavior [ RunTime:0.029001s ]
INFO: [ app_end ] --END-- [ RunTime:0.029001s ]

[ 2018-09-28T19:53:24+08:00 ] ::1 /xhust/thinkphp/index.php/Home/Index/index.html
INFO: [ app_init ] --START--
INFO: Run Behavior\BuildLiteBehavior [ RunTime:0.000000s ]
INFO: [ app_init ] --END-- [ RunTime:0.001000s ]
INFO: [ app_begin ] --START--
INFO: Run Behavior\ReadHtmlCacheBehavior [ RunTime:0.001001s ]
INFO: [ app_begin ] --END-- [ RunTime:0.001001s ]
INFO: [ view_parse ] --START--
INFO: [ template_filter ] --START--
INFO: Run Behavior\ContentReplaceBehavior [ RunTime:0.000000s ]
INFO: [ template_filter ] --END-- [ RunTime:0.000000s ]
NOTIC: [8] Undefined index: HTTP_X_REAL_IP F:\web\httpd-2.4\Apache24\htdocs\xhust\thinkphp\ThinkPHP\Common\functions.php 第 1456 行.
NOTIC: [2] file_get_contents(http://ip.taobao.com/service/getIpInfo.php?ip=218.197.20.20): failed to open stream: HTTP request failed! HTTP/1.1 502 Bad Gateway
 F:\web\httpd-2.4\Apache24\htdocs\xhust\thinkphp\Application\Common\Common\function.php 第 297 行.
NOTIC: [8] Trying to get property of non-object F:\web\httpd-2.4\Apache24\htdocs\xhust\thinkphp\Application\Common\Common\function.php 第 298 行.
NOTIC: [8] Trying to get property of non-object F:\web\httpd-2.4\Apache24\htdocs\xhust\thinkphp\Application\Common\Common\function.php 第 298 行.
NOTIC: [8] Trying to get property of non-object F:\web\httpd-2.4\Apache24\htdocs\xhust\thinkphp\Application\Common\Common\function.php 第 299 行.
NOTIC: [8] Trying to get property of non-object F:\web\httpd-2.4\Apache24\htdocs\xhust\thinkphp\Application\Common\Common\function.php 第 299 行.
INFO: [ view_parse ] --START--
INFO: [ template_filter ] --START--
INFO: Run Behavior\ContentReplaceBehavior [ RunTime:0.000000s ]
INFO: [ template_filter ] --END-- [ RunTime:-0.724041s ]
NOTIC: [8] Undefined index: data F:\web\httpd-2.4\Apache24\htdocs\xhust\thinkphp\Application\Runtime\Cache\Home\3f36e03cb4a38b2ed27bc75332298af5.php 第 56 行.
NOTIC: [8] Undefined index: data F:\web\httpd-2.4\Apache24\htdocs\xhust\thinkphp\Application\Runtime\Cache\Home\3f36e03cb4a38b2ed27bc75332298af5.php 第 60 行.
NOTIC: [8] Undefined index: data F:\web\httpd-2.4\Apache24\htdocs\xhust\thinkphp\Application\Runtime\Cache\Home\3f36e03cb4a38b2ed27bc75332298af5.php 第 61 行.
NOTIC: [8] Undefined index: data F:\web\httpd-2.4\Apache24\htdocs\xhust\thinkphp\Application\Runtime\Cache\Home\3f36e03cb4a38b2ed27bc75332298af5.php 第 63 行.
NOTIC: [8] Undefined index: data F:\web\httpd-2.4\Apache24\htdocs\xhust\thinkphp\Application\Runtime\Cache\Home\3f36e03cb4a38b2ed27bc75332298af5.php 第 65 行.
NOTIC: [8] Undefined index: data F:\web\httpd-2.4\Apache24\htdocs\xhust\thinkphp\Application\Runtime\Cache\Home\3f36e03cb4a38b2ed27bc75332298af5.php 第 66 行.
NOTIC: [8] Undefined index: data F:\web\httpd-2.4\Apache24\htdocs\xhust\thinkphp\Application\Runtime\Cache\Home\3f36e03cb4a38b2ed27bc75332298af5.php 第 68 行.
INFO: Run Behavior\ParseTemplateBehavior [ RunTime:0.002000s ]
INFO: [ view_parse ] --END-- [ RunTime:0.002000s ]
INFO: [ view_filter ] --START--
INFO: Run Behavior\WriteHtmlCacheBehavior [ RunTime:0.001000s ]
INFO: [ view_filter ] --END-- [ RunTime:0.001000s ]
SQL: SHOW COLUMNS FROM `x_apps` [ RunTime:0.0110s ]
SQL: SELECT * FROM `x_apps` WHERE ( status=1 ) LIMIT 0,16   [ RunTime:0.0010s ]
SQL: SELECT COUNT(*) AS tp_count FROM `x_apps` WHERE ( status=1 ) LIMIT 1   [ RunTime:0.0000s ]
SQL: SELECT * FROM `x_apps` WHERE ( status=1 ) ORDER BY love_times desc LIMIT 5   [ RunTime:0.0010s ]
INFO: [ view_parse ] --START--
INFO: [ template_filter ] --START--
INFO: Run Behavior\ContentReplaceBehavior [ RunTime:0.000000s ]
INFO: [ template_filter ] --END-- [ RunTime:-0.781044s ]
INFO: Run Behavior\ParseTemplateBehavior [ RunTime:0.011001s ]
INFO: [ view_parse ] --END-- [ RunTime:-0.052003s ]
INFO: [ view_filter ] --START--
INFO: Run Behavior\WriteHtmlCacheBehavior [ RunTime:0.000000s ]
INFO: [ view_filter ] --END-- [ RunTime:-0.062004s ]
SQL: SHOW COLUMNS FROM `x_article` [ RunTime:0.0100s ]
SQL: SELECT COUNT(*) AS tp_count FROM `x_article` WHERE `status` = 1 LIMIT 1   [ RunTime:0.0000s ]
SQL: SELECT * FROM `x_article` WHERE `status` = 1 ORDER BY created_at desc LIMIT 0,4   [ RunTime:0.0010s ]
SQL: SELECT `id`,`title`,`author`,`created_at`,`read_times`,`love_times` FROM `x_article` WHERE `status` = 1 ORDER BY read_times desc LIMIT 5   [ RunTime:0.0010s ]
INFO: [ view_parse ] --START--
INFO: [ template_filter ] --START--
INFO: Run Behavior\ContentReplaceBehavior [ RunTime:0.000000s ]
INFO: [ template_filter ] --END-- [ RunTime:-0.805046s ]
SQL: SELECT `id`,`title`,`author`,`created_at`,`read_times`,`love_times` FROM `x_article` WHERE `status` = 1 ORDER BY read_times desc LIMIT 5   [ RunTime:0.0000s ]
INFO: [ view_parse ] --START--
INFO: [ template_filter ] --START--
INFO: Run Behavior\ContentReplaceBehavior [ RunTime:0.000000s ]
INFO: [ template_filter ] --END-- [ RunTime:-0.811046s ]
INFO: Run Behavior\ParseTemplateBehavior [ RunTime:0.002000s ]
INFO: [ view_parse ] --END-- [ RunTime:-0.085005s ]
INFO: [ view_filter ] --START--
INFO: Run Behavior\WriteHtmlCacheBehavior [ RunTime:0.000000s ]
INFO: [ view_filter ] --END-- [ RunTime:-0.086005s ]
INFO: Run Behavior\ParseTemplateBehavior [ RunTime:0.002000s ]
INFO: [ view_parse ] --END-- [ RunTime:-0.085005s ]
INFO: [ view_filter ] --START--
INFO: Run Behavior\WriteHtmlCacheBehavior [ RunTime:0.000000s ]
INFO: [ view_filter ] --END-- [ RunTime:-0.086005s ]
SQL: SHOW COLUMNS FROM `x_comment` [ RunTime:0.0130s ]
SQL: SELECT COUNT(*) AS tp_count FROM `x_comment` WHERE `pid` = 0 AND `status` = 1 AND `app_id` = 0 AND `category` = 0 LIMIT 1   [ RunTime:0.0000s ]
INFO: [ view_parse ] --START--
INFO: [ template_filter ] --START--
INFO: Run Behavior\ContentReplaceBehavior [ RunTime:0.000000s ]
INFO: [ template_filter ] --END-- [ RunTime:-0.831047s ]
SQL: SHOW COLUMNS FROM `x_comment` [ RunTime:0.0100s ]
NOTIC: [8] Only variables should be passed by reference F:\web\httpd-2.4\Apache24\htdocs\xhust\thinkphp\Application\Home\Widget\CommentWidget.class.php 第 20 行.
SQL: SELECT * FROM `x_comment` WHERE `pid` = 0 AND `status` = 1 AND `app_id` = 0 AND `category` = 0 LIMIT 0,4   [ RunTime:0.0000s ]
NOTIC: [2] file_get_contents(http://ip.taobao.com/service/getIpInfo.php?ip=0.0.0.0): failed to open stream: HTTP request failed! HTTP/1.1 502 Bad Gateway
 F:\web\httpd-2.4\Apache24\htdocs\xhust\thinkphp\Application\Common\Common\function.php 第 297 行.
NOTIC: [8] Trying to get property of non-object F:\web\httpd-2.4\Apache24\htdocs\xhust\thinkphp\Application\Common\Common\function.php 第 298 行.
NOTIC: [8] Trying to get property of non-object F:\web\httpd-2.4\Apache24\htdocs\xhust\thinkphp\Application\Common\Common\function.php 第 298 行.
NOTIC: [8] Trying to get property of non-object F:\web\httpd-2.4\Apache24\htdocs\xhust\thinkphp\Application\Common\Common\function.php 第 299 行.
NOTIC: [8] Trying to get property of non-object F:\web\httpd-2.4\Apache24\htdocs\xhust\thinkphp\Application\Common\Common\function.php 第 299 行.
SQL: SELECT * FROM `x_comment` WHERE `pid` = 65 AND `status` = 1 AND `app_id` = 0 AND `category` = 0  [ RunTime:0.0010s ]
NOTIC: [2] file_get_contents(http://ip.taobao.com/service/getIpInfo.php?ip=0.0.0.0): failed to open stream: HTTP request failed! HTTP/1.1 502 Bad Gateway
 F:\web\httpd-2.4\Apache24\htdocs\xhust\thinkphp\Application\Common\Common\function.php 第 297 行.
NOTIC: [8] Trying to get property of non-object F:\web\httpd-2.4\Apache24\htdocs\xhust\thinkphp\Application\Common\Common\function.php 第 298 行.
NOTIC: [8] Trying to get property of non-object F:\web\httpd-2.4\Apache24\htdocs\xhust\thinkphp\Application\Common\Common\function.php 第 298 行.
NOTIC: [8] Trying to get property of non-object F:\web\httpd-2.4\Apache24\htdocs\xhust\thinkphp\Application\Common\Common\function.php 第 299 行.
NOTIC: [8] Trying to get property of non-object F:\web\httpd-2.4\Apache24\htdocs\xhust\thinkphp\Application\Common\Common\function.php 第 299 行.
SQL: SELECT * FROM `x_comment` WHERE `pid` = 66 AND `status` = 1 AND `app_id` = 0 AND `category` = 0  [ RunTime:0.0000s ]
NOTIC: [2] file_get_contents(http://ip.taobao.com/service/getIpInfo.php?ip=0.0.0.0): failed to open stream: HTTP request failed! HTTP/1.1 502 Bad Gateway
 F:\web\httpd-2.4\Apache24\htdocs\xhust\thinkphp\Application\Common\Common\function.php 第 297 行.
NOTIC: [8] Trying to get property of non-object F:\web\httpd-2.4\Apache24\htdocs\xhust\thinkphp\Application\Common\Common\function.php 第 298 行.
NOTIC: [8] Trying to get property of non-object F:\web\httpd-2.4\Apache24\htdocs\xhust\thinkphp\Application\Common\Common\function.php 第 298 行.
NOTIC: [8] Trying to get property of non-object F:\web\httpd-2.4\Apache24\htdocs\xhust\thinkphp\Application\Common\Common\function.php 第 299 行.
NOTIC: [8] Trying to get property of non-object F:\web\httpd-2.4\Apache24\htdocs\xhust\thinkphp\Application\Common\Common\function.php 第 299 行.
SQL: SELECT * FROM `x_comment` WHERE `pid` = 72 AND `status` = 1 AND `app_id` = 0 AND `category` = 0  [ RunTime:0.0010s ]
NOTIC: [2] file_get_contents(http://ip.taobao.com/service/getIpInfo.php?ip=0.0.0.0): failed to open stream: HTTP request failed! HTTP/1.1 502 Bad Gateway
 F:\web\httpd-2.4\Apache24\htdocs\xhust\thinkphp\Application\Common\Common\function.php 第 297 行.
NOTIC: [8] Trying to get property of non-object F:\web\httpd-2.4\Apache24\htdocs\xhust\thinkphp\Application\Common\Common\function.php 第 298 行.
NOTIC: [8] Trying to get property of non-object F:\web\httpd-2.4\Apache24\htdocs\xhust\thinkphp\Application\Common\Common\function.php 第 298 行.
NOTIC: [8] Trying to get property of non-object F:\web\httpd-2.4\Apache24\htdocs\xhust\thinkphp\Application\Common\Common\function.php 第 299 行.
NOTIC: [8] Trying to get property of non-object F:\web\httpd-2.4\Apache24\htdocs\xhust\thinkphp\Application\Common\Common\function.php 第 299 行.
SQL: SELECT * FROM `x_comment` WHERE `pid` = 73 AND `status` = 1 AND `app_id` = 0 AND `category` = 0  [ RunTime:0.0000s ]
INFO: [ view_parse ] --START--
INFO: [ template_filter ] --START--
INFO: Run Behavior\ContentReplaceBehavior [ RunTime:0.000000s ]
INFO: [ template_filter ] --END-- [ RunTime:-1.045059s ]
INFO: Run Behavior\ParseTemplateBehavior [ RunTime:0.005001s ]
INFO: [ view_parse ] --END-- [ RunTime:-0.317018s ]
INFO: [ view_filter ] --START--
INFO: Run Behavior\WriteHtmlCacheBehavior [ RunTime:0.000000s ]
INFO: [ view_filter ] --END-- [ RunTime:-0.321019s ]
INFO: Run Behavior\ParseTemplateBehavior [ RunTime:0.005001s ]
INFO: [ view_parse ] --END-- [ RunTime:-0.317018s ]
INFO: [ view_filter ] --START--
INFO: Run Behavior\WriteHtmlCacheBehavior [ RunTime:0.000000s ]
INFO: [ view_filter ] --END-- [ RunTime:-0.321019s ]
NOTIC: [8] Undefined variable: contact F:\web\httpd-2.4\Apache24\htdocs\xhust\thinkphp\Application\Runtime\Cache\Home\2a94b8bda04ff446dcedd42276fc99ee.php 第 181 行.
INFO: Run Behavior\ParseTemplateBehavior [ RunTime:0.006001s ]
INFO: [ view_parse ] --END-- [ RunTime:-0.317018s ]
INFO: [ view_filter ] --START--
INFO: Run Behavior\WriteHtmlCacheBehavior [ RunTime:0.000000s ]
INFO: [ view_filter ] --END-- [ RunTime:-0.322019s ]
INFO: [ app_end ] --START--
INFO: Run Behavior\ShowPageTraceBehavior [ RunTime:0.001000s ]
INFO: [ app_end ] --END-- [ RunTime:0.002000s ]

