[ 2018-03-08T08:58:56+08:00 ] ::1 /xhust/thinkphp/index.php
INFO: [ app_init ] --START--
INFO: Run Behavior\BuildLiteBehavior [ RunTime:0.000000s ]
INFO: [ app_init ] --END-- [ RunTime:0.001000s ]
INFO: [ app_begin ] --START--
INFO: Run Behavior\ReadHtmlCacheBehavior [ RunTime:0.001000s ]
INFO: [ app_begin ] --END-- [ RunTime:0.002000s ]
INFO: [ view_parse ] --START--
INFO: [ template_filter ] --START--
INFO: Run Behavior\ContentReplaceBehavior [ RunTime:0.000000s ]
INFO: [ template_filter ] --END-- [ RunTime:0.000000s ]
NOTIC: [8] Undefined index: HTTP_X_REAL_IP F:\web\httpd-2.4\Apache24\htdocs\xhust\thinkphp\ThinkPHP\Common\functions.php 第 1456 行.
INFO: [ view_parse ] --START--
INFO: [ template_filter ] --START--
INFO: Run Behavior\ContentReplaceBehavior [ RunTime:0.000000s ]
INFO: [ template_filter ] --END-- [ RunTime:-2.028116s ]
INFO: Run Behavior\ParseTemplateBehavior [ RunTime:0.139008s ]
INFO: [ view_parse ] --END-- [ RunTime:0.139008s ]
INFO: [ view_filter ] --START--
INFO: Run Behavior\WriteHtmlCacheBehavior [ RunTime:0.001000s ]
INFO: [ view_filter ] --END-- [ RunTime:0.001000s ]
SQL: SHOW COLUMNS FROM `x_apps` [ RunTime:0.2040s ]
SQL: SELECT * FROM `x_apps` WHERE ( status=1 ) LIMIT 0,8   [ RunTime:0.0010s ]
SQL: SELECT COUNT(*) AS tp_count FROM `x_apps` WHERE ( status=1 ) LIMIT 1   [ RunTime:0.0010s ]
SQL: SELECT * FROM `x_apps` WHERE ( status=1 ) ORDER BY love_times desc LIMIT 5   [ RunTime:0.0000s ]
INFO: [ view_parse ] --START--
INFO: [ template_filter ] --START--
INFO: Run Behavior\ContentReplaceBehavior [ RunTime:0.000000s ]
INFO: [ template_filter ] --END-- [ RunTime:-2.607149s ]
INFO: Run Behavior\ParseTemplateBehavior [ RunTime:0.271016s ]
INFO: [ view_parse ] --END-- [ RunTime:-0.460026s ]
INFO: [ view_filter ] --START--
INFO: Run Behavior\WriteHtmlCacheBehavior [ RunTime:0.000000s ]
INFO: [ view_filter ] --END-- [ RunTime:-0.730042s ]
SQL: SHOW COLUMNS FROM `x_article` [ RunTime:0.3850s ]
SQL: SELECT COUNT(*) AS tp_count FROM `x_article` WHERE `status` = 1 LIMIT 1   [ RunTime:0.0000s ]
SQL: SELECT * FROM `x_article` WHERE `status` = 1 ORDER BY created_at desc LIMIT 0,4   [ RunTime:0.0010s ]
SQL: SELECT `id`,`title`,`author`,`created_at`,`read_times`,`love_times` FROM `x_article` WHERE `status` = 1 ORDER BY read_times desc LIMIT 5   [ RunTime:0.0000s ]
INFO: [ view_parse ] --START--
INFO: [ template_filter ] --START--
INFO: Run Behavior\ContentReplaceBehavior [ RunTime:0.000000s ]
INFO: [ template_filter ] --END-- [ RunTime:-3.382193s ]
SQL: SELECT `id`,`title`,`author`,`created_at`,`read_times`,`love_times` FROM `x_article` WHERE `status` = 1 ORDER BY read_times desc LIMIT 5   [ RunTime:0.0000s ]
INFO: [ view_parse ] --START--
INFO: [ template_filter ] --START--
INFO: Run Behavior\ContentReplaceBehavior [ RunTime:0.000000s ]
INFO: [ template_filter ] --END-- [ RunTime:-4.294246s ]
INFO: Run Behavior\ParseTemplateBehavior [ RunTime:0.102006s ]
INFO: [ view_parse ] --END-- [ RunTime:-2.164124s ]
INFO: [ view_filter ] --START--
INFO: Run Behavior\WriteHtmlCacheBehavior [ RunTime:0.000000s ]
INFO: [ view_filter ] --END-- [ RunTime:-2.265130s ]
INFO: Run Behavior\ParseTemplateBehavior [ RunTime:0.103006s ]
INFO: [ view_parse ] --END-- [ RunTime:-2.164124s ]
INFO: [ view_filter ] --START--
INFO: Run Behavior\WriteHtmlCacheBehavior [ RunTime:0.000000s ]
INFO: [ view_filter ] --END-- [ RunTime:-2.266130s ]
SQL: SHOW COLUMNS FROM `x_comment` [ RunTime:0.2090s ]
SQL: SELECT COUNT(*) AS tp_count FROM `x_comment` WHERE `pid` = 0 AND `status` = 1 AND `app_id` = 0 AND `category` = 0 LIMIT 1   [ RunTime:0.0010s ]
INFO: [ view_parse ] --START--
INFO: [ template_filter ] --START--
INFO: Run Behavior\ContentReplaceBehavior [ RunTime:0.000000s ]
INFO: [ template_filter ] --END-- [ RunTime:-4.510258s ]
SQL: SHOW COLUMNS FROM `x_comment` [ RunTime:0.0060s ]
NOTIC: [8] Only variables should be passed by reference F:\web\httpd-2.4\Apache24\htdocs\xhust\thinkphp\Application\Home\Widget\CommentWidget.class.php 第 20 行.
SQL: SELECT * FROM `x_comment` WHERE `pid` = 0 AND `status` = 1 AND `app_id` = 0 AND `category` = 0 LIMIT 0,4   [ RunTime:0.0010s ]
SQL: SELECT * FROM `x_comment` WHERE `pid` = 65 AND `status` = 1 AND `app_id` = 0 AND `category` = 0  [ RunTime:0.0000s ]
SQL: SELECT * FROM `x_comment` WHERE `pid` = 66 AND `status` = 1 AND `app_id` = 0 AND `category` = 0  [ RunTime:0.0000s ]
SQL: SELECT * FROM `x_comment` WHERE `pid` = 72 AND `status` = 1 AND `app_id` = 0 AND `category` = 0  [ RunTime:0.0010s ]
SQL: SELECT * FROM `x_comment` WHERE `pid` = 73 AND `status` = 1 AND `app_id` = 0 AND `category` = 0  [ RunTime:0.0010s ]
INFO: [ view_parse ] --START--
INFO: [ template_filter ] --START--
INFO: Run Behavior\ContentReplaceBehavior [ RunTime:0.000000s ]
INFO: [ template_filter ] --END-- [ RunTime:-5.165295s ]
INFO: Run Behavior\ParseTemplateBehavior [ RunTime:0.004001s ]
INFO: [ view_parse ] --END-- [ RunTime:-3.133179s ]
INFO: [ view_filter ] --START--
INFO: Run Behavior\WriteHtmlCacheBehavior [ RunTime:0.000000s ]
INFO: [ view_filter ] --END-- [ RunTime:-3.136180s ]
INFO: Run Behavior\ParseTemplateBehavior [ RunTime:0.004001s ]
INFO: [ view_parse ] --END-- [ RunTime:-3.133179s ]
INFO: [ view_filter ] --START--
INFO: Run Behavior\WriteHtmlCacheBehavior [ RunTime:0.000000s ]
INFO: [ view_filter ] --END-- [ RunTime:-3.136180s ]
NOTIC: [8] Undefined variable: contact F:\web\httpd-2.4\Apache24\htdocs\xhust\thinkphp\Application\Runtime\Cache\Home\2a94b8bda04ff446dcedd42276fc99ee.php 第 182 行.
INFO: Run Behavior\ParseTemplateBehavior [ RunTime:0.005001s ]
INFO: [ view_parse ] --END-- [ RunTime:-3.133179s ]
INFO: [ view_filter ] --START--
INFO: Run Behavior\WriteHtmlCacheBehavior [ RunTime:0.000000s ]
INFO: [ view_filter ] --END-- [ RunTime:-3.137180s ]
INFO: [ app_end ] --START--
INFO: Run Behavior\ShowPageTraceBehavior [ RunTime:0.001000s ]
INFO: [ app_end ] --END-- [ RunTime:0.001000s ]

[ 2018-03-08T08:59:20+08:00 ] ::1 /xhust/thinkphp/index.php/Home/AppList/getApp.html
INFO: [ app_init ] --START--
INFO: Run Behavior\BuildLiteBehavior [ RunTime:0.000000s ]
INFO: [ app_init ] --END-- [ RunTime:0.000000s ]
INFO: [ app_begin ] --START--
INFO: Run Behavior\ReadHtmlCacheBehavior [ RunTime:0.001000s ]
INFO: [ app_begin ] --END-- [ RunTime:0.001000s ]
SQL: SHOW COLUMNS FROM `x_apps` [ RunTime:0.0050s ]
SQL: SELECT * FROM `x_apps` WHERE `status` = 1 LIMIT 8,8   [ RunTime:0.0000s ]

[ 2018-03-08T18:36:04+08:00 ] ::1 /xhust/thinkphp/index.php
INFO: [ app_init ] --START--
INFO: Run Behavior\BuildLiteBehavior [ RunTime:0.000000s ]
INFO: [ app_init ] --END-- [ RunTime:0.001000s ]
INFO: [ app_begin ] --START--
INFO: Run Behavior\ReadHtmlCacheBehavior [ RunTime:0.001000s ]
INFO: [ app_begin ] --END-- [ RunTime:0.001000s ]
INFO: [ view_parse ] --START--
INFO: [ template_filter ] --START--
INFO: Run Behavior\ContentReplaceBehavior [ RunTime:0.000000s ]
INFO: [ template_filter ] --END-- [ RunTime:0.000000s ]
NOTIC: [8] Undefined index: HTTP_X_REAL_IP F:\web\httpd-2.4\Apache24\htdocs\xhust\thinkphp\ThinkPHP\Common\functions.php 第 1456 行.
INFO: [ view_parse ] --START--
INFO: [ template_filter ] --START--
INFO: Run Behavior\ContentReplaceBehavior [ RunTime:0.000000s ]
INFO: [ template_filter ] --END-- [ RunTime:-2.282130s ]
INFO: Run Behavior\ParseTemplateBehavior [ RunTime:0.002000s ]
INFO: [ view_parse ] --END-- [ RunTime:0.002000s ]
INFO: [ view_filter ] --START--
INFO: Run Behavior\WriteHtmlCacheBehavior [ RunTime:0.001000s ]
INFO: [ view_filter ] --END-- [ RunTime:0.001000s ]
SQL: SHOW COLUMNS FROM `x_apps` [ RunTime:0.0050s ]
SQL: SELECT * FROM `x_apps` WHERE ( status=1 ) LIMIT 0,8   [ RunTime:0.0010s ]
SQL: SELECT COUNT(*) AS tp_count FROM `x_apps` WHERE ( status=1 ) LIMIT 1   [ RunTime:0.0000s ]
SQL: SELECT * FROM `x_apps` WHERE ( status=1 ) ORDER BY love_times desc LIMIT 5   [ RunTime:0.0010s ]
INFO: [ view_parse ] --START--
INFO: [ template_filter ] --START--
INFO: Run Behavior\ContentReplaceBehavior [ RunTime:0.000000s ]
INFO: [ template_filter ] --END-- [ RunTime:-2.492142s ]
INFO: Run Behavior\ParseTemplateBehavior [ RunTime:0.102005s ]
INFO: [ view_parse ] --END-- [ RunTime:-0.111007s ]
INFO: [ view_filter ] --START--
INFO: Run Behavior\WriteHtmlCacheBehavior [ RunTime:0.000000s ]
INFO: [ view_filter ] --END-- [ RunTime:-0.212012s ]
SQL: SHOW COLUMNS FROM `x_article` [ RunTime:0.0070s ]
SQL: SELECT COUNT(*) AS tp_count FROM `x_article` WHERE `status` = 1 LIMIT 1   [ RunTime:0.0000s ]
SQL: SELECT * FROM `x_article` WHERE `status` = 1 ORDER BY created_at desc LIMIT 0,4   [ RunTime:0.0000s ]
SQL: SELECT `id`,`title`,`author`,`created_at`,`read_times`,`love_times` FROM `x_article` WHERE `status` = 1 ORDER BY read_times desc LIMIT 5   [ RunTime:0.0000s ]
INFO: [ view_parse ] --START--
INFO: [ template_filter ] --START--
INFO: Run Behavior\ContentReplaceBehavior [ RunTime:0.000000s ]
INFO: [ template_filter ] --END-- [ RunTime:-2.524144s ]
SQL: SELECT `id`,`title`,`author`,`created_at`,`read_times`,`love_times` FROM `x_article` WHERE `status` = 1 ORDER BY read_times desc LIMIT 5   [ RunTime:0.0010s ]
INFO: [ view_parse ] --START--
INFO: [ template_filter ] --START--
INFO: Run Behavior\ContentReplaceBehavior [ RunTime:0.000000s ]
INFO: [ template_filter ] --END-- [ RunTime:-2.545145s ]
INFO: Run Behavior\ParseTemplateBehavior [ RunTime:0.017001s ]
INFO: [ view_parse ] --END-- [ RunTime:-0.246014s ]
INFO: [ view_filter ] --START--
INFO: Run Behavior\WriteHtmlCacheBehavior [ RunTime:0.000000s ]
INFO: [ view_filter ] --END-- [ RunTime:-0.262015s ]
INFO: Run Behavior\ParseTemplateBehavior [ RunTime:0.018001s ]
INFO: [ view_parse ] --END-- [ RunTime:-0.246014s ]
INFO: [ view_filter ] --START--
INFO: Run Behavior\WriteHtmlCacheBehavior [ RunTime:0.000000s ]
INFO: [ view_filter ] --END-- [ RunTime:-0.263015s ]
SQL: SHOW COLUMNS FROM `x_comment` [ RunTime:0.0060s ]
SQL: SELECT COUNT(*) AS tp_count FROM `x_comment` WHERE `pid` = 0 AND `status` = 1 AND `app_id` = 0 AND `category` = 0 LIMIT 1   [ RunTime:0.0010s ]
INFO: [ view_parse ] --START--
INFO: [ template_filter ] --START--
INFO: Run Behavior\ContentReplaceBehavior [ RunTime:0.000000s ]
INFO: [ template_filter ] --END-- [ RunTime:-2.556146s ]
SQL: SHOW COLUMNS FROM `x_comment` [ RunTime:0.0080s ]
NOTIC: [8] Only variables should be passed by reference F:\web\httpd-2.4\Apache24\htdocs\xhust\thinkphp\Application\Home\Widget\CommentWidget.class.php 第 20 行.
SQL: SELECT * FROM `x_comment` WHERE `pid` = 0 AND `status` = 1 AND `app_id` = 0 AND `category` = 0 LIMIT 0,4   [ RunTime:0.0010s ]
SQL: SELECT * FROM `x_comment` WHERE `pid` = 65 AND `status` = 1 AND `app_id` = 0 AND `category` = 0  [ RunTime:0.0010s ]
SQL: SELECT * FROM `x_comment` WHERE `pid` = 66 AND `status` = 1 AND `app_id` = 0 AND `category` = 0  [ RunTime:0.0010s ]
SQL: SELECT * FROM `x_comment` WHERE `pid` = 72 AND `status` = 1 AND `app_id` = 0 AND `category` = 0  [ RunTime:0.0010s ]
SQL: SELECT * FROM `x_comment` WHERE `pid` = 73 AND `status` = 1 AND `app_id` = 0 AND `category` = 0  [ RunTime:0.0010s ]
INFO: [ view_parse ] --START--
INFO: [ template_filter ] --START--
INFO: Run Behavior\ContentReplaceBehavior [ RunTime:0.000000s ]
INFO: [ template_filter ] --END-- [ RunTime:-2.884165s ]
INFO: Run Behavior\ParseTemplateBehavior [ RunTime:0.006001s ]
INFO: [ view_parse ] --END-- [ RunTime:-0.599034s ]
INFO: [ view_filter ] --START--
INFO: Run Behavior\WriteHtmlCacheBehavior [ RunTime:0.000000s ]
INFO: [ view_filter ] --END-- [ RunTime:-0.604035s ]
INFO: Run Behavior\ParseTemplateBehavior [ RunTime:0.007001s ]
INFO: [ view_parse ] --END-- [ RunTime:-0.599034s ]
INFO: [ view_filter ] --START--
INFO: Run Behavior\WriteHtmlCacheBehavior [ RunTime:0.000000s ]
INFO: [ view_filter ] --END-- [ RunTime:-0.605035s ]
NOTIC: [8] Undefined variable: contact F:\web\httpd-2.4\Apache24\htdocs\xhust\thinkphp\Application\Runtime\Cache\Home\2a94b8bda04ff446dcedd42276fc99ee.php 第 182 行.
INFO: Run Behavior\ParseTemplateBehavior [ RunTime:0.007001s ]
INFO: [ view_parse ] --END-- [ RunTime:-0.599034s ]
INFO: [ view_filter ] --START--
INFO: Run Behavior\WriteHtmlCacheBehavior [ RunTime:0.000000s ]
INFO: [ view_filter ] --END-- [ RunTime:-0.605035s ]
INFO: [ app_end ] --START--
INFO: Run Behavior\ShowPageTraceBehavior [ RunTime:0.001000s ]
INFO: [ app_end ] --END-- [ RunTime:0.002000s ]

[ 2018-03-08T18:36:11+08:00 ] ::1 /xhust/thinkphp/index.php/Home/AppList/getApp.html
INFO: [ app_init ] --START--
INFO: Run Behavior\BuildLiteBehavior [ RunTime:0.000000s ]
INFO: [ app_init ] --END-- [ RunTime:0.002000s ]
INFO: [ app_begin ] --START--
INFO: Run Behavior\ReadHtmlCacheBehavior [ RunTime:0.002000s ]
INFO: [ app_begin ] --END-- [ RunTime:0.002000s ]
SQL: SHOW COLUMNS FROM `x_apps` [ RunTime:0.0180s ]
SQL: SELECT * FROM `x_apps` WHERE `status` = 1 LIMIT 8,8   [ RunTime:0.0020s ]

[ 2018-03-08T19:50:04+08:00 ] ::1 /xhust/thinkphp/index.php/Home/AppList/getApp.html
INFO: [ app_init ] --START--
INFO: Run Behavior\BuildLiteBehavior [ RunTime:0.000000s ]
INFO: [ app_init ] --END-- [ RunTime:0.000000s ]
INFO: [ app_begin ] --START--
INFO: Run Behavior\ReadHtmlCacheBehavior [ RunTime:0.001000s ]
INFO: [ app_begin ] --END-- [ RunTime:0.001000s ]
SQL: SHOW COLUMNS FROM `x_apps` [ RunTime:0.0080s ]
SQL: SELECT * FROM `x_apps` WHERE `status` = 1 LIMIT 0,8   [ RunTime:0.0010s ]

[ 2018-03-08T19:58:46+08:00 ] ::1 /xhust/thinkphp/index.php
INFO: [ app_init ] --START--
INFO: Run Behavior\BuildLiteBehavior [ RunTime:0.000000s ]
INFO: [ app_init ] --END-- [ RunTime:0.001000s ]
INFO: [ app_begin ] --START--
INFO: Run Behavior\ReadHtmlCacheBehavior [ RunTime:0.001000s ]
INFO: [ app_begin ] --END-- [ RunTime:0.002001s ]
INFO: [ view_parse ] --START--
INFO: [ template_filter ] --START--
INFO: Run Behavior\ContentReplaceBehavior [ RunTime:0.001000s ]
INFO: [ template_filter ] --END-- [ RunTime:0.001000s ]
NOTIC: [8] Undefined index: HTTP_X_REAL_IP F:\web\httpd-2.4\Apache24\htdocs\xhust\thinkphp\ThinkPHP\Common\functions.php 第 1456 行.
INFO: [ view_parse ] --START--
INFO: [ template_filter ] --START--
INFO: Run Behavior\ContentReplaceBehavior [ RunTime:0.000000s ]
INFO: [ template_filter ] --END-- [ RunTime:-1.207069s ]
INFO: Run Behavior\ParseTemplateBehavior [ RunTime:0.004000s ]
INFO: [ view_parse ] --END-- [ RunTime:0.004000s ]
INFO: [ view_filter ] --START--
INFO: Run Behavior\WriteHtmlCacheBehavior [ RunTime:0.001000s ]
INFO: [ view_filter ] --END-- [ RunTime:0.001000s ]
SQL: SHOW COLUMNS FROM `x_apps` [ RunTime:0.1460s ]
SQL: SELECT * FROM `x_apps` WHERE ( status=1 ) LIMIT 0,8   [ RunTime:0.0010s ]
SQL: SELECT COUNT(*) AS tp_count FROM `x_apps` WHERE ( status=1 ) LIMIT 1   [ RunTime:0.0000s ]
SQL: SELECT * FROM `x_apps` WHERE ( status=1 ) ORDER BY love_times desc LIMIT 5   [ RunTime:0.0010s ]
INFO: [ view_parse ] --START--
INFO: [ template_filter ] --START--
INFO: Run Behavior\ContentReplaceBehavior [ RunTime:0.000000s ]
INFO: [ template_filter ] --END-- [ RunTime:-1.394080s ]
INFO: Run Behavior\ParseTemplateBehavior [ RunTime:0.007000s ]
INFO: [ view_parse ] --END-- [ RunTime:-0.182011s ]
INFO: [ view_filter ] --START--
INFO: Run Behavior\WriteHtmlCacheBehavior [ RunTime:0.000000s ]
INFO: [ view_filter ] --END-- [ RunTime:-0.189011s ]
SQL: SHOW COLUMNS FROM `x_article` [ RunTime:0.0060s ]
SQL: SELECT COUNT(*) AS tp_count FROM `x_article` WHERE `status` = 1 LIMIT 1   [ RunTime:0.0010s ]
SQL: SELECT * FROM `x_article` WHERE `status` = 1 ORDER BY created_at desc LIMIT 0,4   [ RunTime:0.0010s ]
SQL: SELECT `id`,`title`,`author`,`created_at`,`read_times`,`love_times` FROM `x_article` WHERE `status` = 1 ORDER BY read_times desc LIMIT 5   [ RunTime:0.0000s ]
INFO: [ view_parse ] --START--
INFO: [ template_filter ] --START--
INFO: Run Behavior\ContentReplaceBehavior [ RunTime:0.000000s ]
INFO: [ template_filter ] --END-- [ RunTime:-1.411081s ]
SQL: SELECT `id`,`title`,`author`,`created_at`,`read_times`,`love_times` FROM `x_article` WHERE `status` = 1 ORDER BY read_times desc LIMIT 5   [ RunTime:0.0010s ]
INFO: [ view_parse ] --START--
INFO: [ template_filter ] --START--
INFO: Run Behavior\ContentReplaceBehavior [ RunTime:0.000000s ]
INFO: [ template_filter ] --END-- [ RunTime:-1.418081s ]
INFO: Run Behavior\ParseTemplateBehavior [ RunTime:0.004000s ]
INFO: [ view_parse ] --END-- [ RunTime:-0.207012s ]
INFO: [ view_filter ] --START--
INFO: Run Behavior\WriteHtmlCacheBehavior [ RunTime:0.000000s ]
INFO: [ view_filter ] --END-- [ RunTime:-0.210012s ]
INFO: Run Behavior\ParseTemplateBehavior [ RunTime:0.004000s ]
INFO: [ view_parse ] --END-- [ RunTime:-0.207012s ]
INFO: [ view_filter ] --START--
INFO: Run Behavior\WriteHtmlCacheBehavior [ RunTime:0.000000s ]
INFO: [ view_filter ] --END-- [ RunTime:-0.210012s ]
SQL: SHOW COLUMNS FROM `x_comment` [ RunTime:0.0090s ]
SQL: SELECT COUNT(*) AS tp_count FROM `x_comment` WHERE `pid` = 0 AND `status` = 1 AND `app_id` = 0 AND `category` = 0 LIMIT 1   [ RunTime:0.0010s ]
INFO: [ view_parse ] --START--
INFO: [ template_filter ] --START--
INFO: Run Behavior\ContentReplaceBehavior [ RunTime:0.000000s ]
INFO: [ template_filter ] --END-- [ RunTime:-1.434082s ]
SQL: SHOW COLUMNS FROM `x_comment` [ RunTime:0.0090s ]
NOTIC: [8] Only variables should be passed by reference F:\web\httpd-2.4\Apache24\htdocs\xhust\thinkphp\Application\Home\Widget\CommentWidget.class.php 第 20 行.
SQL: SELECT * FROM `x_comment` WHERE `pid` = 0 AND `status` = 1 AND `app_id` = 0 AND `category` = 0 LIMIT 0,4   [ RunTime:0.0000s ]
SQL: SELECT * FROM `x_comment` WHERE `pid` = 65 AND `status` = 1 AND `app_id` = 0 AND `category` = 0  [ RunTime:0.0000s ]
SQL: SELECT * FROM `x_comment` WHERE `pid` = 66 AND `status` = 1 AND `app_id` = 0 AND `category` = 0  [ RunTime:0.0020s ]
SQL: SELECT * FROM `x_comment` WHERE `pid` = 72 AND `status` = 1 AND `app_id` = 0 AND `category` = 0  [ RunTime:0.0020s ]
SQL: SELECT * FROM `x_comment` WHERE `pid` = 73 AND `status` = 1 AND `app_id` = 0 AND `category` = 0  [ RunTime:0.0020s ]
INFO: [ view_parse ] --START--
INFO: [ template_filter ] --START--
INFO: Run Behavior\ContentReplaceBehavior [ RunTime:0.000000s ]
INFO: [ template_filter ] --END-- [ RunTime:-2.107120s ]
INFO: Run Behavior\ParseTemplateBehavior [ RunTime:0.019001s ]
INFO: [ view_parse ] --END-- [ RunTime:-0.885051s ]
INFO: [ view_filter ] --START--
INFO: Run Behavior\WriteHtmlCacheBehavior [ RunTime:0.000000s ]
INFO: [ view_filter ] --END-- [ RunTime:-0.904052s ]
INFO: Run Behavior\ParseTemplateBehavior [ RunTime:0.021001s ]
INFO: [ view_parse ] --END-- [ RunTime:-0.885051s ]
INFO: [ view_filter ] --START--
INFO: Run Behavior\WriteHtmlCacheBehavior [ RunTime:0.000000s ]
INFO: [ view_filter ] --END-- [ RunTime:-0.905052s ]
NOTIC: [8] Undefined variable: contact F:\web\httpd-2.4\Apache24\htdocs\xhust\thinkphp\Application\Runtime\Cache\Home\2a94b8bda04ff446dcedd42276fc99ee.php 第 182 行.
INFO: Run Behavior\ParseTemplateBehavior [ RunTime:0.022001s ]
INFO: [ view_parse ] --END-- [ RunTime:-0.885051s ]
INFO: [ view_filter ] --START--
INFO: Run Behavior\WriteHtmlCacheBehavior [ RunTime:0.000000s ]
INFO: [ view_filter ] --END-- [ RunTime:-0.906052s ]
INFO: [ app_end ] --START--
INFO: Run Behavior\ShowPageTraceBehavior [ RunTime:0.003000s ]
INFO: [ app_end ] --END-- [ RunTime:0.003000s ]

[ 2018-03-08T19:58:50+08:00 ] ::1 /xhust/thinkphp/index.php/Home/AppList/getApp.html
INFO: [ app_init ] --START--
INFO: Run Behavior\BuildLiteBehavior [ RunTime:0.000000s ]
INFO: [ app_init ] --END-- [ RunTime:0.000000s ]
INFO: [ app_begin ] --START--
INFO: Run Behavior\ReadHtmlCacheBehavior [ RunTime:0.001000s ]
INFO: [ app_begin ] --END-- [ RunTime:0.001000s ]
SQL: SHOW COLUMNS FROM `x_apps` [ RunTime:0.0080s ]
SQL: SELECT * FROM `x_apps` WHERE `status` = 1 LIMIT 8,8   [ RunTime:0.0010s ]

[ 2018-03-08T19:58:52+08:00 ] ::1 /xhust/thinkphp/index.php/Home/AppList/getApp.html
INFO: [ app_init ] --START--
INFO: Run Behavior\BuildLiteBehavior [ RunTime:0.000000s ]
INFO: [ app_init ] --END-- [ RunTime:0.002000s ]
INFO: [ app_begin ] --START--
INFO: Run Behavior\ReadHtmlCacheBehavior [ RunTime:0.002000s ]
INFO: [ app_begin ] --END-- [ RunTime:0.002000s ]
SQL: SHOW COLUMNS FROM `x_apps` [ RunTime:0.0210s ]
SQL: SELECT * FROM `x_apps` WHERE `status` = 1 LIMIT 0,8   [ RunTime:0.0020s ]

[ 2018-03-08T19:59:01+08:00 ] ::1 /xhust/thinkphp/index.php/Home/AppList/getApp.html
INFO: [ app_init ] --START--
INFO: Run Behavior\BuildLiteBehavior [ RunTime:0.000000s ]
INFO: [ app_init ] --END-- [ RunTime:0.001000s ]
INFO: [ app_begin ] --START--
INFO: Run Behavior\ReadHtmlCacheBehavior [ RunTime:0.001000s ]
INFO: [ app_begin ] --END-- [ RunTime:0.001000s ]
SQL: SHOW COLUMNS FROM `x_apps` [ RunTime:0.0070s ]
SQL: SELECT * FROM `x_apps` WHERE `status` = 1 LIMIT 8,8   [ RunTime:0.0010s ]

[ 2018-03-08T20:00:22+08:00 ] ::1 /xhust/thinkphp/index.php
INFO: [ app_init ] --START--
INFO: Run Behavior\BuildLiteBehavior [ RunTime:0.000000s ]
INFO: [ app_init ] --END-- [ RunTime:0.001000s ]
INFO: [ app_begin ] --START--
INFO: Run Behavior\ReadHtmlCacheBehavior [ RunTime:0.001000s ]
INFO: [ app_begin ] --END-- [ RunTime:0.001000s ]
INFO: [ view_parse ] --START--
INFO: [ template_filter ] --START--
INFO: Run Behavior\ContentReplaceBehavior [ RunTime:0.000000s ]
INFO: [ template_filter ] --END-- [ RunTime:0.000000s ]
NOTIC: [8] Undefined index: HTTP_X_REAL_IP F:\web\httpd-2.4\Apache24\htdocs\xhust\thinkphp\ThinkPHP\Common\functions.php 第 1456 行.
INFO: [ view_parse ] --START--
INFO: [ template_filter ] --START--
INFO: Run Behavior\ContentReplaceBehavior [ RunTime:0.000000s ]
INFO: [ template_filter ] --END-- [ RunTime:-0.914053s ]
INFO: Run Behavior\ParseTemplateBehavior [ RunTime:0.002000s ]
INFO: [ view_parse ] --END-- [ RunTime:0.002000s ]
INFO: [ view_filter ] --START--
INFO: Run Behavior\WriteHtmlCacheBehavior [ RunTime:0.001000s ]
INFO: [ view_filter ] --END-- [ RunTime:0.001000s ]
SQL: SHOW COLUMNS FROM `x_apps` [ RunTime:0.0060s ]
SQL: SELECT * FROM `x_apps` WHERE ( status=1 ) LIMIT 0,8   [ RunTime:0.0000s ]
SQL: SELECT COUNT(*) AS tp_count FROM `x_apps` WHERE ( status=1 ) LIMIT 1   [ RunTime:0.0000s ]
SQL: SELECT * FROM `x_apps` WHERE ( status=1 ) ORDER BY love_times desc LIMIT 5   [ RunTime:0.0010s ]
INFO: [ view_parse ] --START--
INFO: [ template_filter ] --START--
INFO: Run Behavior\ContentReplaceBehavior [ RunTime:0.000000s ]
INFO: [ template_filter ] --END-- [ RunTime:-0.947055s ]
INFO: Run Behavior\ParseTemplateBehavior [ RunTime:0.009001s ]
INFO: [ view_parse ] --END-- [ RunTime:-0.029001s ]
INFO: [ view_filter ] --START--
INFO: Run Behavior\WriteHtmlCacheBehavior [ RunTime:0.000000s ]
INFO: [ view_filter ] --END-- [ RunTime:-0.037002s ]
SQL: SHOW COLUMNS FROM `x_article` [ RunTime:0.0080s ]
SQL: SELECT COUNT(*) AS tp_count FROM `x_article` WHERE `status` = 1 LIMIT 1   [ RunTime:0.0000s ]
SQL: SELECT * FROM `x_article` WHERE `status` = 1 ORDER BY created_at desc LIMIT 0,4   [ RunTime:0.0000s ]
SQL: SELECT `id`,`title`,`author`,`created_at`,`read_times`,`love_times` FROM `x_article` WHERE `status` = 1 ORDER BY read_times desc LIMIT 5   [ RunTime:0.0000s ]
INFO: [ view_parse ] --START--
INFO: [ template_filter ] --START--
INFO: Run Behavior\ContentReplaceBehavior [ RunTime:0.000000s ]
INFO: [ template_filter ] --END-- [ RunTime:-0.966056s ]
SQL: SELECT `id`,`title`,`author`,`created_at`,`read_times`,`love_times` FROM `x_article` WHERE `status` = 1 ORDER BY read_times desc LIMIT 5   [ RunTime:0.0000s ]
INFO: [ view_parse ] --START--
INFO: [ template_filter ] --START--
INFO: Run Behavior\ContentReplaceBehavior [ RunTime:0.000000s ]
INFO: [ template_filter ] --END-- [ RunTime:-0.974056s ]
INFO: Run Behavior\ParseTemplateBehavior [ RunTime:0.003000s ]
INFO: [ view_parse ] --END-- [ RunTime:-0.058003s ]
INFO: [ view_filter ] --START--
INFO: Run Behavior\WriteHtmlCacheBehavior [ RunTime:0.000000s ]
INFO: [ view_filter ] --END-- [ RunTime:-0.060003s ]
INFO: Run Behavior\ParseTemplateBehavior [ RunTime:0.004000s ]
INFO: [ view_parse ] --END-- [ RunTime:-0.058003s ]
INFO: [ view_filter ] --START--
INFO: Run Behavior\WriteHtmlCacheBehavior [ RunTime:0.000000s ]
INFO: [ view_filter ] --END-- [ RunTime:-0.061003s ]
SQL: SHOW COLUMNS FROM `x_comment` [ RunTime:0.0070s ]
SQL: SELECT COUNT(*) AS tp_count FROM `x_comment` WHERE `pid` = 0 AND `status` = 1 AND `app_id` = 0 AND `category` = 0 LIMIT 1   [ RunTime:0.0000s ]
INFO: [ view_parse ] --START--
INFO: [ template_filter ] --START--
INFO: Run Behavior\ContentReplaceBehavior [ RunTime:0.001000s ]
INFO: [ template_filter ] --END-- [ RunTime:-0.987057s ]
SQL: SHOW COLUMNS FROM `x_comment` [ RunTime:0.0090s ]
NOTIC: [8] Only variables should be passed by reference F:\web\httpd-2.4\Apache24\htdocs\xhust\thinkphp\Application\Home\Widget\CommentWidget.class.php 第 20 行.
SQL: SELECT * FROM `x_comment` WHERE `pid` = 0 AND `status` = 1 AND `app_id` = 0 AND `category` = 0 LIMIT 0,4   [ RunTime:0.0000s ]
SQL: SELECT * FROM `x_comment` WHERE `pid` = 65 AND `status` = 1 AND `app_id` = 0 AND `category` = 0  [ RunTime:0.0000s ]
SQL: SELECT * FROM `x_comment` WHERE `pid` = 66 AND `status` = 1 AND `app_id` = 0 AND `category` = 0  [ RunTime:0.0010s ]
SQL: SELECT * FROM `x_comment` WHERE `pid` = 72 AND `status` = 1 AND `app_id` = 0 AND `category` = 0  [ RunTime:0.0000s ]
SQL: SELECT * FROM `x_comment` WHERE `pid` = 73 AND `status` = 1 AND `app_id` = 0 AND `category` = 0  [ RunTime:0.0000s ]
INFO: [ view_parse ] --START--
INFO: [ template_filter ] --START--
INFO: Run Behavior\ContentReplaceBehavior [ RunTime:0.000000s ]
INFO: [ template_filter ] --END-- [ RunTime:-1.789103s ]
INFO: Run Behavior\ParseTemplateBehavior [ RunTime:0.004000s ]
INFO: [ view_parse ] --END-- [ RunTime:-0.872050s ]
INFO: [ view_filter ] --START--
INFO: Run Behavior\WriteHtmlCacheBehavior [ RunTime:0.000000s ]
INFO: [ view_filter ] --END-- [ RunTime:-0.875050s ]
INFO: Run Behavior\ParseTemplateBehavior [ RunTime:0.005000s ]
INFO: [ view_parse ] --END-- [ RunTime:-0.872050s ]
INFO: [ view_filter ] --START--
INFO: Run Behavior\WriteHtmlCacheBehavior [ RunTime:0.000000s ]
INFO: [ view_filter ] --END-- [ RunTime:-0.876050s ]
NOTIC: [8] Undefined variable: contact F:\web\httpd-2.4\Apache24\htdocs\xhust\thinkphp\Application\Runtime\Cache\Home\2a94b8bda04ff446dcedd42276fc99ee.php 第 182 行.
INFO: Run Behavior\ParseTemplateBehavior [ RunTime:0.005000s ]
INFO: [ view_parse ] --END-- [ RunTime:-0.872050s ]
INFO: [ view_filter ] --START--
INFO: Run Behavior\WriteHtmlCacheBehavior [ RunTime:0.000000s ]
INFO: [ view_filter ] --END-- [ RunTime:-0.876050s ]
INFO: [ app_end ] --START--
INFO: Run Behavior\ShowPageTraceBehavior [ RunTime:0.000000s ]
INFO: [ app_end ] --END-- [ RunTime:0.001000s ]

[ 2018-03-08T20:00:26+08:00 ] ::1 /xhust/thinkphp/index.php/Home/AppList/getApp.html
INFO: [ app_init ] --START--
INFO: Run Behavior\BuildLiteBehavior [ RunTime:0.000000s ]
INFO: [ app_init ] --END-- [ RunTime:0.001000s ]
INFO: [ app_begin ] --START--
INFO: Run Behavior\ReadHtmlCacheBehavior [ RunTime:0.001000s ]
INFO: [ app_begin ] --END-- [ RunTime:0.001000s ]
SQL: SHOW COLUMNS FROM `x_apps` [ RunTime:0.0050s ]
SQL: SELECT * FROM `x_apps` WHERE `status` = 1 LIMIT 8,8   [ RunTime:0.0010s ]

[ 2018-03-08T20:00:38+08:00 ] ::1 /xhust/thinkphp/index.php
INFO: [ app_init ] --START--
INFO: Run Behavior\BuildLiteBehavior [ RunTime:0.000000s ]
INFO: [ app_init ] --END-- [ RunTime:0.002000s ]
INFO: [ app_begin ] --START--
INFO: Run Behavior\ReadHtmlCacheBehavior [ RunTime:0.007001s ]
INFO: [ app_begin ] --END-- [ RunTime:0.008001s ]
INFO: [ view_parse ] --START--
INFO: [ template_filter ] --START--
INFO: Run Behavior\ContentReplaceBehavior [ RunTime:0.001000s ]
INFO: [ template_filter ] --END-- [ RunTime:0.001000s ]
NOTIC: [8] Undefined index: HTTP_X_REAL_IP F:\web\httpd-2.4\Apache24\htdocs\xhust\thinkphp\ThinkPHP\Common\functions.php 第 1456 行.
INFO: [ view_parse ] --START--
INFO: [ template_filter ] --START--
INFO: Run Behavior\ContentReplaceBehavior [ RunTime:0.001000s ]
INFO: [ template_filter ] --END-- [ RunTime:-1.101063s ]
INFO: Run Behavior\ParseTemplateBehavior [ RunTime:0.003000s ]
INFO: [ view_parse ] --END-- [ RunTime:0.003000s ]
INFO: [ view_filter ] --START--
INFO: Run Behavior\WriteHtmlCacheBehavior [ RunTime:0.001000s ]
INFO: [ view_filter ] --END-- [ RunTime:0.001000s ]
SQL: SHOW COLUMNS FROM `x_apps` [ RunTime:0.0070s ]
SQL: SELECT * FROM `x_apps` WHERE ( status=1 ) LIMIT 0,8   [ RunTime:0.0010s ]
SQL: SELECT COUNT(*) AS tp_count FROM `x_apps` WHERE ( status=1 ) LIMIT 1   [ RunTime:0.0010s ]
SQL: SELECT * FROM `x_apps` WHERE ( status=1 ) ORDER BY love_times desc LIMIT 5   [ RunTime:0.0010s ]
INFO: [ view_parse ] --START--
INFO: [ template_filter ] --START--
INFO: Run Behavior\ContentReplaceBehavior [ RunTime:0.000000s ]
INFO: [ template_filter ] --END-- [ RunTime:-1.206069s ]
INFO: Run Behavior\ParseTemplateBehavior [ RunTime:0.010000s ]
INFO: [ view_parse ] --END-- [ RunTime:-0.099006s ]
INFO: [ view_filter ] --START--
INFO: Run Behavior\WriteHtmlCacheBehavior [ RunTime:0.000000s ]
INFO: [ view_filter ] --END-- [ RunTime:-0.108006s ]
SQL: SHOW COLUMNS FROM `x_article` [ RunTime:0.0080s ]
SQL: SELECT COUNT(*) AS tp_count FROM `x_article` WHERE `status` = 1 LIMIT 1   [ RunTime:0.0000s ]
SQL: SELECT * FROM `x_article` WHERE `status` = 1 ORDER BY created_at desc LIMIT 0,4   [ RunTime:0.0010s ]
SQL: SELECT `id`,`title`,`author`,`created_at`,`read_times`,`love_times` FROM `x_article` WHERE `status` = 1 ORDER BY read_times desc LIMIT 5   [ RunTime:0.0010s ]
INFO: [ view_parse ] --START--
INFO: [ template_filter ] --START--
INFO: Run Behavior\ContentReplaceBehavior [ RunTime:0.000000s ]
INFO: [ template_filter ] --END-- [ RunTime:-1.226070s ]
SQL: SELECT `id`,`title`,`author`,`created_at`,`read_times`,`love_times` FROM `x_article` WHERE `status` = 1 ORDER BY read_times desc LIMIT 5   [ RunTime:0.0010s ]
INFO: [ view_parse ] --START--
INFO: [ template_filter ] --START--
INFO: Run Behavior\ContentReplaceBehavior [ RunTime:0.000000s ]
INFO: [ template_filter ] --END-- [ RunTime:-1.235070s ]
INFO: Run Behavior\ParseTemplateBehavior [ RunTime:0.004001s ]
INFO: [ view_parse ] --END-- [ RunTime:-0.131007s ]
INFO: [ view_filter ] --START--
INFO: Run Behavior\WriteHtmlCacheBehavior [ RunTime:0.000000s ]
INFO: [ view_filter ] --END-- [ RunTime:-0.134008s ]
INFO: Run Behavior\ParseTemplateBehavior [ RunTime:0.004001s ]
INFO: [ view_parse ] --END-- [ RunTime:-0.131007s ]
INFO: [ view_filter ] --START--
INFO: Run Behavior\WriteHtmlCacheBehavior [ RunTime:0.000000s ]
INFO: [ view_filter ] --END-- [ RunTime:-0.134008s ]
SQL: SHOW COLUMNS FROM `x_comment` [ RunTime:0.0080s ]
SQL: SELECT COUNT(*) AS tp_count FROM `x_comment` WHERE `pid` = 0 AND `status` = 1 AND `app_id` = 0 AND `category` = 0 LIMIT 1   [ RunTime:0.0000s ]
INFO: [ view_parse ] --START--
INFO: [ template_filter ] --START--
INFO: Run Behavior\ContentReplaceBehavior [ RunTime:0.000000s ]
INFO: [ template_filter ] --END-- [ RunTime:-1.252071s ]
SQL: SHOW COLUMNS FROM `x_comment` [ RunTime:0.0080s ]
NOTIC: [8] Only variables should be passed by reference F:\web\httpd-2.4\Apache24\htdocs\xhust\thinkphp\Application\Home\Widget\CommentWidget.class.php 第 20 行.
SQL: SELECT * FROM `x_comment` WHERE `pid` = 0 AND `status` = 1 AND `app_id` = 0 AND `category` = 0 LIMIT 0,4   [ RunTime:0.0010s ]
SQL: SELECT * FROM `x_comment` WHERE `pid` = 65 AND `status` = 1 AND `app_id` = 0 AND `category` = 0  [ RunTime:0.0000s ]
SQL: SELECT * FROM `x_comment` WHERE `pid` = 66 AND `status` = 1 AND `app_id` = 0 AND `category` = 0  [ RunTime:0.0020s ]
SQL: SELECT * FROM `x_comment` WHERE `pid` = 72 AND `status` = 1 AND `app_id` = 0 AND `category` = 0  [ RunTime:0.0010s ]
SQL: SELECT * FROM `x_comment` WHERE `pid` = 73 AND `status` = 1 AND `app_id` = 0 AND `category` = 0  [ RunTime:0.0000s ]
INFO: [ view_parse ] --START--
INFO: [ template_filter ] --START--
INFO: Run Behavior\ContentReplaceBehavior [ RunTime:0.000000s ]
INFO: [ template_filter ] --END-- [ RunTime:-2.232128s ]
INFO: Run Behavior\ParseTemplateBehavior [ RunTime:0.005001s ]
INFO: [ view_parse ] --END-- [ RunTime:-1.126064s ]
INFO: [ view_filter ] --START--
INFO: Run Behavior\WriteHtmlCacheBehavior [ RunTime:0.000000s ]
INFO: [ view_filter ] --END-- [ RunTime:-1.130065s ]
INFO: Run Behavior\ParseTemplateBehavior [ RunTime:0.005001s ]
INFO: [ view_parse ] --END-- [ RunTime:-1.126064s ]
INFO: [ view_filter ] --START--
INFO: Run Behavior\WriteHtmlCacheBehavior [ RunTime:0.000000s ]
INFO: [ view_filter ] --END-- [ RunTime:-1.130065s ]
NOTIC: [8] Undefined variable: contact F:\web\httpd-2.4\Apache24\htdocs\xhust\thinkphp\Application\Runtime\Cache\Home\2a94b8bda04ff446dcedd42276fc99ee.php 第 182 行.
INFO: Run Behavior\ParseTemplateBehavior [ RunTime:0.006001s ]
INFO: [ view_parse ] --END-- [ RunTime:-1.126064s ]
INFO: [ view_filter ] --START--
INFO: Run Behavior\WriteHtmlCacheBehavior [ RunTime:0.000000s ]
INFO: [ view_filter ] --END-- [ RunTime:-1.131065s ]
INFO: [ app_end ] --START--
INFO: Run Behavior\ShowPageTraceBehavior [ RunTime:0.002000s ]
INFO: [ app_end ] --END-- [ RunTime:0.002000s ]

[ 2018-03-08T20:00:42+08:00 ] ::1 /xhust/thinkphp/index.php/Home/AppList/getApp.html
INFO: [ app_init ] --START--
INFO: Run Behavior\BuildLiteBehavior [ RunTime:0.000000s ]
INFO: [ app_init ] --END-- [ RunTime:0.000000s ]
INFO: [ app_begin ] --START--
INFO: Run Behavior\ReadHtmlCacheBehavior [ RunTime:0.000000s ]
INFO: [ app_begin ] --END-- [ RunTime:0.000000s ]
SQL: SHOW COLUMNS FROM `x_apps` [ RunTime:0.0080s ]
SQL: SELECT * FROM `x_apps` WHERE `status` = 1 LIMIT 8,8   [ RunTime:0.0000s ]

[ 2018-03-08T20:00:43+08:00 ] ::1 /xhust/thinkphp/index.php/Home/AppList/getApp.html
INFO: [ app_init ] --START--
INFO: Run Behavior\BuildLiteBehavior [ RunTime:0.000000s ]
INFO: [ app_init ] --END-- [ RunTime:0.000000s ]
INFO: [ app_begin ] --START--
INFO: Run Behavior\ReadHtmlCacheBehavior [ RunTime:0.001000s ]
INFO: [ app_begin ] --END-- [ RunTime:0.001000s ]
SQL: SHOW COLUMNS FROM `x_apps` [ RunTime:0.0050s ]
SQL: SELECT * FROM `x_apps` WHERE `status` = 1 LIMIT 0,8   [ RunTime:0.0010s ]

[ 2018-03-08T20:00:56+08:00 ] ::1 /xhust/thinkphp/index.php
INFO: [ app_init ] --START--
INFO: Run Behavior\BuildLiteBehavior [ RunTime:0.000000s ]
INFO: [ app_init ] --END-- [ RunTime:0.001000s ]
INFO: [ app_begin ] --START--
INFO: Run Behavior\ReadHtmlCacheBehavior [ RunTime:0.002000s ]
INFO: [ app_begin ] --END-- [ RunTime:0.002000s ]
INFO: [ view_parse ] --START--
INFO: [ template_filter ] --START--
INFO: Run Behavior\ContentReplaceBehavior [ RunTime:0.001000s ]
INFO: [ template_filter ] --END-- [ RunTime:0.001000s ]
NOTIC: [8] Undefined index: HTTP_X_REAL_IP F:\web\httpd-2.4\Apache24\htdocs\xhust\thinkphp\ThinkPHP\Common\functions.php 第 1456 行.
INFO: [ view_parse ] --START--
INFO: [ template_filter ] --START--
INFO: Run Behavior\ContentReplaceBehavior [ RunTime:0.000000s ]
INFO: [ template_filter ] --END-- [ RunTime:-1.115064s ]
INFO: Run Behavior\ParseTemplateBehavior [ RunTime:0.008000s ]
INFO: [ view_parse ] --END-- [ RunTime:0.008000s ]
INFO: [ view_filter ] --START--
INFO: Run Behavior\WriteHtmlCacheBehavior [ RunTime:0.001000s ]
INFO: [ view_filter ] --END-- [ RunTime:0.001000s ]
SQL: SHOW COLUMNS FROM `x_apps` [ RunTime:0.0210s ]
SQL: SELECT * FROM `x_apps` WHERE ( status=1 ) LIMIT 0,8   [ RunTime:0.0020s ]
SQL: SELECT COUNT(*) AS tp_count FROM `x_apps` WHERE ( status=1 ) LIMIT 1   [ RunTime:0.1890s ]
SQL: SELECT * FROM `x_apps` WHERE ( status=1 ) ORDER BY love_times desc LIMIT 5   [ RunTime:0.0020s ]
INFO: [ view_parse ] --START--
INFO: [ template_filter ] --START--
INFO: Run Behavior\ContentReplaceBehavior [ RunTime:0.000000s ]
INFO: [ template_filter ] --END-- [ RunTime:-1.425082s ]
INFO: Run Behavior\ParseTemplateBehavior [ RunTime:0.043002s ]
INFO: [ view_parse ] --END-- [ RunTime:-0.285017s ]
INFO: [ view_filter ] --START--
INFO: Run Behavior\WriteHtmlCacheBehavior [ RunTime:0.000000s ]
INFO: [ view_filter ] --END-- [ RunTime:-0.327019s ]
SQL: SHOW COLUMNS FROM `x_article` [ RunTime:0.0070s ]
SQL: SELECT COUNT(*) AS tp_count FROM `x_article` WHERE `status` = 1 LIMIT 1   [ RunTime:0.0000s ]
SQL: SELECT * FROM `x_article` WHERE `status` = 1 ORDER BY created_at desc LIMIT 0,4   [ RunTime:0.0010s ]
SQL: SELECT `id`,`title`,`author`,`created_at`,`read_times`,`love_times` FROM `x_article` WHERE `status` = 1 ORDER BY read_times desc LIMIT 5   [ RunTime:0.0000s ]
INFO: [ view_parse ] --START--
INFO: [ template_filter ] --START--
INFO: Run Behavior\ContentReplaceBehavior [ RunTime:0.000000s ]
INFO: [ template_filter ] --END-- [ RunTime:-1.463084s ]
SQL: SELECT `id`,`title`,`author`,`created_at`,`read_times`,`love_times` FROM `x_article` WHERE `status` = 1 ORDER BY read_times desc LIMIT 5   [ RunTime:0.0000s ]
INFO: [ view_parse ] --START--
INFO: [ template_filter ] --START--
INFO: Run Behavior\ContentReplaceBehavior [ RunTime:0.000000s ]
INFO: [ template_filter ] --END-- [ RunTime:-1.474085s ]
INFO: Run Behavior\ParseTemplateBehavior [ RunTime:0.005001s ]
INFO: [ view_parse ] --END-- [ RunTime:-0.352020s ]
INFO: [ view_filter ] --START--
INFO: Run Behavior\WriteHtmlCacheBehavior [ RunTime:0.000000s ]
INFO: [ view_filter ] --END-- [ RunTime:-0.356021s ]
INFO: Run Behavior\ParseTemplateBehavior [ RunTime:0.005001s ]
INFO: [ view_parse ] --END-- [ RunTime:-0.352020s ]
INFO: [ view_filter ] --START--
INFO: Run Behavior\WriteHtmlCacheBehavior [ RunTime:0.000000s ]
INFO: [ view_filter ] --END-- [ RunTime:-0.356021s ]
SQL: SHOW COLUMNS FROM `x_comment` [ RunTime:0.0070s ]
SQL: SELECT COUNT(*) AS tp_count FROM `x_comment` WHERE `pid` = 0 AND `status` = 1 AND `app_id` = 0 AND `category` = 0 LIMIT 1   [ RunTime:0.0010s ]
INFO: [ view_parse ] --START--
INFO: [ template_filter ] --START--
INFO: Run Behavior\ContentReplaceBehavior [ RunTime:0.000000s ]
INFO: [ template_filter ] --END-- [ RunTime:-1.491086s ]
SQL: SHOW COLUMNS FROM `x_comment` [ RunTime:0.0070s ]
NOTIC: [8] Only variables should be passed by reference F:\web\httpd-2.4\Apache24\htdocs\xhust\thinkphp\Application\Home\Widget\CommentWidget.class.php 第 20 行.
SQL: SELECT * FROM `x_comment` WHERE `pid` = 0 AND `status` = 1 AND `app_id` = 0 AND `category` = 0 LIMIT 0,4   [ RunTime:0.0010s ]
SQL: SELECT * FROM `x_comment` WHERE `pid` = 65 AND `status` = 1 AND `app_id` = 0 AND `category` = 0  [ RunTime:0.0010s ]
SQL: SELECT * FROM `x_comment` WHERE `pid` = 66 AND `status` = 1 AND `app_id` = 0 AND `category` = 0  [ RunTime:0.0010s ]
SQL: SELECT * FROM `x_comment` WHERE `pid` = 72 AND `status` = 1 AND `app_id` = 0 AND `category` = 0  [ RunTime:0.0000s ]
SQL: SELECT * FROM `x_comment` WHERE `pid` = 73 AND `status` = 1 AND `app_id` = 0 AND `category` = 0  [ RunTime:0.0000s ]
INFO: [ view_parse ] --START--
INFO: [ template_filter ] --START--
INFO: Run Behavior\ContentReplaceBehavior [ RunTime:0.000000s ]
INFO: [ template_filter ] --END-- [ RunTime:-1.766101s ]
INFO: Run Behavior\ParseTemplateBehavior [ RunTime:0.004000s ]
INFO: [ view_parse ] --END-- [ RunTime:-0.644037s ]
INFO: [ view_filter ] --START--
INFO: Run Behavior\WriteHtmlCacheBehavior [ RunTime:0.000000s ]
INFO: [ view_filter ] --END-- [ RunTime:-0.648037s ]
INFO: Run Behavior\ParseTemplateBehavior [ RunTime:0.005000s ]
INFO: [ view_parse ] --END-- [ RunTime:-0.644037s ]
INFO: [ view_filter ] --START--
INFO: Run Behavior\WriteHtmlCacheBehavior [ RunTime:0.000000s ]
INFO: [ view_filter ] --END-- [ RunTime:-0.648037s ]
NOTIC: [8] Undefined variable: contact F:\web\httpd-2.4\Apache24\htdocs\xhust\thinkphp\Application\Runtime\Cache\Home\2a94b8bda04ff446dcedd42276fc99ee.php 第 182 行.
INFO: Run Behavior\ParseTemplateBehavior [ RunTime:0.005000s ]
INFO: [ view_parse ] --END-- [ RunTime:-0.644037s ]
INFO: [ view_filter ] --START--
INFO: Run Behavior\WriteHtmlCacheBehavior [ RunTime:0.000000s ]
INFO: [ view_filter ] --END-- [ RunTime:-0.648037s ]
INFO: [ app_end ] --START--
INFO: Run Behavior\ShowPageTraceBehavior [ RunTime:0.001001s ]
INFO: [ app_end ] --END-- [ RunTime:0.001001s ]

[ 2018-03-08T20:01:11+08:00 ] ::1 /xhust/thinkphp/index.php
INFO: [ app_init ] --START--
INFO: Run Behavior\BuildLiteBehavior [ RunTime:0.000000s ]
INFO: [ app_init ] --END-- [ RunTime:0.001000s ]
INFO: [ app_begin ] --START--
INFO: Run Behavior\ReadHtmlCacheBehavior [ RunTime:0.001000s ]
INFO: [ app_begin ] --END-- [ RunTime:0.001000s ]
INFO: [ view_parse ] --START--
INFO: [ template_filter ] --START--
INFO: Run Behavior\ContentReplaceBehavior [ RunTime:0.000000s ]
INFO: [ template_filter ] --END-- [ RunTime:0.000000s ]
NOTIC: [8] Undefined index: HTTP_X_REAL_IP F:\web\httpd-2.4\Apache24\htdocs\xhust\thinkphp\ThinkPHP\Common\functions.php 第 1456 行.
INFO: [ view_parse ] --START--
INFO: [ template_filter ] --START--
INFO: Run Behavior\ContentReplaceBehavior [ RunTime:0.000000s ]
INFO: [ template_filter ] --END-- [ RunTime:-0.652037s ]
INFO: Run Behavior\ParseTemplateBehavior [ RunTime:0.004000s ]
INFO: [ view_parse ] --END-- [ RunTime:0.004000s ]
INFO: [ view_filter ] --START--
INFO: Run Behavior\WriteHtmlCacheBehavior [ RunTime:0.000000s ]
INFO: [ view_filter ] --END-- [ RunTime:0.000000s ]
SQL: SHOW COLUMNS FROM `x_apps` [ RunTime:0.0100s ]
SQL: SELECT * FROM `x_apps` WHERE ( status=1 ) LIMIT 0,7   [ RunTime:0.0010s ]
SQL: SELECT COUNT(*) AS tp_count FROM `x_apps` WHERE ( status=1 ) LIMIT 1   [ RunTime:0.0010s ]
SQL: SELECT * FROM `x_apps` WHERE ( status=1 ) ORDER BY love_times desc LIMIT 5   [ RunTime:0.0000s ]
INFO: [ view_parse ] --START--
INFO: [ template_filter ] --START--
INFO: Run Behavior\ContentReplaceBehavior [ RunTime:0.000000s ]
INFO: [ template_filter ] --END-- [ RunTime:-0.688039s ]
INFO: Run Behavior\ParseTemplateBehavior [ RunTime:0.007001s ]
INFO: [ view_parse ] --END-- [ RunTime:-0.030002s ]
INFO: [ view_filter ] --START--
INFO: Run Behavior\WriteHtmlCacheBehavior [ RunTime:0.000000s ]
INFO: [ view_filter ] --END-- [ RunTime:-0.037003s ]
SQL: SHOW COLUMNS FROM `x_article` [ RunTime:0.0070s ]
SQL: SELECT COUNT(*) AS tp_count FROM `x_article` WHERE `status` = 1 LIMIT 1   [ RunTime:0.0000s ]
SQL: SELECT * FROM `x_article` WHERE `status` = 1 ORDER BY created_at desc LIMIT 0,4   [ RunTime:0.0000s ]
SQL: SELECT `id`,`title`,`author`,`created_at`,`read_times`,`love_times` FROM `x_article` WHERE `status` = 1 ORDER BY read_times desc LIMIT 5   [ RunTime:0.0000s ]
INFO: [ view_parse ] --START--
INFO: [ template_filter ] --START--
INFO: Run Behavior\ContentReplaceBehavior [ RunTime:0.000000s ]
INFO: [ template_filter ] --END-- [ RunTime:-0.703040s ]
SQL: SELECT `id`,`title`,`author`,`created_at`,`read_times`,`love_times` FROM `x_article` WHERE `status` = 1 ORDER BY read_times desc LIMIT 5   [ RunTime:0.0010s ]
INFO: [ view_parse ] --START--
INFO: [ template_filter ] --START--
INFO: Run Behavior\ContentReplaceBehavior [ RunTime:0.000000s ]
INFO: [ template_filter ] --END-- [ RunTime:-0.711041s ]
INFO: Run Behavior\ParseTemplateBehavior [ RunTime:0.003000s ]
INFO: [ view_parse ] --END-- [ RunTime:-0.055004s ]
INFO: [ view_filter ] --START--
INFO: Run Behavior\WriteHtmlCacheBehavior [ RunTime:0.000000s ]
INFO: [ view_filter ] --END-- [ RunTime:-0.058004s ]
INFO: Run Behavior\ParseTemplateBehavior [ RunTime:0.003000s ]
INFO: [ view_parse ] --END-- [ RunTime:-0.055004s ]
INFO: [ view_filter ] --START--
INFO: Run Behavior\WriteHtmlCacheBehavior [ RunTime:0.000000s ]
INFO: [ view_filter ] --END-- [ RunTime:-0.058004s ]
SQL: SHOW COLUMNS FROM `x_comment` [ RunTime:0.0090s ]
SQL: SELECT COUNT(*) AS tp_count FROM `x_comment` WHERE `pid` = 0 AND `status` = 1 AND `app_id` = 0 AND `category` = 0 LIMIT 1   [ RunTime:0.0010s ]
INFO: [ view_parse ] --START--
INFO: [ template_filter ] --START--
INFO: Run Behavior\ContentReplaceBehavior [ RunTime:0.001000s ]
INFO: [ template_filter ] --END-- [ RunTime:-0.726042s ]
SQL: SHOW COLUMNS FROM `x_comment` [ RunTime:0.0060s ]
NOTIC: [8] Only variables should be passed by reference F:\web\httpd-2.4\Apache24\htdocs\xhust\thinkphp\Application\Home\Widget\CommentWidget.class.php 第 20 行.
SQL: SELECT * FROM `x_comment` WHERE `pid` = 0 AND `status` = 1 AND `app_id` = 0 AND `category` = 0 LIMIT 0,4   [ RunTime:0.0010s ]
SQL: SELECT * FROM `x_comment` WHERE `pid` = 65 AND `status` = 1 AND `app_id` = 0 AND `category` = 0  [ RunTime:0.0010s ]
SQL: SELECT * FROM `x_comment` WHERE `pid` = 66 AND `status` = 1 AND `app_id` = 0 AND `category` = 0  [ RunTime:0.0010s ]
SQL: SELECT * FROM `x_comment` WHERE `pid` = 72 AND `status` = 1 AND `app_id` = 0 AND `category` = 0  [ RunTime:0.0010s ]
SQL: SELECT * FROM `x_comment` WHERE `pid` = 73 AND `status` = 1 AND `app_id` = 0 AND `category` = 0  [ RunTime:0.0010s ]
INFO: [ view_parse ] --START--
INFO: [ template_filter ] --START--
INFO: Run Behavior\ContentReplaceBehavior [ RunTime:0.000000s ]
INFO: [ template_filter ] --END-- [ RunTime:-2.252129s ]
INFO: Run Behavior\ParseTemplateBehavior [ RunTime:0.005000s ]
INFO: [ view_parse ] --END-- [ RunTime:-1.595092s ]
INFO: [ view_filter ] --START--
INFO: Run Behavior\WriteHtmlCacheBehavior [ RunTime:0.000000s ]
INFO: [ view_filter ] --END-- [ RunTime:-1.600092s ]
INFO: Run Behavior\ParseTemplateBehavior [ RunTime:0.005000s ]
INFO: [ view_parse ] --END-- [ RunTime:-1.595092s ]
INFO: [ view_filter ] --START--
INFO: Run Behavior\WriteHtmlCacheBehavior [ RunTime:0.000000s ]
INFO: [ view_filter ] --END-- [ RunTime:-1.600092s ]
NOTIC: [8] Undefined variable: contact F:\web\httpd-2.4\Apache24\htdocs\xhust\thinkphp\Application\Runtime\Cache\Home\2a94b8bda04ff446dcedd42276fc99ee.php 第 182 行.
INFO: Run Behavior\ParseTemplateBehavior [ RunTime:0.005000s ]
INFO: [ view_parse ] --END-- [ RunTime:-1.595092s ]
INFO: [ view_filter ] --START--
INFO: Run Behavior\WriteHtmlCacheBehavior [ RunTime:0.000000s ]
INFO: [ view_filter ] --END-- [ RunTime:-1.600092s ]
INFO: [ app_end ] --START--
INFO: Run Behavior\ShowPageTraceBehavior [ RunTime:0.001000s ]
INFO: [ app_end ] --END-- [ RunTime:0.001000s ]

[ 2018-03-08T20:01:16+08:00 ] ::1 /xhust/thinkphp/index.php/Home/AppList/getApp.html
INFO: [ app_init ] --START--
INFO: Run Behavior\BuildLiteBehavior [ RunTime:0.000000s ]
INFO: [ app_init ] --END-- [ RunTime:0.000000s ]
INFO: [ app_begin ] --START--
INFO: Run Behavior\ReadHtmlCacheBehavior [ RunTime:0.001000s ]
INFO: [ app_begin ] --END-- [ RunTime:0.001000s ]
SQL: SHOW COLUMNS FROM `x_apps` [ RunTime:0.0070s ]
SQL: SELECT * FROM `x_apps` WHERE `status` = 1 LIMIT 7,7   [ RunTime:0.0010s ]

[ 2018-03-08T20:03:08+08:00 ] ::1 /xhust/thinkphp/index.php
INFO: [ app_init ] --START--
INFO: Run Behavior\BuildLiteBehavior [ RunTime:0.000000s ]
INFO: [ app_init ] --END-- [ RunTime:0.001000s ]
INFO: [ app_begin ] --START--
INFO: Run Behavior\ReadHtmlCacheBehavior [ RunTime:0.001000s ]
INFO: [ app_begin ] --END-- [ RunTime:0.001000s ]
INFO: [ view_parse ] --START--
INFO: [ template_filter ] --START--
INFO: Run Behavior\ContentReplaceBehavior [ RunTime:0.000000s ]
INFO: [ template_filter ] --END-- [ RunTime:0.000000s ]
NOTIC: [8] Undefined index: HTTP_X_REAL_IP F:\web\httpd-2.4\Apache24\htdocs\xhust\thinkphp\ThinkPHP\Common\functions.php 第 1456 行.
INFO: [ view_parse ] --START--
INFO: [ template_filter ] --START--
INFO: Run Behavior\ContentReplaceBehavior [ RunTime:0.000000s ]
INFO: [ template_filter ] --END-- [ RunTime:-0.895052s ]
INFO: Run Behavior\ParseTemplateBehavior [ RunTime:0.004000s ]
INFO: [ view_parse ] --END-- [ RunTime:0.004000s ]
INFO: [ view_filter ] --START--
INFO: Run Behavior\WriteHtmlCacheBehavior [ RunTime:0.001000s ]
INFO: [ view_filter ] --END-- [ RunTime:0.001000s ]
SQL: SHOW COLUMNS FROM `x_apps` [ RunTime:0.0070s ]
SQL: SELECT * FROM `x_apps` WHERE ( status=1 ) LIMIT 0,7   [ RunTime:0.0010s ]
SQL: SELECT COUNT(*) AS tp_count FROM `x_apps` WHERE ( status=1 ) LIMIT 1   [ RunTime:0.0000s ]
SQL: SELECT * FROM `x_apps` WHERE ( status=1 ) ORDER BY love_times desc LIMIT 5   [ RunTime:0.0010s ]
INFO: [ view_parse ] --START--
INFO: [ template_filter ] --START--
INFO: Run Behavior\ContentReplaceBehavior [ RunTime:0.000000s ]
INFO: [ template_filter ] --END-- [ RunTime:-0.994057s ]
INFO: Run Behavior\ParseTemplateBehavior [ RunTime:0.009001s ]
INFO: [ view_parse ] --END-- [ RunTime:-0.093005s ]
INFO: [ view_filter ] --START--
INFO: Run Behavior\WriteHtmlCacheBehavior [ RunTime:0.000000s ]
INFO: [ view_filter ] --END-- [ RunTime:-0.103006s ]
SQL: SHOW COLUMNS FROM `x_article` [ RunTime:0.0070s ]
SQL: SELECT COUNT(*) AS tp_count FROM `x_article` WHERE `status` = 1 LIMIT 1   [ RunTime:0.0010s ]
SQL: SELECT * FROM `x_article` WHERE `status` = 1 ORDER BY created_at desc LIMIT 0,3   [ RunTime:0.0000s ]
SQL: SELECT `id`,`title`,`author`,`created_at`,`read_times`,`love_times` FROM `x_article` WHERE `status` = 1 ORDER BY read_times desc LIMIT 5   [ RunTime:0.0000s ]
INFO: [ view_parse ] --START--
INFO: [ template_filter ] --START--
INFO: Run Behavior\ContentReplaceBehavior [ RunTime:0.000000s ]
INFO: [ template_filter ] --END-- [ RunTime:-1.017059s ]
SQL: SELECT `id`,`title`,`author`,`created_at`,`read_times`,`love_times` FROM `x_article` WHERE `status` = 1 ORDER BY read_times desc LIMIT 5   [ RunTime:0.0010s ]
INFO: [ view_parse ] --START--
INFO: [ template_filter ] --START--
INFO: Run Behavior\ContentReplaceBehavior [ RunTime:0.001000s ]
INFO: [ template_filter ] --END-- [ RunTime:-1.024059s ]
INFO: Run Behavior\ParseTemplateBehavior [ RunTime:0.004000s ]
INFO: [ view_parse ] --END-- [ RunTime:-0.126007s ]
INFO: [ view_filter ] --START--
INFO: Run Behavior\WriteHtmlCacheBehavior [ RunTime:0.000000s ]
INFO: [ view_filter ] --END-- [ RunTime:-0.129007s ]
INFO: Run Behavior\ParseTemplateBehavior [ RunTime:0.004000s ]
INFO: [ view_parse ] --END-- [ RunTime:-0.126007s ]
INFO: [ view_filter ] --START--
INFO: Run Behavior\WriteHtmlCacheBehavior [ RunTime:0.000000s ]
INFO: [ view_filter ] --END-- [ RunTime:-0.129007s ]
SQL: SHOW COLUMNS FROM `x_comment` [ RunTime:0.0070s ]
SQL: SELECT COUNT(*) AS tp_count FROM `x_comment` WHERE `pid` = 0 AND `status` = 1 AND `app_id` = 0 AND `category` = 0 LIMIT 1   [ RunTime:0.0010s ]
INFO: [ view_parse ] --START--
INFO: [ template_filter ] --START--
INFO: Run Behavior\ContentReplaceBehavior [ RunTime:0.000000s ]
INFO: [ template_filter ] --END-- [ RunTime:-1.038060s ]
SQL: SHOW COLUMNS FROM `x_comment` [ RunTime:0.0080s ]
NOTIC: [8] Only variables should be passed by reference F:\web\httpd-2.4\Apache24\htdocs\xhust\thinkphp\Application\Home\Widget\CommentWidget.class.php 第 20 行.
SQL: SELECT * FROM `x_comment` WHERE `pid` = 0 AND `status` = 1 AND `app_id` = 0 AND `category` = 0 LIMIT 0,4   [ RunTime:0.0010s ]
SQL: SELECT * FROM `x_comment` WHERE `pid` = 65 AND `status` = 1 AND `app_id` = 0 AND `category` = 0  [ RunTime:0.0020s ]
SQL: SELECT * FROM `x_comment` WHERE `pid` = 66 AND `status` = 1 AND `app_id` = 0 AND `category` = 0  [ RunTime:0.0020s ]
SQL: SELECT * FROM `x_comment` WHERE `pid` = 72 AND `status` = 1 AND `app_id` = 0 AND `category` = 0  [ RunTime:0.0020s ]
SQL: SELECT * FROM `x_comment` WHERE `pid` = 73 AND `status` = 1 AND `app_id` = 0 AND `category` = 0  [ RunTime:0.0010s ]
INFO: [ view_parse ] --START--
INFO: [ template_filter ] --START--
INFO: Run Behavior\ContentReplaceBehavior [ RunTime:0.000000s ]
INFO: [ template_filter ] --END-- [ RunTime:-2.708155s ]
INFO: Run Behavior\ParseTemplateBehavior [ RunTime:0.018001s ]
INFO: [ view_parse ] --END-- [ RunTime:-1.801103s ]
INFO: [ view_filter ] --START--
INFO: Run Behavior\WriteHtmlCacheBehavior [ RunTime:0.001000s ]
INFO: [ view_filter ] --END-- [ RunTime:-1.818104s ]
INFO: Run Behavior\ParseTemplateBehavior [ RunTime:0.020001s ]
INFO: [ view_parse ] --END-- [ RunTime:-1.801103s ]
INFO: [ view_filter ] --START--
INFO: Run Behavior\WriteHtmlCacheBehavior [ RunTime:0.000000s ]
INFO: [ view_filter ] --END-- [ RunTime:-1.820104s ]
NOTIC: [8] Undefined variable: contact F:\web\httpd-2.4\Apache24\htdocs\xhust\thinkphp\Application\Runtime\Cache\Home\2a94b8bda04ff446dcedd42276fc99ee.php 第 182 行.
INFO: Run Behavior\ParseTemplateBehavior [ RunTime:0.021001s ]
INFO: [ view_parse ] --END-- [ RunTime:-1.801103s ]
INFO: [ view_filter ] --START--
INFO: Run Behavior\WriteHtmlCacheBehavior [ RunTime:0.000000s ]
INFO: [ view_filter ] --END-- [ RunTime:-1.821104s ]
INFO: [ app_end ] --START--
INFO: Run Behavior\ShowPageTraceBehavior [ RunTime:0.003000s ]
INFO: [ app_end ] --END-- [ RunTime:0.003000s ]

[ 2018-03-08T20:03:14+08:00 ] ::1 /xhust/thinkphp/index.php/Home/Article/getBlog.html
INFO: [ app_init ] --START--
INFO: Run Behavior\BuildLiteBehavior [ RunTime:0.000000s ]
INFO: [ app_init ] --END-- [ RunTime:0.002000s ]
INFO: [ app_begin ] --START--
INFO: Run Behavior\ReadHtmlCacheBehavior [ RunTime:0.002000s ]
INFO: [ app_begin ] --END-- [ RunTime:0.002000s ]
SQL: SHOW COLUMNS FROM `x_article` [ RunTime:0.0160s ]
SQL: SELECT * FROM `x_article` WHERE `status` = 1 ORDER BY created_at desc LIMIT 3,3   [ RunTime:0.0020s ]

[ 2018-03-08T20:03:16+08:00 ] ::1 /xhust/thinkphp/index.php/Home/Article/getBlog.html
INFO: [ app_init ] --START--
INFO: Run Behavior\BuildLiteBehavior [ RunTime:0.000000s ]
INFO: [ app_init ] --END-- [ RunTime:0.001000s ]
INFO: [ app_begin ] --START--
INFO: Run Behavior\ReadHtmlCacheBehavior [ RunTime:0.001000s ]
INFO: [ app_begin ] --END-- [ RunTime:0.001000s ]
SQL: SHOW COLUMNS FROM `x_article` [ RunTime:0.0050s ]
SQL: SELECT * FROM `x_article` WHERE `status` = 1 ORDER BY created_at desc LIMIT 6,3   [ RunTime:0.0010s ]

[ 2018-03-08T20:03:17+08:00 ] ::1 /xhust/thinkphp/index.php/Home/Article/getBlog.html
INFO: [ app_init ] --START--
INFO: Run Behavior\BuildLiteBehavior [ RunTime:0.000000s ]
INFO: [ app_init ] --END-- [ RunTime:0.000000s ]
INFO: [ app_begin ] --START--
INFO: Run Behavior\ReadHtmlCacheBehavior [ RunTime:0.001000s ]
INFO: [ app_begin ] --END-- [ RunTime:0.001000s ]
SQL: SHOW COLUMNS FROM `x_article` [ RunTime:0.0070s ]
SQL: SELECT * FROM `x_article` WHERE `status` = 1 ORDER BY created_at desc LIMIT 9,3   [ RunTime:0.3680s ]

[ 2018-03-08T20:03:19+08:00 ] ::1 /xhust/thinkphp/index.php/Home/Article/getBlog.html
INFO: [ app_init ] --START--
INFO: Run Behavior\BuildLiteBehavior [ RunTime:0.000000s ]
INFO: [ app_init ] --END-- [ RunTime:0.002000s ]
INFO: [ app_begin ] --START--
INFO: Run Behavior\ReadHtmlCacheBehavior [ RunTime:0.002000s ]
INFO: [ app_begin ] --END-- [ RunTime:0.002000s ]
SQL: SHOW COLUMNS FROM `x_article` [ RunTime:0.0200s ]
SQL: SELECT * FROM `x_article` WHERE `status` = 1 ORDER BY created_at desc LIMIT 12,3   [ RunTime:0.0760s ]

[ 2018-03-08T20:04:27+08:00 ] ::1 /xhust/thinkphp/index.php
INFO: [ app_init ] --START--
INFO: Run Behavior\BuildLiteBehavior [ RunTime:0.000000s ]
INFO: [ app_init ] --END-- [ RunTime:0.001000s ]
INFO: [ app_begin ] --START--
INFO: Run Behavior\ReadHtmlCacheBehavior [ RunTime:0.000000s ]
INFO: [ app_begin ] --END-- [ RunTime:0.001000s ]
INFO: [ view_parse ] --START--
INFO: [ template_filter ] --START--
INFO: Run Behavior\ContentReplaceBehavior [ RunTime:0.000000s ]
INFO: [ template_filter ] --END-- [ RunTime:0.000000s ]
NOTIC: [8] Undefined index: HTTP_X_REAL_IP F:\web\httpd-2.4\Apache24\htdocs\xhust\thinkphp\ThinkPHP\Common\functions.php 第 1456 行.
INFO: [ view_parse ] --START--
INFO: [ template_filter ] --START--
INFO: Run Behavior\ContentReplaceBehavior [ RunTime:0.000000s ]
INFO: [ template_filter ] --END-- [ RunTime:-2.810161s ]
INFO: Run Behavior\ParseTemplateBehavior [ RunTime:0.004000s ]
INFO: [ view_parse ] --END-- [ RunTime:0.004000s ]
INFO: [ view_filter ] --START--
INFO: Run Behavior\WriteHtmlCacheBehavior [ RunTime:0.000000s ]
INFO: [ view_filter ] --END-- [ RunTime:0.000000s ]
SQL: SHOW COLUMNS FROM `x_apps` [ RunTime:0.0070s ]
SQL: SELECT * FROM `x_apps` WHERE ( status=1 ) LIMIT 0,16   [ RunTime:0.0010s ]
SQL: SELECT COUNT(*) AS tp_count FROM `x_apps` WHERE ( status=1 ) LIMIT 1   [ RunTime:0.0000s ]
SQL: SELECT * FROM `x_apps` WHERE ( status=1 ) ORDER BY love_times desc LIMIT 5   [ RunTime:0.0010s ]
INFO: [ view_parse ] --START--
INFO: [ template_filter ] --START--
INFO: Run Behavior\ContentReplaceBehavior [ RunTime:0.000000s ]
INFO: [ template_filter ] --END-- [ RunTime:-2.846163s ]
INFO: Run Behavior\ParseTemplateBehavior [ RunTime:0.012001s ]
INFO: [ view_parse ] --END-- [ RunTime:-0.030002s ]
INFO: [ view_filter ] --START--
INFO: Run Behavior\WriteHtmlCacheBehavior [ RunTime:0.000000s ]
INFO: [ view_filter ] --END-- [ RunTime:-0.042003s ]
SQL: SHOW COLUMNS FROM `x_article` [ RunTime:0.0100s ]
SQL: SELECT COUNT(*) AS tp_count FROM `x_article` WHERE `status` = 1 LIMIT 1   [ RunTime:0.0000s ]
SQL: SELECT * FROM `x_article` WHERE `status` = 1 ORDER BY created_at desc LIMIT 0,4   [ RunTime:0.0010s ]
SQL: SELECT `id`,`title`,`author`,`created_at`,`read_times`,`love_times` FROM `x_article` WHERE `status` = 1 ORDER BY read_times desc LIMIT 5   [ RunTime:0.0010s ]
INFO: [ view_parse ] --START--
INFO: [ template_filter ] --START--
INFO: Run Behavior\ContentReplaceBehavior [ RunTime:0.000000s ]
INFO: [ template_filter ] --END-- [ RunTime:-2.871165s ]
SQL: SELECT `id`,`title`,`author`,`created_at`,`read_times`,`love_times` FROM `x_article` WHERE `status` = 1 ORDER BY read_times desc LIMIT 5   [ RunTime:0.0010s ]
INFO: [ view_parse ] --START--
INFO: [ template_filter ] --START--
INFO: Run Behavior\ContentReplaceBehavior [ RunTime:0.000000s ]
INFO: [ template_filter ] --END-- [ RunTime:-2.881165s ]
INFO: Run Behavior\ParseTemplateBehavior [ RunTime:0.004000s ]
INFO: [ view_parse ] --END-- [ RunTime:-0.066004s ]
INFO: [ view_filter ] --START--
INFO: Run Behavior\WriteHtmlCacheBehavior [ RunTime:0.000000s ]
INFO: [ view_filter ] --END-- [ RunTime:-0.070004s ]
INFO: Run Behavior\ParseTemplateBehavior [ RunTime:0.004000s ]
INFO: [ view_parse ] --END-- [ RunTime:-0.066004s ]
INFO: [ view_filter ] --START--
INFO: Run Behavior\WriteHtmlCacheBehavior [ RunTime:0.000000s ]
INFO: [ view_filter ] --END-- [ RunTime:-0.070004s ]
SQL: SHOW COLUMNS FROM `x_comment` [ RunTime:0.0090s ]
SQL: SELECT COUNT(*) AS tp_count FROM `x_comment` WHERE `pid` = 0 AND `status` = 1 AND `app_id` = 0 AND `category` = 0 LIMIT 1   [ RunTime:0.0010s ]
INFO: [ view_parse ] --START--
INFO: [ template_filter ] --START--
INFO: Run Behavior\ContentReplaceBehavior [ RunTime:0.000000s ]
INFO: [ template_filter ] --END-- [ RunTime:-2.897166s ]
SQL: SHOW COLUMNS FROM `x_comment` [ RunTime:0.0070s ]
NOTIC: [8] Only variables should be passed by reference F:\web\httpd-2.4\Apache24\htdocs\xhust\thinkphp\Application\Home\Widget\CommentWidget.class.php 第 20 行.
SQL: SELECT * FROM `x_comment` WHERE `pid` = 0 AND `status` = 1 AND `app_id` = 0 AND `category` = 0 LIMIT 0,4   [ RunTime:0.0000s ]
SQL: SELECT * FROM `x_comment` WHERE `pid` = 65 AND `status` = 1 AND `app_id` = 0 AND `category` = 0  [ RunTime:0.0000s ]
SQL: SELECT * FROM `x_comment` WHERE `pid` = 66 AND `status` = 1 AND `app_id` = 0 AND `category` = 0  [ RunTime:0.0000s ]
SQL: SELECT * FROM `x_comment` WHERE `pid` = 72 AND `status` = 1 AND `app_id` = 0 AND `category` = 0  [ RunTime:0.0010s ]
SQL: SELECT * FROM `x_comment` WHERE `pid` = 73 AND `status` = 1 AND `app_id` = 0 AND `category` = 0  [ RunTime:0.0010s ]
INFO: [ view_parse ] --START--
INFO: [ template_filter ] --START--
INFO: Run Behavior\ContentReplaceBehavior [ RunTime:0.000000s ]
INFO: [ template_filter ] --END-- [ RunTime:-3.179182s ]
INFO: Run Behavior\ParseTemplateBehavior [ RunTime:0.005000s ]
INFO: [ view_parse ] --END-- [ RunTime:-0.363021s ]
INFO: [ view_filter ] --START--
INFO: Run Behavior\WriteHtmlCacheBehavior [ RunTime:0.000000s ]
INFO: [ view_filter ] --END-- [ RunTime:-0.368021s ]
INFO: Run Behavior\ParseTemplateBehavior [ RunTime:0.005000s ]
INFO: [ view_parse ] --END-- [ RunTime:-0.363021s ]
INFO: [ view_filter ] --START--
INFO: Run Behavior\WriteHtmlCacheBehavior [ RunTime:0.000000s ]
INFO: [ view_filter ] --END-- [ RunTime:-0.369021s ]
NOTIC: [8] Undefined variable: contact F:\web\httpd-2.4\Apache24\htdocs\xhust\thinkphp\Application\Runtime\Cache\Home\2a94b8bda04ff446dcedd42276fc99ee.php 第 182 行.
INFO: Run Behavior\ParseTemplateBehavior [ RunTime:0.006000s ]
INFO: [ view_parse ] --END-- [ RunTime:-0.363021s ]
INFO: [ view_filter ] --START--
INFO: Run Behavior\WriteHtmlCacheBehavior [ RunTime:0.000000s ]
INFO: [ view_filter ] --END-- [ RunTime:-0.369021s ]
INFO: [ app_end ] --START--
INFO: Run Behavior\ShowPageTraceBehavior [ RunTime:0.001001s ]
INFO: [ app_end ] --END-- [ RunTime:0.001001s ]

[ 2018-03-08T20:15:30+08:00 ] ::1 /xhust/thinkphp/index.php
INFO: [ app_init ] --START--
INFO: Run Behavior\BuildLiteBehavior [ RunTime:0.000000s ]
INFO: [ app_init ] --END-- [ RunTime:0.001000s ]
INFO: [ app_begin ] --START--
INFO: Run Behavior\ReadHtmlCacheBehavior [ RunTime:0.002000s ]
INFO: [ app_begin ] --END-- [ RunTime:0.002000s ]
INFO: [ view_parse ] --START--
INFO: [ template_filter ] --START--
INFO: Run Behavior\ContentReplaceBehavior [ RunTime:0.000000s ]
INFO: [ template_filter ] --END-- [ RunTime:0.001001s ]
NOTIC: [8] Undefined index: HTTP_X_REAL_IP F:\web\httpd-2.4\Apache24\htdocs\xhust\thinkphp\ThinkPHP\Common\functions.php 第 1456 行.
INFO: [ view_parse ] --START--
INFO: [ template_filter ] --START--
INFO: Run Behavior\ContentReplaceBehavior [ RunTime:0.000000s ]
INFO: [ template_filter ] --END-- [ RunTime:-1.462083s ]
INFO: Run Behavior\ParseTemplateBehavior [ RunTime:0.003000s ]
INFO: [ view_parse ] --END-- [ RunTime:0.003000s ]
INFO: [ view_filter ] --START--
INFO: Run Behavior\WriteHtmlCacheBehavior [ RunTime:0.000000s ]
INFO: [ view_filter ] --END-- [ RunTime:0.001000s ]
SQL: SHOW COLUMNS FROM `x_apps` [ RunTime:0.0080s ]
SQL: SELECT * FROM `x_apps` WHERE ( status=1 ) LIMIT 0,16   [ RunTime:0.0010s ]
SQL: SELECT COUNT(*) AS tp_count FROM `x_apps` WHERE ( status=1 ) LIMIT 1   [ RunTime:0.0000s ]
SQL: SELECT * FROM `x_apps` WHERE ( status=1 ) ORDER BY love_times desc LIMIT 5   [ RunTime:0.0010s ]
INFO: [ view_parse ] --START--
INFO: [ template_filter ] --START--
INFO: Run Behavior\ContentReplaceBehavior [ RunTime:0.000000s ]
INFO: [ template_filter ] --END-- [ RunTime:-1.498085s ]
INFO: Run Behavior\ParseTemplateBehavior [ RunTime:0.009001s ]
INFO: [ view_parse ] --END-- [ RunTime:-0.031002s ]
INFO: [ view_filter ] --START--
INFO: Run Behavior\WriteHtmlCacheBehavior [ RunTime:0.001000s ]
INFO: [ view_filter ] --END-- [ RunTime:-0.039003s ]
SQL: SHOW COLUMNS FROM `x_article` [ RunTime:0.0070s ]
SQL: SELECT COUNT(*) AS tp_count FROM `x_article` WHERE `status` = 1 LIMIT 1   [ RunTime:0.0010s ]
SQL: SELECT * FROM `x_article` WHERE `status` = 1 ORDER BY created_at desc LIMIT 0,4   [ RunTime:0.0010s ]
SQL: SELECT `id`,`title`,`author`,`created_at`,`read_times`,`love_times` FROM `x_article` WHERE `status` = 1 ORDER BY read_times desc LIMIT 5   [ RunTime:0.0000s ]
INFO: [ view_parse ] --START--
INFO: [ template_filter ] --START--
INFO: Run Behavior\ContentReplaceBehavior [ RunTime:0.000000s ]
INFO: [ template_filter ] --END-- [ RunTime:-1.518086s ]
SQL: SELECT `id`,`title`,`author`,`created_at`,`read_times`,`love_times` FROM `x_article` WHERE `status` = 1 ORDER BY read_times desc LIMIT 5   [ RunTime:0.0010s ]
INFO: [ view_parse ] --START--
INFO: [ template_filter ] --START--
INFO: Run Behavior\ContentReplaceBehavior [ RunTime:0.000000s ]
INFO: [ template_filter ] --END-- [ RunTime:-1.527087s ]
INFO: Run Behavior\ParseTemplateBehavior [ RunTime:0.004000s ]
INFO: [ view_parse ] --END-- [ RunTime:-0.061004s ]
INFO: [ view_filter ] --START--
INFO: Run Behavior\WriteHtmlCacheBehavior [ RunTime:0.000000s ]
INFO: [ view_filter ] --END-- [ RunTime:-0.064004s ]
INFO: Run Behavior\ParseTemplateBehavior [ RunTime:0.004000s ]
INFO: [ view_parse ] --END-- [ RunTime:-0.061004s ]
INFO: [ view_filter ] --START--
INFO: Run Behavior\WriteHtmlCacheBehavior [ RunTime:0.000000s ]
INFO: [ view_filter ] --END-- [ RunTime:-0.064004s ]
SQL: SHOW COLUMNS FROM `x_comment` [ RunTime:0.0090s ]
SQL: SELECT COUNT(*) AS tp_count FROM `x_comment` WHERE `pid` = 0 AND `status` = 1 AND `app_id` = 0 AND `category` = 0 LIMIT 1   [ RunTime:0.0010s ]
INFO: [ view_parse ] --START--
INFO: [ template_filter ] --START--
INFO: Run Behavior\ContentReplaceBehavior [ RunTime:0.000000s ]
INFO: [ template_filter ] --END-- [ RunTime:-1.543088s ]
SQL: SHOW COLUMNS FROM `x_comment` [ RunTime:0.0080s ]
NOTIC: [8] Only variables should be passed by reference F:\web\httpd-2.4\Apache24\htdocs\xhust\thinkphp\Application\Home\Widget\CommentWidget.class.php 第 20 行.
SQL: SELECT * FROM `x_comment` WHERE `pid` = 0 AND `status` = 1 AND `app_id` = 0 AND `category` = 0 LIMIT 0,4   [ RunTime:0.0000s ]
SQL: SELECT * FROM `x_comment` WHERE `pid` = 65 AND `status` = 1 AND `app_id` = 0 AND `category` = 0  [ RunTime:0.0000s ]
SQL: SELECT * FROM `x_comment` WHERE `pid` = 66 AND `status` = 1 AND `app_id` = 0 AND `category` = 0  [ RunTime:0.0010s ]
SQL: SELECT * FROM `x_comment` WHERE `pid` = 72 AND `status` = 1 AND `app_id` = 0 AND `category` = 0  [ RunTime:0.0000s ]
SQL: SELECT * FROM `x_comment` WHERE `pid` = 73 AND `status` = 1 AND `app_id` = 0 AND `category` = 0  [ RunTime:0.0010s ]
INFO: [ view_parse ] --START--
INFO: [ template_filter ] --START--
INFO: Run Behavior\ContentReplaceBehavior [ RunTime:0.000000s ]
INFO: [ template_filter ] --END-- [ RunTime:-1.941111s ]
INFO: Run Behavior\ParseTemplateBehavior [ RunTime:0.006001s ]
INFO: [ view_parse ] --END-- [ RunTime:-0.474027s ]
INFO: [ view_filter ] --START--
INFO: Run Behavior\WriteHtmlCacheBehavior [ RunTime:0.000000s ]
INFO: [ view_filter ] --END-- [ RunTime:-0.479028s ]
INFO: Run Behavior\ParseTemplateBehavior [ RunTime:0.006001s ]
INFO: [ view_parse ] --END-- [ RunTime:-0.474027s ]
INFO: [ view_filter ] --START--
INFO: Run Behavior\WriteHtmlCacheBehavior [ RunTime:0.000000s ]
INFO: [ view_filter ] --END-- [ RunTime:-0.479028s ]
NOTIC: [8] Undefined variable: contact F:\web\httpd-2.4\Apache24\htdocs\xhust\thinkphp\Application\Runtime\Cache\Home\2a94b8bda04ff446dcedd42276fc99ee.php 第 182 行.
INFO: Run Behavior\ParseTemplateBehavior [ RunTime:0.006001s ]
INFO: [ view_parse ] --END-- [ RunTime:-0.474027s ]
INFO: [ view_filter ] --START--
INFO: Run Behavior\WriteHtmlCacheBehavior [ RunTime:0.000000s ]
INFO: [ view_filter ] --END-- [ RunTime:-0.479028s ]
INFO: [ app_end ] --START--
INFO: Run Behavior\ShowPageTraceBehavior [ RunTime:0.005000s ]
INFO: [ app_end ] --END-- [ RunTime:0.005000s ]

