[ 2018-02-26T19:53:32+08:00 ] ::1 /xhust/thinkphp/index.php/Home/AppList/getApp.html
INFO: [ app_begin ] --START--
INFO: Run Behavior\ReadHtmlCacheBehavior [ RunTime:0.001000s ]
INFO: [ app_begin ] --END-- [ RunTime:0.001000s ]
SQL: SHOW COLUMNS FROM `x_apps` [ RunTime:0.0060s ]
SQL: SELECT * FROM `x_apps` WHERE `status` = 1 LIMIT 8,8   [ RunTime:0.0010s ]

[ 2018-02-26T19:53:34+08:00 ] ::1 /xhust/thinkphp/index.php/Home/AppList/getApp.html
INFO: [ app_begin ] --START--
INFO: Run Behavior\ReadHtmlCacheBehavior [ RunTime:0.001000s ]
INFO: [ app_begin ] --END-- [ RunTime:0.002000s ]
SQL: SHOW COLUMNS FROM `x_apps` [ RunTime:0.0060s ]
SQL: SELECT * FROM `x_apps` WHERE `status` = 1 LIMIT 0,8   [ RunTime:0.0000s ]

[ 2018-02-26T19:53:35+08:00 ] ::1 /xhust/thinkphp/index.php/Home/AppList/getApp.html
INFO: [ app_begin ] --START--
INFO: Run Behavior\ReadHtmlCacheBehavior [ RunTime:0.000000s ]
INFO: [ app_begin ] --END-- [ RunTime:0.001000s ]
SQL: SHOW COLUMNS FROM `x_apps` [ RunTime:0.0070s ]
SQL: SELECT * FROM `x_apps` WHERE `status` = 1 LIMIT 8,8   [ RunTime:0.0010s ]

[ 2018-02-26T19:53:39+08:00 ] ::1 /xhust/thinkphp/index.php/Home/AppList/getApp.html
INFO: [ app_begin ] --START--
INFO: Run Behavior\ReadHtmlCacheBehavior [ RunTime:0.001000s ]
INFO: [ app_begin ] --END-- [ RunTime:0.001000s ]
SQL: SHOW COLUMNS FROM `x_apps` [ RunTime:0.0050s ]
SQL: SELECT * FROM `x_apps` WHERE `status` = 1 LIMIT 0,8   [ RunTime:0.0000s ]

[ 2018-02-26T19:53:44+08:00 ] ::1 /xhust/thinkphp/index.php/Home/AppList/getApp.html
INFO: [ app_begin ] --START--
INFO: Run Behavior\ReadHtmlCacheBehavior [ RunTime:0.001000s ]
INFO: [ app_begin ] --END-- [ RunTime:0.001000s ]
SQL: SHOW COLUMNS FROM `x_apps` [ RunTime:0.0090s ]
SQL: SELECT * FROM `x_apps` WHERE `status` = 1 LIMIT 8,8   [ RunTime:0.0010s ]

[ 2018-02-26T19:53:48+08:00 ] ::1 /xhust/thinkphp/index.php/Home/AppList/getApp.html
INFO: [ app_begin ] --START--
INFO: Run Behavior\ReadHtmlCacheBehavior [ RunTime:0.001000s ]
INFO: [ app_begin ] --END-- [ RunTime:0.001000s ]
SQL: SHOW COLUMNS FROM `x_apps` [ RunTime:0.0060s ]
SQL: SELECT * FROM `x_apps` WHERE `status` = 1 LIMIT 0,8   [ RunTime:0.0010s ]

[ 2018-02-26T19:53:49+08:00 ] ::1 /xhust/thinkphp/index.php/Home/AppList/getApp.html
INFO: [ app_begin ] --START--
INFO: Run Behavior\ReadHtmlCacheBehavior [ RunTime:0.001000s ]
INFO: [ app_begin ] --END-- [ RunTime:0.002000s ]
SQL: SHOW COLUMNS FROM `x_apps` [ RunTime:0.0060s ]
SQL: SELECT * FROM `x_apps` WHERE `status` = 1 LIMIT 8,8   [ RunTime:0.0010s ]

[ 2018-02-26T19:53:54+08:00 ] ::1 /xhust/thinkphp/index.php/Home/AppList/getApp.html
INFO: [ app_begin ] --START--
INFO: Run Behavior\ReadHtmlCacheBehavior [ RunTime:0.001000s ]
INFO: [ app_begin ] --END-- [ RunTime:0.001000s ]
SQL: SHOW COLUMNS FROM `x_apps` [ RunTime:0.0100s ]
SQL: SELECT * FROM `x_apps` WHERE `status` = 1 LIMIT 0,8   [ RunTime:0.0020s ]

[ 2018-02-26T19:53:56+08:00 ] ::1 /xhust/thinkphp/index.php/Home/AppList/getApp.html
INFO: [ app_begin ] --START--
INFO: Run Behavior\ReadHtmlCacheBehavior [ RunTime:0.000000s ]
INFO: [ app_begin ] --END-- [ RunTime:0.000000s ]
SQL: SHOW COLUMNS FROM `x_apps` [ RunTime:0.0070s ]
SQL: SELECT * FROM `x_apps` WHERE `status` = 1 LIMIT 8,8   [ RunTime:0.0010s ]

[ 2018-02-26T19:53:57+08:00 ] ::1 /xhust/thinkphp/index.php/Home/AppList/getApp.html
INFO: [ app_begin ] --START--
INFO: Run Behavior\ReadHtmlCacheBehavior [ RunTime:0.001000s ]
INFO: [ app_begin ] --END-- [ RunTime:0.001000s ]
SQL: SHOW COLUMNS FROM `x_apps` [ RunTime:0.0060s ]
SQL: SELECT * FROM `x_apps` WHERE `status` = 1 LIMIT 0,8   [ RunTime:0.0000s ]

