[ 2018-01-23T11:08:12+08:00 ] ::1 /xhust/thinkphp/index.php
ERR: syntax error, unexpected 'addHeart' (T_STRING), expecting variable (T_VARIABLE)

[ 2018-01-23T15:03:44+08:00 ] ::1 /xhust/thinkphp/index.php/Home/Index/addHeart.html
INFO: [ app_begin ] --START--
INFO: Run Behavior\ReadHtmlCacheBehavior [ RunTime:0.001000s ]
INFO: [ app_begin ] --END-- [ RunTime:0.001000s ]

[ 2018-01-23T16:22:18+08:00 ] ::1 /xhust/thinkphp/index.php/Home/Index/addHeart.html
INFO: [ app_begin ] --START--
INFO: Run Behavior\ReadHtmlCacheBehavior [ RunTime:0.001000s ]
INFO: [ app_begin ] --END-- [ RunTime:0.002001s ]
SQL: SHOW COLUMNS FROM `x_apps` [ RunTime:0.0140s ]

[ 2018-01-23T16:22:20+08:00 ] ::1 /xhust/thinkphp/index.php/Home/Index/addHeart.html
INFO: [ app_begin ] --START--
INFO: Run Behavior\ReadHtmlCacheBehavior [ RunTime:0.001000s ]
INFO: [ app_begin ] --END-- [ RunTime:0.002000s ]
SQL: SHOW COLUMNS FROM `x_apps` [ RunTime:0.0280s ]

[ 2018-01-23T16:27:46+08:00 ] ::1 /xhust/thinkphp/index.php
ERR: syntax error, unexpected '=>' (T_DOUBLE_ARROW)

[ 2018-01-23T16:28:21+08:00 ] ::1 /xhust/thinkphp/index.php/Home/Index/addHeart.html
INFO: [ app_begin ] --START--
INFO: Run Behavior\ReadHtmlCacheBehavior [ RunTime:0.000000s ]
INFO: [ app_begin ] --END-- [ RunTime:0.001000s ]
SQL: SHOW COLUMNS FROM `x_apps` [ RunTime:0.0060s ]
SQL: SELECT `love_times` FROM `x_apps` WHERE ( status=1 ) AND `id` = 1 AND `status` = 1 LIMIT 1   [ RunTime:0.0010s ]

[ 2018-01-23T16:28:23+08:00 ] ::1 /xhust/thinkphp/index.php/Home/Index/addHeart.html
INFO: [ app_begin ] --START--
INFO: Run Behavior\ReadHtmlCacheBehavior [ RunTime:0.000000s ]
INFO: [ app_begin ] --END-- [ RunTime:0.001000s ]
SQL: SHOW COLUMNS FROM `x_apps` [ RunTime:0.0070s ]
SQL: SELECT `love_times` FROM `x_apps` WHERE ( status=1 ) AND `id` = 1 AND `status` = 1 LIMIT 1   [ RunTime:0.0000s ]

[ 2018-01-23T16:28:25+08:00 ] ::1 /xhust/thinkphp/index.php/Home/Index/addHeart.html
INFO: [ app_begin ] --START--
INFO: Run Behavior\ReadHtmlCacheBehavior [ RunTime:0.001000s ]
INFO: [ app_begin ] --END-- [ RunTime:0.001000s ]
SQL: SHOW COLUMNS FROM `x_apps` [ RunTime:0.0050s ]
SQL: SELECT `love_times` FROM `x_apps` WHERE ( status=1 ) AND `id` = 2 AND `status` = 1 LIMIT 1   [ RunTime:0.0000s ]

[ 2018-01-23T16:28:48+08:00 ] ::1 /xhust/thinkphp/index.php/Home/Index/addHeart.html
INFO: [ app_begin ] --START--
INFO: Run Behavior\ReadHtmlCacheBehavior [ RunTime:0.000000s ]
INFO: [ app_begin ] --END-- [ RunTime:0.001000s ]
SQL: SHOW COLUMNS FROM `x_apps` [ RunTime:0.0070s ]
SQL: SELECT `love_times` FROM `x_apps` WHERE ( status=1 ) AND `id` = 1 AND `status` = 1 LIMIT 1   [ RunTime:0.0010s ]

[ 2018-01-23T16:28:50+08:00 ] ::1 /xhust/thinkphp/index.php/Home/Index/addHeart.html
INFO: [ app_begin ] --START--
INFO: Run Behavior\ReadHtmlCacheBehavior [ RunTime:0.001000s ]
INFO: [ app_begin ] --END-- [ RunTime:0.001000s ]
SQL: SHOW COLUMNS FROM `x_apps` [ RunTime:0.0180s ]
SQL: SELECT `love_times` FROM `x_apps` WHERE ( status=1 ) AND `id` = 2 AND `status` = 1 LIMIT 1   [ RunTime:0.0000s ]

[ 2018-01-23T16:30:40+08:00 ] ::1 /xhust/thinkphp/index.php/Home/Index/addHeart.html
INFO: [ app_begin ] --START--
INFO: Run Behavior\ReadHtmlCacheBehavior [ RunTime:0.001000s ]
INFO: [ app_begin ] --END-- [ RunTime:0.001000s ]
SQL: SHOW COLUMNS FROM `x_apps` [ RunTime:0.0080s ]
SQL: SELECT `love_times` FROM `x_apps` WHERE ( status=1 ) AND `id` = 1 AND `status` = 1 LIMIT 1   [ RunTime:0.0000s ]
SQL: UPDATE `x_apps` SET `love_times`='1' WHERE `id` = 1 AND `status` = 1 [ RunTime:0.5390s ]

[ 2018-01-23T16:31:22+08:00 ] ::1 /xhust/thinkphp/index.php
ERR: syntax error, unexpected '$user' (T_VARIABLE)

[ 2018-01-23T16:31:37+08:00 ] ::1 /xhust/thinkphp/index.php/Home/Index/addHeart.html
INFO: [ app_begin ] --START--
INFO: Run Behavior\ReadHtmlCacheBehavior [ RunTime:0.000000s ]
INFO: [ app_begin ] --END-- [ RunTime:0.001000s ]
SQL: SHOW COLUMNS FROM `x_apps` [ RunTime:0.0060s ]
SQL: SELECT `love_times` FROM `x_apps` WHERE ( status=1 ) AND `id` = 2 AND `status` = 1 LIMIT 1   [ RunTime:0.0010s ]
SQL: UPDATE `x_apps` SET `love_times`='1' WHERE `id` = 2 AND `status` = 1 [ RunTime:0.0850s ]

[ 2018-01-23T16:31:39+08:00 ] ::1 /xhust/thinkphp/index.php/Home/Index/addHeart.html
INFO: [ app_begin ] --START--
INFO: Run Behavior\ReadHtmlCacheBehavior [ RunTime:0.001000s ]
INFO: [ app_begin ] --END-- [ RunTime:0.002000s ]
SQL: SHOW COLUMNS FROM `x_apps` [ RunTime:0.0060s ]
SQL: SELECT `love_times` FROM `x_apps` WHERE ( status=1 ) AND `id` = 2 AND `status` = 1 LIMIT 1   [ RunTime:0.0010s ]
SQL: UPDATE `x_apps` SET `love_times`='2' WHERE `id` = 2 AND `status` = 1 [ RunTime:0.0690s ]

[ 2018-01-23T16:36:28+08:00 ] ::1 /xhust/thinkphp/index.php/Home/Index/addHeart.html
INFO: [ app_begin ] --START--
INFO: Run Behavior\ReadHtmlCacheBehavior [ RunTime:0.000000s ]
INFO: [ app_begin ] --END-- [ RunTime:0.001000s ]
SQL: SHOW COLUMNS FROM `x_apps` [ RunTime:0.0060s ]
SQL: SELECT `love_times` FROM `x_apps` WHERE ( status=1 ) AND `id` = 2 AND `status` = 1 LIMIT 1   [ RunTime:0.0000s ]
SQL: UPDATE `x_apps` SET `love_times`='3' WHERE `id` = 2 AND `status` = 1 [ RunTime:0.0720s ]

[ 2018-01-23T16:38:31+08:00 ] ::1 /xhust/thinkphp/index.php/Home/Index/addHeart.html
INFO: [ app_begin ] --START--
INFO: Run Behavior\ReadHtmlCacheBehavior [ RunTime:0.001000s ]
INFO: [ app_begin ] --END-- [ RunTime:0.001000s ]
SQL: SHOW COLUMNS FROM `x_apps` [ RunTime:0.0080s ]
SQL: SELECT `love_times` FROM `x_apps` WHERE ( status=1 ) AND `id` = 2 AND `status` = 1 LIMIT 1   [ RunTime:0.0000s ]
SQL: UPDATE `x_apps` SET `love_times`='4' WHERE `id` = 2 AND `status` = 1 [ RunTime:0.0790s ]

[ 2018-01-23T16:52:12+08:00 ] ::1 /xhust/thinkphp/index.php/Home/Index/addHeart.html
INFO: [ app_begin ] --START--
INFO: Run Behavior\ReadHtmlCacheBehavior [ RunTime:0.002000s ]
INFO: [ app_begin ] --END-- [ RunTime:0.002000s ]
SQL: SHOW COLUMNS FROM `x_apps` [ RunTime:0.0080s ]
SQL: SELECT `love_times` FROM `x_apps` WHERE ( status=1 ) AND `id` = 2 AND `status` = 1 LIMIT 1   [ RunTime:0.0000s ]
SQL: UPDATE `x_apps` SET `love_times`='5' WHERE `id` = 2 AND `status` = 1 [ RunTime:0.2140s ]

[ 2018-01-23T16:52:16+08:00 ] ::1 /xhust/thinkphp/index.php/Home/Index/addHeart.html
INFO: [ app_begin ] --START--
INFO: Run Behavior\ReadHtmlCacheBehavior [ RunTime:0.000000s ]
INFO: [ app_begin ] --END-- [ RunTime:0.001000s ]
SQL: SHOW COLUMNS FROM `x_apps` [ RunTime:0.0060s ]
SQL: SELECT `love_times` FROM `x_apps` WHERE ( status=1 ) AND `id` = 2 AND `status` = 1 LIMIT 1   [ RunTime:0.0000s ]
SQL: UPDATE `x_apps` SET `love_times`='6' WHERE `id` = 2 AND `status` = 1 [ RunTime:0.0410s ]

[ 2018-01-23T16:52:53+08:00 ] ::1 /xhust/thinkphp/index.php/Home/Index/addHeart.html
INFO: [ app_begin ] --START--
INFO: Run Behavior\ReadHtmlCacheBehavior [ RunTime:0.000000s ]
INFO: [ app_begin ] --END-- [ RunTime:0.001000s ]
SQL: SHOW COLUMNS FROM `x_apps` [ RunTime:0.0090s ]
SQL: SELECT `love_times` FROM `x_apps` WHERE ( status=1 ) AND `id` = 3 AND `status` = 1 LIMIT 1   [ RunTime:0.0010s ]
SQL: UPDATE `x_apps` SET `love_times`='1' WHERE `id` = 3 AND `status` = 1 [ RunTime:0.2610s ]

[ 2018-01-23T16:52:57+08:00 ] ::1 /xhust/thinkphp/index.php/Home/Index/addHeart.html
INFO: [ app_begin ] --START--
INFO: Run Behavior\ReadHtmlCacheBehavior [ RunTime:0.001000s ]
INFO: [ app_begin ] --END-- [ RunTime:0.002000s ]
SQL: SHOW COLUMNS FROM `x_apps` [ RunTime:0.0090s ]
SQL: SELECT `love_times` FROM `x_apps` WHERE ( status=1 ) AND `id` = 3 AND `status` = 1 LIMIT 1   [ RunTime:0.0000s ]
SQL: UPDATE `x_apps` SET `love_times`='2' WHERE `id` = 3 AND `status` = 1 [ RunTime:0.0390s ]

[ 2018-01-23T16:54:53+08:00 ] ::1 /xhust/thinkphp/index.php/Home/Index/addHeart.html
INFO: [ app_begin ] --START--
INFO: Run Behavior\ReadHtmlCacheBehavior [ RunTime:0.001001s ]
INFO: [ app_begin ] --END-- [ RunTime:0.001001s ]
SQL: SHOW COLUMNS FROM `x_apps` [ RunTime:0.0060s ]
SQL: SELECT `love_times` FROM `x_apps` WHERE ( status=1 ) AND `id` = 2 AND `status` = 1 LIMIT 1   [ RunTime:0.0000s ]
SQL: UPDATE `x_apps` SET `love_times`='7' WHERE `id` = 2 AND `status` = 1 [ RunTime:0.0780s ]

[ 2018-01-23T16:55:51+08:00 ] ::1 /xhust/thinkphp/index.php/Home/Index/addHeart.html
INFO: [ app_begin ] --START--
INFO: Run Behavior\ReadHtmlCacheBehavior [ RunTime:0.001000s ]
INFO: [ app_begin ] --END-- [ RunTime:0.001000s ]
SQL: SHOW COLUMNS FROM `x_apps` [ RunTime:0.0100s ]
SQL: SELECT `love_times` FROM `x_apps` WHERE ( status=1 ) AND `id` = 2 AND `status` = 1 LIMIT 1   [ RunTime:0.0000s ]
SQL: UPDATE `x_apps` SET `love_times`='8' WHERE `id` = 2 AND `status` = 1 [ RunTime:0.1690s ]

[ 2018-01-23T16:56:32+08:00 ] ::1 /xhust/thinkphp/index.php/Home/Index/addHeart.html
INFO: [ app_begin ] --START--
INFO: Run Behavior\ReadHtmlCacheBehavior [ RunTime:0.001000s ]
INFO: [ app_begin ] --END-- [ RunTime:0.001000s ]
SQL: SHOW COLUMNS FROM `x_apps` [ RunTime:0.0070s ]
SQL: SELECT `love_times` FROM `x_apps` WHERE ( status=1 ) AND `id` = 2 AND `status` = 1 LIMIT 1   [ RunTime:0.0000s ]
SQL: UPDATE `x_apps` SET `love_times`='9' WHERE `id` = 2 AND `status` = 1 [ RunTime:0.0820s ]

[ 2018-01-23T16:56:46+08:00 ] ::1 /xhust/thinkphp/index.php/Home/Index/addHeart.html
INFO: [ app_begin ] --START--
INFO: Run Behavior\ReadHtmlCacheBehavior [ RunTime:0.001000s ]
INFO: [ app_begin ] --END-- [ RunTime:0.001000s ]
SQL: SHOW COLUMNS FROM `x_apps` [ RunTime:0.0060s ]
SQL: SELECT `love_times` FROM `x_apps` WHERE ( status=1 ) AND `id` = 2 AND `status` = 1 LIMIT 1   [ RunTime:0.0010s ]
SQL: UPDATE `x_apps` SET `love_times`='10' WHERE `id` = 2 AND `status` = 1 [ RunTime:0.0680s ]

[ 2018-01-23T16:58:31+08:00 ] ::1 /xhust/thinkphp/index.php/Home/Index/addHeart.html
INFO: [ app_begin ] --START--
INFO: Run Behavior\ReadHtmlCacheBehavior [ RunTime:0.000000s ]
INFO: [ app_begin ] --END-- [ RunTime:0.001000s ]
SQL: SHOW COLUMNS FROM `x_apps` [ RunTime:0.0060s ]
SQL: SELECT `love_times` FROM `x_apps` WHERE ( status=1 ) AND `id` = 2 AND `status` = 1 LIMIT 1   [ RunTime:0.0000s ]
SQL: UPDATE `x_apps` SET `love_times`='11' WHERE `id` = 2 AND `status` = 1 [ RunTime:0.0870s ]

[ 2018-01-23T16:58:49+08:00 ] ::1 /xhust/thinkphp/index.php/Home/Index/addHeart.html
INFO: [ app_begin ] --START--
INFO: Run Behavior\ReadHtmlCacheBehavior [ RunTime:0.000000s ]
INFO: [ app_begin ] --END-- [ RunTime:0.001000s ]
SQL: SHOW COLUMNS FROM `x_apps` [ RunTime:0.0070s ]
SQL: SELECT `love_times` FROM `x_apps` WHERE ( status=1 ) AND `id` = 2 AND `status` = 1 LIMIT 1   [ RunTime:0.0000s ]
SQL: UPDATE `x_apps` SET `love_times`='12' WHERE `id` = 2 AND `status` = 1 [ RunTime:0.0530s ]

[ 2018-01-23T17:01:01+08:00 ] ::1 /xhust/thinkphp/index.php/Home/Index/addHeart.html
INFO: [ app_begin ] --START--
INFO: Run Behavior\ReadHtmlCacheBehavior [ RunTime:0.001000s ]
INFO: [ app_begin ] --END-- [ RunTime:0.002000s ]
SQL: SHOW COLUMNS FROM `x_apps` [ RunTime:0.0060s ]
SQL: SELECT `love_times` FROM `x_apps` WHERE ( status=1 ) AND `id` = 2 AND `status` = 1 LIMIT 1   [ RunTime:0.0000s ]
SQL: UPDATE `x_apps` SET `love_times`='13' WHERE `id` = 2 AND `status` = 1 [ RunTime:0.0680s ]

[ 2018-01-23T17:05:34+08:00 ] ::1 /xhust/thinkphp/index.php/Home/Index/addHeart.html
INFO: [ app_begin ] --START--
INFO: Run Behavior\ReadHtmlCacheBehavior [ RunTime:0.001000s ]
INFO: [ app_begin ] --END-- [ RunTime:0.002000s ]
SQL: SHOW COLUMNS FROM `x_apps` [ RunTime:0.0080s ]
SQL: SELECT `love_times` FROM `x_apps` WHERE ( status=1 ) AND `id` = 2 AND `status` = 1 LIMIT 1   [ RunTime:0.0010s ]
SQL: UPDATE `x_apps` SET `love_times`='14' WHERE `id` = 2 AND `status` = 1 [ RunTime:0.0410s ]

[ 2018-01-23T17:05:56+08:00 ] ::1 /xhust/thinkphp/index.php/Home/Index/addHeart.html
INFO: [ app_begin ] --START--
INFO: Run Behavior\ReadHtmlCacheBehavior [ RunTime:0.001000s ]
INFO: [ app_begin ] --END-- [ RunTime:0.001000s ]
SQL: SHOW COLUMNS FROM `x_apps` [ RunTime:0.0060s ]
SQL: SELECT `love_times` FROM `x_apps` WHERE ( status=1 ) AND `id` = 2 AND `status` = 1 LIMIT 1   [ RunTime:0.0010s ]
SQL: UPDATE `x_apps` SET `love_times`='15' WHERE `id` = 2 AND `status` = 1 [ RunTime:0.1260s ]

[ 2018-01-23T17:06:18+08:00 ] ::1 /xhust/thinkphp/index.php/Home/Index/addHeart.html
INFO: [ app_begin ] --START--
INFO: Run Behavior\ReadHtmlCacheBehavior [ RunTime:0.001000s ]
INFO: [ app_begin ] --END-- [ RunTime:0.002000s ]
SQL: SHOW COLUMNS FROM `x_apps` [ RunTime:0.0080s ]
SQL: SELECT `love_times` FROM `x_apps` WHERE ( status=1 ) AND `id` = 2 AND `status` = 1 LIMIT 1   [ RunTime:0.0000s ]
SQL: UPDATE `x_apps` SET `love_times`='16' WHERE `id` = 2 AND `status` = 1 [ RunTime:0.0960s ]

[ 2018-01-23T17:34:54+08:00 ] ::1 /xhust/thinkphp/index.php
ERR: SQLSTATE[HY000] [2002] 由于连接方在一段时间后没有正确答复或连接的主机没有反应，连接尝试失败。


