[ 2018-02-27T20:21:45+08:00 ] ::1 /xhust/thinkphp/index.php/Apps/Barcode/getinfo.html
INFO: [ app_begin ] --START--
INFO: Run Behavior\ReadHtmlCacheBehavior [ RunTime:0.000000s ]
INFO: [ app_begin ] --END-- [ RunTime:0.001000s ]

[ 2018-02-27T20:22:12+08:00 ] ::1 /xhust/thinkphp/index.php/Apps/Barcode/getinfo.html
INFO: [ app_begin ] --START--
INFO: Run Behavior\ReadHtmlCacheBehavior [ RunTime:0.000000s ]
INFO: [ app_begin ] --END-- [ RunTime:0.001000s ]

[ 2018-02-27T20:22:46+08:00 ] ::1 /xhust/thinkphp/index.php/Apps/Barcode/getinfo.html
INFO: [ app_begin ] --START--
INFO: Run Behavior\ReadHtmlCacheBehavior [ RunTime:0.001000s ]
INFO: [ app_begin ] --END-- [ RunTime:0.001000s ]

[ 2018-02-27T20:24:14+08:00 ] ::1 /xhust/thinkphp/index.php/Apps/Barcode/getinfo.html
INFO: [ app_begin ] --START--
INFO: Run Behavior\ReadHtmlCacheBehavior [ RunTime:0.001000s ]
INFO: [ app_begin ] --END-- [ RunTime:0.001000s ]

[ 2018-02-27T20:24:16+08:00 ] ::1 /xhust/thinkphp/index.php/Apps/Barcode/getinfo.html
INFO: [ app_begin ] --START--
INFO: Run Behavior\ReadHtmlCacheBehavior [ RunTime:0.001000s ]
INFO: [ app_begin ] --END-- [ RunTime:0.001000s ]

[ 2018-02-27T20:24:18+08:00 ] ::1 /xhust/thinkphp/index.php/Apps/Barcode/getinfo.html
INFO: [ app_begin ] --START--
INFO: Run Behavior\ReadHtmlCacheBehavior [ RunTime:0.001000s ]
INFO: [ app_begin ] --END-- [ RunTime:0.001000s ]

[ 2018-02-27T20:24:19+08:00 ] ::1 /xhust/thinkphp/index.php/Apps/Barcode/getinfo.html
INFO: [ app_begin ] --START--
INFO: Run Behavior\ReadHtmlCacheBehavior [ RunTime:0.000000s ]
INFO: [ app_begin ] --END-- [ RunTime:0.001000s ]

[ 2018-02-27T20:24:30+08:00 ] ::1 /xhust/thinkphp/index.php/Apps/Barcode/getinfo.html
INFO: [ app_begin ] --START--
INFO: Run Behavior\ReadHtmlCacheBehavior [ RunTime:0.001000s ]
INFO: [ app_begin ] --END-- [ RunTime:0.001000s ]

[ 2018-02-27T20:24:35+08:00 ] ::1 /xhust/thinkphp/index.php/Apps/Barcode/getinfo.html
INFO: [ app_begin ] --START--
INFO: Run Behavior\ReadHtmlCacheBehavior [ RunTime:0.001000s ]
INFO: [ app_begin ] --END-- [ RunTime:0.002000s ]

[ 2018-02-27T20:24:39+08:00 ] ::1 /xhust/thinkphp/index.php/Apps/Barcode/getinfo.html
INFO: [ app_begin ] --START--
INFO: Run Behavior\ReadHtmlCacheBehavior [ RunTime:0.000000s ]
INFO: [ app_begin ] --END-- [ RunTime:0.001000s ]

[ 2018-02-27T20:24:41+08:00 ] ::1 /xhust/thinkphp/index.php/Apps/Barcode/getinfo.html
INFO: [ app_begin ] --START--
INFO: Run Behavior\ReadHtmlCacheBehavior [ RunTime:0.000000s ]
INFO: [ app_begin ] --END-- [ RunTime:0.001000s ]

[ 2018-02-27T20:24:44+08:00 ] ::1 /xhust/thinkphp/index.php/Apps/Barcode/getinfo.html
INFO: [ app_begin ] --START--
INFO: Run Behavior\ReadHtmlCacheBehavior [ RunTime:0.000000s ]
INFO: [ app_begin ] --END-- [ RunTime:0.001000s ]

[ 2018-02-27T20:24:45+08:00 ] ::1 /xhust/thinkphp/index.php/Apps/Barcode/getinfo.html
INFO: [ app_begin ] --START--
INFO: Run Behavior\ReadHtmlCacheBehavior [ RunTime:0.001000s ]
INFO: [ app_begin ] --END-- [ RunTime:0.001000s ]

[ 2018-02-27T20:24:48+08:00 ] ::1 /xhust/thinkphp/index.php/Apps/Barcode/getinfo.html
INFO: [ app_begin ] --START--
INFO: Run Behavior\ReadHtmlCacheBehavior [ RunTime:0.001000s ]
INFO: [ app_begin ] --END-- [ RunTime:0.001000s ]

[ 2018-02-27T20:25:04+08:00 ] ::1 /xhust/thinkphp/index.php/Apps/Barcode/getinfo.html
INFO: [ app_begin ] --START--
INFO: Run Behavior\ReadHtmlCacheBehavior [ RunTime:0.001000s ]
INFO: [ app_begin ] --END-- [ RunTime:0.001000s ]

[ 2018-02-27T20:25:06+08:00 ] ::1 /xhust/thinkphp/index.php/Apps/Barcode/getinfo.html
INFO: [ app_begin ] --START--
INFO: Run Behavior\ReadHtmlCacheBehavior [ RunTime:0.001000s ]
INFO: [ app_begin ] --END-- [ RunTime:0.001000s ]

[ 2018-02-27T20:25:08+08:00 ] ::1 /xhust/thinkphp/index.php/Apps/Barcode/getinfo.html
INFO: [ app_begin ] --START--
INFO: Run Behavior\ReadHtmlCacheBehavior [ RunTime:0.000000s ]
INFO: [ app_begin ] --END-- [ RunTime:0.000000s ]

[ 2018-02-27T20:25:31+08:00 ] ::1 /xhust/thinkphp/index.php/Apps/Barcode/getinfo.html
INFO: [ app_begin ] --START--
INFO: Run Behavior\ReadHtmlCacheBehavior [ RunTime:0.001000s ]
INFO: [ app_begin ] --END-- [ RunTime:0.001000s ]

[ 2018-02-27T20:25:43+08:00 ] ::1 /xhust/thinkphp/index.php/Apps/Barcode/getinfo.html
INFO: [ app_begin ] --START--
INFO: Run Behavior\ReadHtmlCacheBehavior [ RunTime:0.001000s ]
INFO: [ app_begin ] --END-- [ RunTime:0.001000s ]

[ 2018-02-27T20:25:48+08:00 ] ::1 /xhust/thinkphp/index.php/Apps/Barcode/getinfo.html
INFO: [ app_begin ] --START--
INFO: Run Behavior\ReadHtmlCacheBehavior [ RunTime:0.000000s ]
INFO: [ app_begin ] --END-- [ RunTime:0.001000s ]

[ 2018-02-27T20:25:50+08:00 ] ::1 /xhust/thinkphp/index.php/Apps/Barcode/getinfo.html
INFO: [ app_begin ] --START--
INFO: Run Behavior\ReadHtmlCacheBehavior [ RunTime:0.000000s ]
INFO: [ app_begin ] --END-- [ RunTime:0.001000s ]

[ 2018-02-27T20:26:09+08:00 ] ::1 /xhust/thinkphp/index.php/Apps/Barcode/getinfo.html
INFO: [ app_begin ] --START--
INFO: Run Behavior\ReadHtmlCacheBehavior [ RunTime:0.001000s ]
INFO: [ app_begin ] --END-- [ RunTime:0.001000s ]

[ 2018-02-27T20:26:34+08:00 ] ::1 /xhust/thinkphp/index.php/Apps/Barcode/getinfo.html
INFO: [ app_begin ] --START--
INFO: Run Behavior\ReadHtmlCacheBehavior [ RunTime:0.001000s ]
INFO: [ app_begin ] --END-- [ RunTime:0.001000s ]

[ 2018-02-27T20:26:39+08:00 ] ::1 /xhust/thinkphp/index.php/Apps/Barcode/getinfo.html
INFO: [ app_begin ] --START--
INFO: Run Behavior\ReadHtmlCacheBehavior [ RunTime:0.000000s ]
INFO: [ app_begin ] --END-- [ RunTime:0.001000s ]

[ 2018-02-27T20:26:41+08:00 ] ::1 /xhust/thinkphp/index.php/Apps/Barcode/getinfo.html
INFO: [ app_begin ] --START--
INFO: Run Behavior\ReadHtmlCacheBehavior [ RunTime:0.001000s ]
INFO: [ app_begin ] --END-- [ RunTime:0.002000s ]

[ 2018-02-27T20:26:44+08:00 ] ::1 /xhust/thinkphp/index.php/Apps/Barcode/getinfo.html
INFO: [ app_begin ] --START--
INFO: Run Behavior\ReadHtmlCacheBehavior [ RunTime:0.000000s ]
INFO: [ app_begin ] --END-- [ RunTime:0.000000s ]

[ 2018-02-27T20:26:50+08:00 ] ::1 /xhust/thinkphp/index.php/Apps/Barcode/getinfo.html
INFO: [ app_begin ] --START--
INFO: Run Behavior\ReadHtmlCacheBehavior [ RunTime:0.001000s ]
INFO: [ app_begin ] --END-- [ RunTime:0.001000s ]

[ 2018-02-27T20:27:10+08:00 ] ::1 /xhust/thinkphp/index.php/Apps/Barcode/getinfo.html
INFO: [ app_begin ] --START--
INFO: Run Behavior\ReadHtmlCacheBehavior [ RunTime:0.000000s ]
INFO: [ app_begin ] --END-- [ RunTime:0.000000s ]

[ 2018-02-27T20:27:15+08:00 ] ::1 /xhust/thinkphp/index.php/Apps/Barcode/getinfo.html
INFO: [ app_begin ] --START--
INFO: Run Behavior\ReadHtmlCacheBehavior [ RunTime:0.001000s ]
INFO: [ app_begin ] --END-- [ RunTime:0.001000s ]

[ 2018-02-27T20:27:17+08:00 ] ::1 /xhust/thinkphp/index.php/Apps/Barcode/getinfo.html
INFO: [ app_begin ] --START--
INFO: Run Behavior\ReadHtmlCacheBehavior [ RunTime:0.001000s ]
INFO: [ app_begin ] --END-- [ RunTime:0.001000s ]

[ 2018-02-27T20:27:18+08:00 ] ::1 /xhust/thinkphp/index.php/Apps/Barcode/getinfo.html
INFO: [ app_begin ] --START--
INFO: Run Behavior\ReadHtmlCacheBehavior [ RunTime:0.001000s ]
INFO: [ app_begin ] --END-- [ RunTime:0.001000s ]

[ 2018-02-27T20:27:19+08:00 ] ::1 /xhust/thinkphp/index.php/Apps/Barcode/getinfo.html
INFO: [ app_begin ] --START--
INFO: Run Behavior\ReadHtmlCacheBehavior [ RunTime:0.001000s ]
INFO: [ app_begin ] --END-- [ RunTime:0.001000s ]

[ 2018-02-27T20:27:21+08:00 ] ::1 /xhust/thinkphp/index.php/Apps/Barcode/getinfo.html
INFO: [ app_begin ] --START--
INFO: Run Behavior\ReadHtmlCacheBehavior [ RunTime:0.001000s ]
INFO: [ app_begin ] --END-- [ RunTime:0.001000s ]

[ 2018-02-27T20:27:23+08:00 ] ::1 /xhust/thinkphp/index.php/Apps/Barcode/getinfo.html
INFO: [ app_begin ] --START--
INFO: Run Behavior\ReadHtmlCacheBehavior [ RunTime:0.000000s ]
INFO: [ app_begin ] --END-- [ RunTime:0.001000s ]

[ 2018-02-27T20:27:44+08:00 ] ::1 /xhust/thinkphp/index.php/Apps/Barcode/getinfo.html
INFO: [ app_begin ] --START--
INFO: Run Behavior\ReadHtmlCacheBehavior [ RunTime:0.000000s ]
INFO: [ app_begin ] --END-- [ RunTime:0.000000s ]

[ 2018-02-27T20:28:22+08:00 ] ::1 /xhust/thinkphp/index.php/Apps/Barcode/getinfo.html
INFO: [ app_begin ] --START--
INFO: Run Behavior\ReadHtmlCacheBehavior [ RunTime:0.001000s ]
INFO: [ app_begin ] --END-- [ RunTime:0.002000s ]

[ 2018-02-27T20:28:32+08:00 ] ::1 /xhust/thinkphp/index.php/Apps/Barcode/getinfo.html
INFO: [ app_begin ] --START--
INFO: Run Behavior\ReadHtmlCacheBehavior [ RunTime:0.001000s ]
INFO: [ app_begin ] --END-- [ RunTime:0.001000s ]

[ 2018-02-27T20:28:43+08:00 ] ::1 /xhust/thinkphp/index.php/Apps/Barcode/getinfo.html
INFO: [ app_begin ] --START--
INFO: Run Behavior\ReadHtmlCacheBehavior [ RunTime:0.001000s ]
INFO: [ app_begin ] --END-- [ RunTime:0.001000s ]

[ 2018-02-27T20:29:46+08:00 ] ::1 /xhust/thinkphp/index.php/Apps/Barcode/getinfo.html
INFO: [ app_begin ] --START--
INFO: Run Behavior\ReadHtmlCacheBehavior [ RunTime:0.001000s ]
INFO: [ app_begin ] --END-- [ RunTime:0.001000s ]

[ 2018-02-27T20:31:05+08:00 ] ::1 /xhust/thinkphp/index.php/Apps/Barcode/getinfo.html
INFO: [ app_begin ] --START--
INFO: Run Behavior\ReadHtmlCacheBehavior [ RunTime:0.001000s ]
INFO: [ app_begin ] --END-- [ RunTime:0.002001s ]

[ 2018-02-27T20:31:29+08:00 ] ::1 /xhust/thinkphp/index.php/Apps/Barcode/getinfo.html
INFO: [ app_begin ] --START--
INFO: Run Behavior\ReadHtmlCacheBehavior [ RunTime:0.001000s ]
INFO: [ app_begin ] --END-- [ RunTime:0.001000s ]

[ 2018-02-27T20:31:36+08:00 ] ::1 /xhust/thinkphp/index.php/Apps/Barcode/getinfo.html
INFO: [ app_begin ] --START--
INFO: Run Behavior\ReadHtmlCacheBehavior [ RunTime:0.001001s ]
INFO: [ app_begin ] --END-- [ RunTime:0.001001s ]

[ 2018-02-27T20:31:46+08:00 ] ::1 /xhust/thinkphp/index.php/Apps/Barcode/getinfo.html
INFO: [ app_begin ] --START--
INFO: Run Behavior\ReadHtmlCacheBehavior [ RunTime:0.001000s ]
INFO: [ app_begin ] --END-- [ RunTime:0.001000s ]

[ 2018-02-27T20:32:26+08:00 ] ::1 /xhust/thinkphp/index.php/Apps/Barcode/getinfo.html
INFO: [ app_begin ] --START--
INFO: Run Behavior\ReadHtmlCacheBehavior [ RunTime:0.001000s ]
INFO: [ app_begin ] --END-- [ RunTime:0.001000s ]

[ 2018-02-27T20:33:18+08:00 ] ::1 /xhust/thinkphp/index.php/Apps/Barcode/getinfo.html
INFO: [ app_begin ] --START--
INFO: Run Behavior\ReadHtmlCacheBehavior [ RunTime:0.001000s ]
INFO: [ app_begin ] --END-- [ RunTime:0.001000s ]

[ 2018-02-27T20:33:21+08:00 ] ::1 /xhust/thinkphp/index.php/Apps/Barcode/getinfo.html
INFO: [ app_begin ] --START--
INFO: Run Behavior\ReadHtmlCacheBehavior [ RunTime:0.000000s ]
INFO: [ app_begin ] --END-- [ RunTime:0.001000s ]

[ 2018-02-27T20:35:10+08:00 ] ::1 /xhust/thinkphp/index.php/Apps/Barcode/getinfo.html
INFO: [ app_begin ] --START--
INFO: Run Behavior\ReadHtmlCacheBehavior [ RunTime:0.001000s ]
INFO: [ app_begin ] --END-- [ RunTime:0.002000s ]
NOTIC: [8] Undefined index:  F:\web\httpd-2.4\Apache24\htdocs\xhust\thinkphp\Application\Apps\Controller\BarcodeController.class.php 第 39 行.

[ 2018-02-27T20:35:36+08:00 ] ::1 /xhust/thinkphp/index.php/Apps/Barcode/getinfo.html
INFO: [ app_begin ] --START--
INFO: Run Behavior\ReadHtmlCacheBehavior [ RunTime:0.000000s ]
INFO: [ app_begin ] --END-- [ RunTime:0.001000s ]

[ 2018-02-27T20:36:01+08:00 ] ::1 /xhust/thinkphp/index.php/Apps/Barcode/getinfo.html
INFO: [ app_begin ] --START--
INFO: Run Behavior\ReadHtmlCacheBehavior [ RunTime:0.001000s ]
INFO: [ app_begin ] --END-- [ RunTime:0.001000s ]

[ 2018-02-27T20:36:03+08:00 ] ::1 /xhust/thinkphp/index.php/Apps/Barcode/getinfo.html
INFO: [ app_begin ] --START--
INFO: Run Behavior\ReadHtmlCacheBehavior [ RunTime:0.000000s ]
INFO: [ app_begin ] --END-- [ RunTime:0.001000s ]

[ 2018-02-27T20:37:23+08:00 ] ::1 /xhust/thinkphp/index.php/Apps/Barcode/getinfo.html
INFO: [ app_begin ] --START--
INFO: Run Behavior\ReadHtmlCacheBehavior [ RunTime:0.000000s ]
INFO: [ app_begin ] --END-- [ RunTime:0.001000s ]

[ 2018-02-27T20:37:44+08:00 ] ::1 /xhust/thinkphp/index.php/Apps/Barcode/getinfo.html
INFO: [ app_begin ] --START--
INFO: Run Behavior\ReadHtmlCacheBehavior [ RunTime:0.001000s ]
INFO: [ app_begin ] --END-- [ RunTime:0.001000s ]

[ 2018-02-27T20:39:27+08:00 ] ::1 /xhust/thinkphp/index.php/Apps/Barcode/getinfo.html
INFO: [ app_begin ] --START--
INFO: Run Behavior\ReadHtmlCacheBehavior [ RunTime:0.001000s ]
INFO: [ app_begin ] --END-- [ RunTime:0.001000s ]

[ 2018-02-27T20:39:48+08:00 ] ::1 /xhust/thinkphp/index.php/Apps/Barcode/getinfo.html
INFO: [ app_begin ] --START--
INFO: Run Behavior\ReadHtmlCacheBehavior [ RunTime:0.000000s ]
INFO: [ app_begin ] --END-- [ RunTime:0.001000s ]

[ 2018-02-27T20:40:21+08:00 ] ::1 /xhust/thinkphp/index.php/Apps/Barcode/getinfo.html
INFO: [ app_begin ] --START--
INFO: Run Behavior\ReadHtmlCacheBehavior [ RunTime:0.001000s ]
INFO: [ app_begin ] --END-- [ RunTime:0.001000s ]

[ 2018-02-27T20:40:23+08:00 ] ::1 /xhust/thinkphp/index.php/Apps/Barcode/getinfo.html
INFO: [ app_begin ] --START--
INFO: Run Behavior\ReadHtmlCacheBehavior [ RunTime:0.000000s ]
INFO: [ app_begin ] --END-- [ RunTime:0.001000s ]

[ 2018-02-27T20:41:02+08:00 ] ::1 /xhust/thinkphp/index.php/Apps/Barcode/getinfo.html
INFO: [ app_begin ] --START--
INFO: Run Behavior\ReadHtmlCacheBehavior [ RunTime:0.000000s ]
INFO: [ app_begin ] --END-- [ RunTime:0.001000s ]

[ 2018-02-27T20:41:13+08:00 ] ::1 /xhust/thinkphp/index.php/Apps/Barcode/getinfo.html
INFO: [ app_begin ] --START--
INFO: Run Behavior\ReadHtmlCacheBehavior [ RunTime:0.001000s ]
INFO: [ app_begin ] --END-- [ RunTime:0.001000s ]

[ 2018-02-27T20:41:51+08:00 ] ::1 /xhust/thinkphp/index.php/Apps/Barcode/getinfo.html
INFO: [ app_begin ] --START--
INFO: Run Behavior\ReadHtmlCacheBehavior [ RunTime:0.001000s ]
INFO: [ app_begin ] --END-- [ RunTime:0.001000s ]

[ 2018-02-27T21:03:38+08:00 ] ::1 /xhust/thinkphp/index.php/Apps/Barcode/getinfo.html
INFO: [ app_begin ] --START--
INFO: Run Behavior\ReadHtmlCacheBehavior [ RunTime:0.001000s ]
INFO: [ app_begin ] --END-- [ RunTime:0.001000s ]

[ 2018-02-27T21:05:22+08:00 ] ::1 /xhust/thinkphp/index.php/Apps/Barcode/getinfo.html
INFO: [ app_begin ] --START--
INFO: Run Behavior\ReadHtmlCacheBehavior [ RunTime:0.001000s ]
INFO: [ app_begin ] --END-- [ RunTime:0.001000s ]

[ 2018-02-27T21:06:39+08:00 ] ::1 /xhust/thinkphp/index.php/Apps/Barcode/getinfo.html
INFO: [ app_begin ] --START--
INFO: Run Behavior\ReadHtmlCacheBehavior [ RunTime:0.001000s ]
INFO: [ app_begin ] --END-- [ RunTime:0.002000s ]

[ 2018-02-27T21:06:42+08:00 ] ::1 /xhust/thinkphp/index.php/Apps/Barcode/getinfo.html
INFO: [ app_begin ] --START--
INFO: Run Behavior\ReadHtmlCacheBehavior [ RunTime:0.001001s ]
INFO: [ app_begin ] --END-- [ RunTime:0.002001s ]

[ 2018-02-27T21:06:46+08:00 ] ::1 /xhust/thinkphp/index.php/Apps/Barcode/getinfo.html
INFO: [ app_begin ] --START--
INFO: Run Behavior\ReadHtmlCacheBehavior [ RunTime:0.000000s ]
INFO: [ app_begin ] --END-- [ RunTime:0.001000s ]

[ 2018-02-27T21:08:02+08:00 ] ::1 /xhust/thinkphp/index.php/Apps/Barcode/getinfo.html
INFO: [ app_begin ] --START--
INFO: Run Behavior\ReadHtmlCacheBehavior [ RunTime:0.000000s ]
INFO: [ app_begin ] --END-- [ RunTime:0.001000s ]

[ 2018-02-27T21:08:15+08:00 ] ::1 /xhust/thinkphp/index.php/Apps/Barcode/getinfo.html
INFO: [ app_begin ] --START--
INFO: Run Behavior\ReadHtmlCacheBehavior [ RunTime:0.000000s ]
INFO: [ app_begin ] --END-- [ RunTime:0.002000s ]

[ 2018-02-27T21:08:27+08:00 ] ::1 /xhust/thinkphp/index.php/Apps/Barcode/getinfo.html
INFO: [ app_begin ] --START--
INFO: Run Behavior\ReadHtmlCacheBehavior [ RunTime:0.001000s ]
INFO: [ app_begin ] --END-- [ RunTime:0.001000s ]

[ 2018-02-27T21:12:44+08:00 ] ::1 /xhust/thinkphp/index.php/Apps/Barcode/getinfo.html
INFO: [ app_begin ] --START--
INFO: Run Behavior\ReadHtmlCacheBehavior [ RunTime:0.001000s ]
INFO: [ app_begin ] --END-- [ RunTime:0.001000s ]

