[ 2018-02-07T11:18:21+08:00 ] ::1 /xhust/thinkphp/Public/ueditor/ueditor.all.js
ERR: 无法加载模块:Public

[ 2018-02-07T11:18:21+08:00 ] ::1 /xhust/thinkphp/Public/ueditor/ueditor.config.js
ERR: 无法加载模块:Public

[ 2018-02-07T11:18:21+08:00 ] ::1 /xhust/thinkphp/Public/ueditor/ueditor.config.js
ERR: 无法加载模块:Public

[ 2018-02-07T11:18:21+08:00 ] ::1 /xhust/thinkphp/Public/ueditor/ueditor.all.js
ERR: 无法加载模块:Public

[ 2018-02-07T11:19:24+08:00 ] ::1 /xhust/thinkphp/Public/ueditor/ueditor.config.js
ERR: 无法加载模块:Public

[ 2018-02-07T11:19:24+08:00 ] ::1 /xhust/thinkphp/Public/ueditor/ueditor.all.js
ERR: 无法加载模块:Public

[ 2018-02-07T11:19:24+08:00 ] ::1 /xhust/thinkphp/Public/ueditor/ueditor.config.js
ERR: 无法加载模块:Public

[ 2018-02-07T11:19:24+08:00 ] ::1 /xhust/thinkphp/Public/ueditor/ueditor.all.js
ERR: 无法加载模块:Public

[ 2018-02-07T11:20:21+08:00 ] ::1 /xhust/thinkphp/Public/ueditor/ueditor.config.js
ERR: 无法加载模块:Public

[ 2018-02-07T11:20:21+08:00 ] ::1 /xhust/thinkphp/Public/ueditor/ueditor.min.js
ERR: 无法加载模块:Public

[ 2018-02-07T11:20:21+08:00 ] ::1 /xhust/thinkphp/Public/ueditor/ueditor.config.js
ERR: 无法加载模块:Public

[ 2018-02-07T11:20:21+08:00 ] ::1 /xhust/thinkphp/Public/ueditor/ueditor.min.js
ERR: 无法加载模块:Public

[ 2018-02-07T11:20:27+08:00 ] ::1 /xhust/thinkphp/Public/ueditor/ueditor.config.js
ERR: 无法加载模块:Public

[ 2018-02-07T11:20:27+08:00 ] ::1 /xhust/thinkphp/Public/ueditor/ueditor.js
ERR: 无法加载模块:Public

[ 2018-02-07T11:20:27+08:00 ] ::1 /xhust/thinkphp/Public/ueditor/ueditor.config.js
ERR: 无法加载模块:Public

[ 2018-02-07T11:20:27+08:00 ] ::1 /xhust/thinkphp/Public/ueditor/ueditor.js
ERR: 无法加载模块:Public

[ 2018-02-07T17:22:27+08:00 ] ::1 /xhust/thinkphp/Public/emojionearea/emojionearea.min.map
INFO: [ app_init ] --START--
INFO: Run Behavior\BuildLiteBehavior [ RunTime:0.000000s ]
INFO: [ app_init ] --END-- [ RunTime:0.001000s ]
ERR: 无法加载模块:Public

[ 2018-02-07T17:23:43+08:00 ] ::1 /xhust/thinkphp/Public/emojionearea/emojionearea.min.map
INFO: [ app_init ] --START--
INFO: Run Behavior\BuildLiteBehavior [ RunTime:0.001000s ]
INFO: [ app_init ] --END-- [ RunTime:0.001000s ]
ERR: 无法加载模块:Public

[ 2018-02-07T17:24:00+08:00 ] ::1 /xhust/thinkphp/Public/emojionearea/emojionearea.min.map
INFO: [ app_init ] --START--
INFO: Run Behavior\BuildLiteBehavior [ RunTime:0.000000s ]
INFO: [ app_init ] --END-- [ RunTime:0.001000s ]
ERR: 无法加载模块:Public

[ 2018-02-07T17:24:40+08:00 ] ::1 /xhust/thinkphp/Public/emojionearea/emojionearea.min.map
INFO: [ app_init ] --START--
INFO: Run Behavior\BuildLiteBehavior [ RunTime:0.000000s ]
INFO: [ app_init ] --END-- [ RunTime:0.001000s ]
ERR: 无法加载模块:Public

[ 2018-02-07T17:24:54+08:00 ] ::1 /xhust/thinkphp/Public/emojionearea/emojionearea.min.map
INFO: [ app_init ] --START--
INFO: Run Behavior\BuildLiteBehavior [ RunTime:0.000000s ]
INFO: [ app_init ] --END-- [ RunTime:0.001000s ]
ERR: 无法加载模块:Public

[ 2018-02-07T17:25:06+08:00 ] ::1 /xhust/thinkphp/Public/emojionearea/emojionearea.min.map
INFO: [ app_init ] --START--
INFO: Run Behavior\BuildLiteBehavior [ RunTime:0.000000s ]
INFO: [ app_init ] --END-- [ RunTime:0.001000s ]
ERR: 无法加载模块:Public

[ 2018-02-07T17:26:03+08:00 ] ::1 /xhust/thinkphp/Public/emojionearea/emojionearea.min.map
INFO: [ app_init ] --START--
INFO: Run Behavior\BuildLiteBehavior [ RunTime:0.000000s ]
INFO: [ app_init ] --END-- [ RunTime:0.001000s ]
ERR: 无法加载模块:Public

[ 2018-02-07T17:26:06+08:00 ] ::1 /xhust/thinkphp/Public/emojionearea/emojionearea.min.map
INFO: [ app_init ] --START--
INFO: Run Behavior\BuildLiteBehavior [ RunTime:0.000000s ]
INFO: [ app_init ] --END-- [ RunTime:0.001000s ]
ERR: 无法加载模块:Public

[ 2018-02-07T17:27:01+08:00 ] ::1 /xhust/thinkphp/Public/emojionearea/emojionearea.min.map
INFO: [ app_init ] --START--
INFO: Run Behavior\BuildLiteBehavior [ RunTime:0.000000s ]
INFO: [ app_init ] --END-- [ RunTime:0.001000s ]
ERR: 无法加载模块:Public

[ 2018-02-07T17:29:36+08:00 ] ::1 /xhust/thinkphp/Public/emojionearea/emojionearea.min.map
INFO: [ app_init ] --START--
INFO: Run Behavior\BuildLiteBehavior [ RunTime:0.000000s ]
INFO: [ app_init ] --END-- [ RunTime:0.001001s ]
ERR: 无法加载模块:Public

[ 2018-02-07T18:16:06+08:00 ] ::1 /xhust/thinkphp/Public/emojionearea/emojionearea.min.map
INFO: [ app_init ] --START--
INFO: Run Behavior\BuildLiteBehavior [ RunTime:0.000000s ]
INFO: [ app_init ] --END-- [ RunTime:0.000000s ]
ERR: 无法加载模块:Public

[ 2018-02-07T18:16:51+08:00 ] ::1 /xhust/thinkphp/Public/emojionearea/emojionearea.min.map
INFO: [ app_init ] --START--
INFO: Run Behavior\BuildLiteBehavior [ RunTime:0.000000s ]
INFO: [ app_init ] --END-- [ RunTime:0.001000s ]
ERR: 无法加载模块:Public

[ 2018-02-07T18:17:16+08:00 ] ::1 /xhust/thinkphp/Public/emojionearea/emojionearea.min.map
INFO: [ app_init ] --START--
INFO: Run Behavior\BuildLiteBehavior [ RunTime:0.000000s ]
INFO: [ app_init ] --END-- [ RunTime:0.001000s ]
ERR: 无法加载模块:Public

[ 2018-02-07T18:17:42+08:00 ] ::1 /xhust/thinkphp/Public/emojionearea/emojionearea.min.map
INFO: [ app_init ] --START--
INFO: Run Behavior\BuildLiteBehavior [ RunTime:0.000000s ]
INFO: [ app_init ] --END-- [ RunTime:0.000000s ]
ERR: 无法加载模块:Public

[ 2018-02-07T18:18:38+08:00 ] ::1 /xhust/thinkphp/Public/emojionearea/emojionearea.min.map
INFO: [ app_init ] --START--
INFO: Run Behavior\BuildLiteBehavior [ RunTime:0.001000s ]
INFO: [ app_init ] --END-- [ RunTime:0.001000s ]
ERR: 无法加载模块:Public

[ 2018-02-07T18:20:39+08:00 ] ::1 /xhust/thinkphp/Public/emojionearea/emojionearea.min.map
INFO: [ app_init ] --START--
INFO: Run Behavior\BuildLiteBehavior [ RunTime:0.000000s ]
INFO: [ app_init ] --END-- [ RunTime:0.001000s ]
ERR: 无法加载模块:Public

[ 2018-02-07T18:22:14+08:00 ] ::1 /xhust/thinkphp/Public/emojionearea/emojionearea.min.map
INFO: [ app_init ] --START--
INFO: Run Behavior\BuildLiteBehavior [ RunTime:0.000000s ]
INFO: [ app_init ] --END-- [ RunTime:0.000000s ]
ERR: 无法加载模块:Public

[ 2018-02-07T18:34:24+08:00 ] ::1 /xhust/thinkphp/Public/emojionearea/emojionearea.min.map
INFO: [ app_init ] --START--
INFO: Run Behavior\BuildLiteBehavior [ RunTime:0.000000s ]
INFO: [ app_init ] --END-- [ RunTime:0.001000s ]
ERR: 无法加载模块:Public

[ 2018-02-07T18:41:09+08:00 ] ::1 /xhust/thinkphp/Public/kindeditor/lang/zh_CN.js
INFO: [ app_init ] --START--
INFO: Run Behavior\BuildLiteBehavior [ RunTime:0.000000s ]
INFO: [ app_init ] --END-- [ RunTime:0.002000s ]
ERR: 无法加载模块:Public

[ 2018-02-07T18:41:10+08:00 ] ::1 /xhust/thinkphp/Public/kindeditor/lang/zh_CN.js
INFO: [ app_init ] --START--
INFO: Run Behavior\BuildLiteBehavior [ RunTime:0.001000s ]
INFO: [ app_init ] --END-- [ RunTime:0.001000s ]
ERR: 无法加载模块:Public

[ 2018-02-07T18:41:10+08:00 ] ::1 /xhust/thinkphp/Public/emojionearea/emojionearea.min.map
INFO: [ app_init ] --START--
INFO: Run Behavior\BuildLiteBehavior [ RunTime:0.000000s ]
INFO: [ app_init ] --END-- [ RunTime:0.001000s ]
ERR: 无法加载模块:Public

[ 2018-02-07T18:41:36+08:00 ] ::1 /xhust/thinkphp/Public/kindeditor/lang/zh_CN.js
INFO: [ app_init ] --START--
INFO: Run Behavior\BuildLiteBehavior [ RunTime:0.000000s ]
INFO: [ app_init ] --END-- [ RunTime:0.001000s ]
ERR: 无法加载模块:Public

[ 2018-02-07T18:41:55+08:00 ] ::1 /xhust/thinkphp/Public/kindeditor/lang/zh_CN.js
INFO: [ app_init ] --START--
INFO: Run Behavior\BuildLiteBehavior [ RunTime:0.000000s ]
INFO: [ app_init ] --END-- [ RunTime:0.001000s ]
ERR: 无法加载模块:Public

[ 2018-02-07T18:42:21+08:00 ] ::1 /xhust/thinkphp/Public/kindeditor/lang/zh_CN.js
INFO: [ app_init ] --START--
INFO: Run Behavior\BuildLiteBehavior [ RunTime:0.000000s ]
INFO: [ app_init ] --END-- [ RunTime:0.001000s ]
ERR: 无法加载模块:Public

[ 2018-02-07T18:42:51+08:00 ] ::1 /xhust/thinkphp/Public/emojionearea/emojionearea.min.map
INFO: [ app_init ] --START--
INFO: Run Behavior\BuildLiteBehavior [ RunTime:0.000000s ]
INFO: [ app_init ] --END-- [ RunTime:0.001000s ]
ERR: 无法加载模块:Public

[ 2018-02-07T18:43:04+08:00 ] ::1 /xhust/thinkphp/Public/kindeditor/attached/image/20180207/20180207104303_52203.png
INFO: [ app_init ] --START--
INFO: Run Behavior\BuildLiteBehavior [ RunTime:0.000000s ]
INFO: [ app_init ] --END-- [ RunTime:0.001000s ]
ERR: 无法加载模块:Public

[ 2018-02-07T18:52:22+08:00 ] ::1 /xhust/thinkphp/Public/emojionearea/emojionearea.min.map
INFO: [ app_init ] --START--
INFO: Run Behavior\BuildLiteBehavior [ RunTime:0.000000s ]
INFO: [ app_init ] --END-- [ RunTime:0.000000s ]
ERR: 无法加载模块:Public

[ 2018-02-07T18:53:48+08:00 ] ::1 /xhust/thinkphp/Public/emojionearea/emojionearea.min.map
INFO: [ app_init ] --START--
INFO: Run Behavior\BuildLiteBehavior [ RunTime:0.000000s ]
INFO: [ app_init ] --END-- [ RunTime:0.001000s ]
ERR: 无法加载模块:Public

[ 2018-02-07T18:57:58+08:00 ] ::1 /xhust/thinkphp/Public/emojionearea/emojionearea.min.map
INFO: [ app_init ] --START--
INFO: Run Behavior\BuildLiteBehavior [ RunTime:0.000000s ]
INFO: [ app_init ] --END-- [ RunTime:0.001000s ]
ERR: 无法加载模块:Public

[ 2018-02-07T18:58:11+08:00 ] ::1 /xhust/thinkphp/Public/emojionearea/emojionearea.min.map
INFO: [ app_init ] --START--
INFO: Run Behavior\BuildLiteBehavior [ RunTime:0.000000s ]
INFO: [ app_init ] --END-- [ RunTime:0.001000s ]
ERR: 无法加载模块:Public

[ 2018-02-07T18:58:14+08:00 ] ::1 /xhust/thinkphp/Public/emojionearea/emojionearea.min.map
INFO: [ app_init ] --START--
INFO: Run Behavior\BuildLiteBehavior [ RunTime:0.000000s ]
INFO: [ app_init ] --END-- [ RunTime:0.001000s ]
ERR: 无法加载模块:Public

[ 2018-02-07T18:58:38+08:00 ] ::1 /xhust/thinkphp/Public/emojionearea/emojionearea.min.map
INFO: [ app_init ] --START--
INFO: Run Behavior\BuildLiteBehavior [ RunTime:0.000000s ]
INFO: [ app_init ] --END-- [ RunTime:0.001000s ]
ERR: 无法加载模块:Public

[ 2018-02-07T19:00:07+08:00 ] ::1 /xhust/thinkphp/Public/emojionearea/emojionearea.min.map
INFO: [ app_init ] --START--
INFO: Run Behavior\BuildLiteBehavior [ RunTime:0.000000s ]
INFO: [ app_init ] --END-- [ RunTime:0.000000s ]
ERR: 无法加载模块:Public

[ 2018-02-07T19:00:25+08:00 ] ::1 /xhust/thinkphp/Public/emojionearea/emojionearea.min.map
INFO: [ app_init ] --START--
INFO: Run Behavior\BuildLiteBehavior [ RunTime:0.000000s ]
INFO: [ app_init ] --END-- [ RunTime:0.001000s ]
ERR: 无法加载模块:Public

[ 2018-02-07T19:01:21+08:00 ] ::1 /xhust/thinkphp/Public/emojionearea/emojionearea.min.map
INFO: [ app_init ] --START--
INFO: Run Behavior\BuildLiteBehavior [ RunTime:0.000000s ]
INFO: [ app_init ] --END-- [ RunTime:0.001001s ]
ERR: 无法加载模块:Public

[ 2018-02-07T19:01:35+08:00 ] ::1 /xhust/thinkphp/Public/emojionearea/emojionearea.min.map
INFO: [ app_init ] --START--
INFO: Run Behavior\BuildLiteBehavior [ RunTime:0.000000s ]
INFO: [ app_init ] --END-- [ RunTime:0.000000s ]
ERR: 无法加载模块:Public

[ 2018-02-07T19:01:53+08:00 ] ::1 /xhust/thinkphp/Public/emojionearea/emojionearea.min.map
INFO: [ app_init ] --START--
INFO: Run Behavior\BuildLiteBehavior [ RunTime:0.000000s ]
INFO: [ app_init ] --END-- [ RunTime:0.000000s ]
ERR: 无法加载模块:Public

[ 2018-02-07T19:02:17+08:00 ] ::1 /xhust/thinkphp/Public/emojionearea/emojionearea.min.map
INFO: [ app_init ] --START--
INFO: Run Behavior\BuildLiteBehavior [ RunTime:0.000000s ]
INFO: [ app_init ] --END-- [ RunTime:0.001000s ]
ERR: 无法加载模块:Public

[ 2018-02-07T19:02:22+08:00 ] ::1 /xhust/thinkphp/Public/emojionearea/emojionearea.min.map
INFO: [ app_init ] --START--
INFO: Run Behavior\BuildLiteBehavior [ RunTime:0.000000s ]
INFO: [ app_init ] --END-- [ RunTime:0.001001s ]
ERR: 无法加载模块:Public

[ 2018-02-07T19:02:46+08:00 ] ::1 /xhust/thinkphp/Public/emojionearea/emojionearea.min.map
INFO: [ app_init ] --START--
INFO: Run Behavior\BuildLiteBehavior [ RunTime:0.000000s ]
INFO: [ app_init ] --END-- [ RunTime:0.000000s ]
ERR: 无法加载模块:Public

[ 2018-02-07T19:03:36+08:00 ] ::1 /xhust/thinkphp/Public/emojionearea/emojionearea.min.map
INFO: [ app_init ] --START--
INFO: Run Behavior\BuildLiteBehavior [ RunTime:0.000000s ]
INFO: [ app_init ] --END-- [ RunTime:0.000000s ]
ERR: 无法加载模块:Public

[ 2018-02-07T19:03:46+08:00 ] ::1 /xhust/thinkphp/Public/emojionearea/emojionearea.min.map
INFO: [ app_init ] --START--
INFO: Run Behavior\BuildLiteBehavior [ RunTime:0.000000s ]
INFO: [ app_init ] --END-- [ RunTime:0.001000s ]
ERR: 无法加载模块:Public

[ 2018-02-07T19:49:39+08:00 ] ::1 /xhust/thinkphp/Public/emojionearea/emojionearea.min.map
INFO: [ app_init ] --START--
INFO: Run Behavior\BuildLiteBehavior [ RunTime:0.000000s ]
INFO: [ app_init ] --END-- [ RunTime:0.001000s ]
ERR: 无法加载模块:Public

[ 2018-02-07T19:51:10+08:00 ] ::1 /xhust/thinkphp/Public/emojionearea/emojionearea.min.map
INFO: [ app_init ] --START--
INFO: Run Behavior\BuildLiteBehavior [ RunTime:0.000000s ]
INFO: [ app_init ] --END-- [ RunTime:0.001000s ]
ERR: 无法加载模块:Public

[ 2018-02-07T19:51:32+08:00 ] ::1 /xhust/thinkphp/Public/emojionearea/emojionearea.min.map
INFO: [ app_init ] --START--
INFO: Run Behavior\BuildLiteBehavior [ RunTime:0.000000s ]
INFO: [ app_init ] --END-- [ RunTime:0.001000s ]
ERR: 无法加载模块:Public

[ 2018-02-07T19:51:36+08:00 ] ::1 /xhust/thinkphp/Public/emojionearea/emojionearea.min.map
INFO: [ app_init ] --START--
INFO: Run Behavior\BuildLiteBehavior [ RunTime:0.000000s ]
INFO: [ app_init ] --END-- [ RunTime:0.001000s ]
ERR: 无法加载模块:Public

[ 2018-02-07T19:52:44+08:00 ] ::1 /xhust/thinkphp/Public/emojionearea/emojionearea.min.map
INFO: [ app_init ] --START--
INFO: Run Behavior\BuildLiteBehavior [ RunTime:0.000000s ]
INFO: [ app_init ] --END-- [ RunTime:0.000000s ]
ERR: 无法加载模块:Public

[ 2018-02-07T19:52:59+08:00 ] ::1 /xhust/thinkphp/Public/emojionearea/emojionearea.min.map
INFO: [ app_init ] --START--
INFO: Run Behavior\BuildLiteBehavior [ RunTime:0.000000s ]
INFO: [ app_init ] --END-- [ RunTime:0.001000s ]
ERR: 无法加载模块:Public

[ 2018-02-07T19:53:55+08:00 ] ::1 /xhust/thinkphp/Public/emojionearea/emojionearea.min.map
INFO: [ app_init ] --START--
INFO: Run Behavior\BuildLiteBehavior [ RunTime:0.000000s ]
INFO: [ app_init ] --END-- [ RunTime:0.000000s ]
ERR: 无法加载模块:Public

[ 2018-02-07T19:54:52+08:00 ] ::1 /xhust/thinkphp/Public/emojionearea/emojionearea.min.map
INFO: [ app_init ] --START--
INFO: Run Behavior\BuildLiteBehavior [ RunTime:0.000000s ]
INFO: [ app_init ] --END-- [ RunTime:0.000000s ]
ERR: 无法加载模块:Public

[ 2018-02-07T19:55:00+08:00 ] ::1 /xhust/thinkphp/Public/emojionearea/emojionearea.min.map
INFO: [ app_init ] --START--
INFO: Run Behavior\BuildLiteBehavior [ RunTime:0.000000s ]
INFO: [ app_init ] --END-- [ RunTime:0.001000s ]
ERR: 无法加载模块:Public

[ 2018-02-07T19:57:44+08:00 ] ::1 /xhust/thinkphp/Public/emojionearea/emojionearea.min.map
INFO: [ app_init ] --START--
INFO: Run Behavior\BuildLiteBehavior [ RunTime:0.000000s ]
INFO: [ app_init ] --END-- [ RunTime:0.001000s ]
ERR: 无法加载模块:Public

[ 2018-02-07T19:58:23+08:00 ] ::1 /xhust/thinkphp/Public/emojionearea/emojionearea.min.map
INFO: [ app_init ] --START--
INFO: Run Behavior\BuildLiteBehavior [ RunTime:0.000000s ]
INFO: [ app_init ] --END-- [ RunTime:0.001000s ]
ERR: 无法加载模块:Public

[ 2018-02-07T19:58:34+08:00 ] ::1 /xhust/thinkphp/Public/emojionearea/emojionearea.min.map
INFO: [ app_init ] --START--
INFO: Run Behavior\BuildLiteBehavior [ RunTime:0.000000s ]
INFO: [ app_init ] --END-- [ RunTime:0.001000s ]
ERR: 无法加载模块:Public

[ 2018-02-07T19:58:43+08:00 ] ::1 /xhust/thinkphp/Public/emojionearea/emojionearea.min.map
INFO: [ app_init ] --START--
INFO: Run Behavior\BuildLiteBehavior [ RunTime:0.000000s ]
INFO: [ app_init ] --END-- [ RunTime:0.000000s ]
ERR: 无法加载模块:Public

[ 2018-02-07T19:58:50+08:00 ] ::1 /xhust/thinkphp/Public/emojionearea/emojionearea.min.map
INFO: [ app_init ] --START--
INFO: Run Behavior\BuildLiteBehavior [ RunTime:0.000000s ]
INFO: [ app_init ] --END-- [ RunTime:0.000000s ]
ERR: 无法加载模块:Public

[ 2018-02-07T20:01:26+08:00 ] ::1 /xhust/thinkphp/Public/emojionearea/emojionearea.min.map
INFO: [ app_init ] --START--
INFO: Run Behavior\BuildLiteBehavior [ RunTime:0.000000s ]
INFO: [ app_init ] --END-- [ RunTime:0.000000s ]
ERR: 无法加载模块:Public

[ 2018-02-07T20:01:33+08:00 ] ::1 /xhust/thinkphp/Public/kindeditor/attached/image/20180207/20180207120133_53519.png
INFO: [ app_init ] --START--
INFO: Run Behavior\BuildLiteBehavior [ RunTime:0.000000s ]
INFO: [ app_init ] --END-- [ RunTime:0.001000s ]
ERR: 无法加载模块:Public

[ 2018-02-07T20:01:43+08:00 ] ::1 /xhust/thinkphp/Public/kindeditor/attached/image/20180207/20180207120142_70578.png
INFO: [ app_init ] --START--
INFO: Run Behavior\BuildLiteBehavior [ RunTime:0.000000s ]
INFO: [ app_init ] --END-- [ RunTime:0.001000s ]
ERR: 无法加载模块:Public

[ 2018-02-07T20:06:50+08:00 ] ::1 /xhust/thinkphp/Public/emojionearea/emojionearea.min.map
INFO: [ app_init ] --START--
INFO: Run Behavior\BuildLiteBehavior [ RunTime:0.000000s ]
INFO: [ app_init ] --END-- [ RunTime:0.001000s ]
ERR: 无法加载模块:Public

[ 2018-02-07T20:06:55+08:00 ] ::1 /xhust/thinkphp/Public/emojionearea/emojionearea.min.map
INFO: [ app_init ] --START--
INFO: Run Behavior\BuildLiteBehavior [ RunTime:0.000000s ]
INFO: [ app_init ] --END-- [ RunTime:0.001000s ]
ERR: 无法加载模块:Public

[ 2018-02-07T20:07:16+08:00 ] ::1 /xhust/thinkphp/Public/kindeditor/attached/image/20180207/20180207120142_70578.png
INFO: [ app_init ] --START--
INFO: Run Behavior\BuildLiteBehavior [ RunTime:0.000000s ]
INFO: [ app_init ] --END-- [ RunTime:0.000000s ]
ERR: 无法加载模块:Public

[ 2018-02-07T20:21:13+08:00 ] ::1 /xhust/thinkphp/Public/kindeditor/attached/image/20180207/20180207120142_70578.png
INFO: [ app_init ] --START--
INFO: Run Behavior\BuildLiteBehavior [ RunTime:0.000000s ]
INFO: [ app_init ] --END-- [ RunTime:0.001001s ]
ERR: 无法加载模块:Public

[ 2018-02-07T20:21:23+08:00 ] ::1 /xhust/thinkphp/Public/emojionearea/emojionearea.min.map
INFO: [ app_init ] --START--
INFO: Run Behavior\BuildLiteBehavior [ RunTime:0.000000s ]
INFO: [ app_init ] --END-- [ RunTime:0.001000s ]
ERR: 无法加载模块:Public

[ 2018-02-07T20:21:27+08:00 ] ::1 /xhust/thinkphp/Public/emojionearea/emojionearea.min.map
INFO: [ app_init ] --START--
INFO: Run Behavior\BuildLiteBehavior [ RunTime:0.000000s ]
INFO: [ app_init ] --END-- [ RunTime:0.001000s ]
ERR: 无法加载模块:Public

[ 2018-02-07T20:21:39+08:00 ] ::1 /xhust/thinkphp/Public/emojionearea/emojionearea.min.map
INFO: [ app_init ] --START--
INFO: Run Behavior\BuildLiteBehavior [ RunTime:0.000000s ]
INFO: [ app_init ] --END-- [ RunTime:0.001000s ]
ERR: 无法加载模块:Public

[ 2018-02-07T20:22:21+08:00 ] ::1 /xhust/thinkphp/Public/emojionearea/emojionearea.min.map
INFO: [ app_init ] --START--
INFO: Run Behavior\BuildLiteBehavior [ RunTime:0.000000s ]
INFO: [ app_init ] --END-- [ RunTime:0.001000s ]
ERR: 无法加载模块:Public

[ 2018-02-07T20:23:41+08:00 ] ::1 /xhust/thinkphp/Public/emojionearea/emojionearea.min.map
INFO: [ app_init ] --START--
INFO: Run Behavior\BuildLiteBehavior [ RunTime:0.000000s ]
INFO: [ app_init ] --END-- [ RunTime:0.001000s ]
ERR: 无法加载模块:Public

[ 2018-02-07T20:23:44+08:00 ] ::1 /xhust/thinkphp/Public/emojionearea/emojionearea.min.map
INFO: [ app_init ] --START--
INFO: Run Behavior\BuildLiteBehavior [ RunTime:0.000000s ]
INFO: [ app_init ] --END-- [ RunTime:0.001000s ]
ERR: 无法加载模块:Public

[ 2018-02-07T20:24:45+08:00 ] ::1 /xhust/thinkphp/Public/emojionearea/emojionearea.min.map
INFO: [ app_init ] --START--
INFO: Run Behavior\BuildLiteBehavior [ RunTime:0.000000s ]
INFO: [ app_init ] --END-- [ RunTime:0.001000s ]
ERR: 无法加载模块:Public

[ 2018-02-07T20:28:32+08:00 ] ::1 /xhust/thinkphp/Public/emojionearea/emojionearea.min.map
INFO: [ app_init ] --START--
INFO: Run Behavior\BuildLiteBehavior [ RunTime:0.000000s ]
INFO: [ app_init ] --END-- [ RunTime:0.001000s ]
ERR: 无法加载模块:Public

[ 2018-02-07T20:28:35+08:00 ] ::1 /xhust/thinkphp/Public/emojionearea/emojionearea.min.map
INFO: [ app_init ] --START--
INFO: Run Behavior\BuildLiteBehavior [ RunTime:0.000000s ]
INFO: [ app_init ] --END-- [ RunTime:0.001000s ]
ERR: 无法加载模块:Public

[ 2018-02-07T20:29:07+08:00 ] ::1 /xhust/thinkphp/Public/emojionearea/emojionearea.min.map
INFO: [ app_init ] --START--
INFO: Run Behavior\BuildLiteBehavior [ RunTime:0.000000s ]
INFO: [ app_init ] --END-- [ RunTime:0.001000s ]
ERR: 无法加载模块:Public

[ 2018-02-07T20:29:10+08:00 ] ::1 /xhust/thinkphp/Public/emojionearea/emojionearea.min.map
INFO: [ app_init ] --START--
INFO: Run Behavior\BuildLiteBehavior [ RunTime:0.000000s ]
INFO: [ app_init ] --END-- [ RunTime:0.000000s ]
ERR: 无法加载模块:Public

[ 2018-02-07T20:30:27+08:00 ] ::1 /xhust/thinkphp/Public/emojionearea/emojionearea.min.map
INFO: [ app_init ] --START--
INFO: Run Behavior\BuildLiteBehavior [ RunTime:0.000000s ]
INFO: [ app_init ] --END-- [ RunTime:0.001000s ]
ERR: 无法加载模块:Public

[ 2018-02-07T20:40:16+08:00 ] ::1 /xhust/thinkphp/Public/emojionearea/emojionearea.min.map
INFO: [ app_init ] --START--
INFO: Run Behavior\BuildLiteBehavior [ RunTime:0.000000s ]
INFO: [ app_init ] --END-- [ RunTime:0.001000s ]
ERR: 无法加载模块:Public

[ 2018-02-07T20:40:19+08:00 ] ::1 /xhust/thinkphp/Public/emojionearea/emojionearea.min.map
INFO: [ app_init ] --START--
INFO: Run Behavior\BuildLiteBehavior [ RunTime:0.000000s ]
INFO: [ app_init ] --END-- [ RunTime:0.001000s ]
ERR: 无法加载模块:Public

[ 2018-02-07T20:41:01+08:00 ] ::1 /xhust/thinkphp/Public/emojionearea/emojionearea.min.map
INFO: [ app_init ] --START--
INFO: Run Behavior\BuildLiteBehavior [ RunTime:0.000000s ]
INFO: [ app_init ] --END-- [ RunTime:0.000000s ]
ERR: 无法加载模块:Public

[ 2018-02-07T20:59:56+08:00 ] ::1 /xhust/thinkphp/Public/emojionearea/emojionearea.min.map
INFO: [ app_init ] --START--
INFO: Run Behavior\BuildLiteBehavior [ RunTime:0.000000s ]
INFO: [ app_init ] --END-- [ RunTime:0.001000s ]
ERR: 无法加载模块:Public

[ 2018-02-07T21:00:04+08:00 ] ::1 /xhust/thinkphp/Public/emojionearea/emojionearea.min.map
INFO: [ app_init ] --START--
INFO: Run Behavior\BuildLiteBehavior [ RunTime:0.000000s ]
INFO: [ app_init ] --END-- [ RunTime:0.001000s ]
ERR: 无法加载模块:Public

[ 2018-02-07T21:01:04+08:00 ] ::1 /xhust/thinkphp/Public/emojionearea/emojionearea.min.map
INFO: [ app_init ] --START--
INFO: Run Behavior\BuildLiteBehavior [ RunTime:0.000000s ]
INFO: [ app_init ] --END-- [ RunTime:0.001000s ]
ERR: 无法加载模块:Public

[ 2018-02-07T21:06:02+08:00 ] ::1 /xhust/thinkphp/Public/emojionearea/emojionearea.min.map
INFO: [ app_init ] --START--
INFO: Run Behavior\BuildLiteBehavior [ RunTime:0.000000s ]
INFO: [ app_init ] --END-- [ RunTime:0.000000s ]
ERR: 无法加载模块:Public

[ 2018-02-07T21:10:49+08:00 ] ::1 /xhust/thinkphp/Public/emojionearea/emojionearea.min.map
INFO: [ app_init ] --START--
INFO: Run Behavior\BuildLiteBehavior [ RunTime:0.000000s ]
INFO: [ app_init ] --END-- [ RunTime:0.001000s ]
ERR: 无法加载模块:Public

[ 2018-02-07T21:11:19+08:00 ] ::1 /xhust/thinkphp/Public/emojionearea/emojionearea.min.map
INFO: [ app_init ] --START--
INFO: Run Behavior\BuildLiteBehavior [ RunTime:0.000000s ]
INFO: [ app_init ] --END-- [ RunTime:0.001000s ]
ERR: 无法加载模块:Public

[ 2018-02-07T21:11:57+08:00 ] ::1 /xhust/thinkphp/Public/emojionearea/emojionearea.min.map
INFO: [ app_init ] --START--
INFO: Run Behavior\BuildLiteBehavior [ RunTime:0.000000s ]
INFO: [ app_init ] --END-- [ RunTime:0.001000s ]
ERR: 无法加载模块:Public

