[ 2018-02-06T10:08:52+08:00 ] ::1 /xhust/thinkphp/__PUBLIC__//Css/Home/index.css
ERR: 无法加载模块:__PUBLIC__

[ 2018-02-06T10:08:52+08:00 ] ::1 /xhust/thinkphp/__PUBLIC__//Css/Home/index.css
ERR: 无法加载模块:__PUBLIC__

[ 2018-02-06T10:10:13+08:00 ] ::1 /xhust/thinkphp/__PUBLIC__/Css/Home/index.css
ERR: 无法加载模块:__PUBLIC__

[ 2018-02-06T10:10:14+08:00 ] ::1 /xhust/thinkphp/__PUBLIC__/Css/Home/index.css
ERR: 无法加载模块:__PUBLIC__

[ 2018-02-06T10:38:25+08:00 ] ::1 /xhust/thinkphp/Static/jQuery-emoji/lib/css/jquery.mCustomScrollbar.min.css
ERR: 无法加载模块:Static

[ 2018-02-06T10:38:25+08:00 ] ::1 /xhust/thinkphp/Static/jQuery-emoji/dist/css/jquery.emoji.css
ERR: 无法加载模块:Static

[ 2018-02-06T10:38:25+08:00 ] ::1 /xhust/thinkphp/Static/jQuery-emoji/lib/script/jquery.mousewheel-3.0.6.min.js
ERR: 无法加载模块:Static

[ 2018-02-06T10:38:25+08:00 ] ::1 /xhust/thinkphp/Static/jQuery-emoji/dist/js/jquery.emoji.min.js
ERR: 无法加载模块:Static

[ 2018-02-06T10:38:25+08:00 ] ::1 /xhust/thinkphp/Static/Box/box.js
ERR: 无法加载模块:Static

[ 2018-02-06T10:38:25+08:00 ] ::1 /xhust/thinkphp/Static/Css/Home/index.css
ERR: 无法加载模块:Static

[ 2018-02-06T10:38:25+08:00 ] ::1 /xhust/thinkphp/Static/Slippry/slippry.min.js
ERR: 无法加载模块:Static

[ 2018-02-06T10:38:25+08:00 ] ::1 /xhust/thinkphp/Static/Slippry/slippry.css
ERR: 无法加载模块:Static

[ 2018-02-06T10:38:25+08:00 ] ::1 /xhust/thinkphp/Static/jQuery-emoji/lib/script/jquery.mCustomScrollbar.min.js
ERR: 无法加载模块:Static

[ 2018-02-06T10:38:25+08:00 ] ::1 /xhust/thinkphp/Static/Box/box.css
ERR: 无法加载模块:Static

[ 2018-02-06T10:38:25+08:00 ] ::1 /xhust/thinkphp/Static/jquery.particleground.js
ERR: 无法加载模块:Static

[ 2018-02-06T10:38:25+08:00 ] ::1 /xhust/thinkphp/Static/Apps/xhust.ico
ERR: 无法加载模块:Static

[ 2018-02-06T10:38:25+08:00 ] ::1 /xhust/thinkphp/Static/Apps/Weather/img/%E6%99%B4.png
ERR: 无法加载模块:Static

[ 2018-02-06T10:38:25+08:00 ] ::1 /xhust/thinkphp/Static/Apps/Icon/weather.gif
ERR: 无法加载模块:Static

[ 2018-02-06T10:38:25+08:00 ] ::1 /xhust/thinkphp/Static/Apps/Icon/seal_rec.gif
ERR: 无法加载模块:Static

[ 2018-02-06T10:38:25+08:00 ] ::1 /xhust/thinkphp/Static/Apps/Icon/calculator.gif
ERR: 无法加载模块:Static

[ 2018-02-06T10:38:25+08:00 ] ::1 /xhust/thinkphp/Static/Apps/Icon/tile.gif
ERR: 无法加载模块:Static

[ 2018-02-06T10:38:25+08:00 ] ::1 /xhust/thinkphp/Static/jQuery-emoji/lib/script/jquery.mousewheel-3.0.6.min.js
ERR: 无法加载模块:Static

[ 2018-02-06T10:38:25+08:00 ] ::1 /xhust/thinkphp/Static/jQuery-emoji/dist/css/jquery.emoji.css
ERR: 无法加载模块:Static

[ 2018-02-06T10:38:25+08:00 ] ::1 /xhust/thinkphp/Static/jQuery-emoji/lib/css/jquery.mCustomScrollbar.min.css
ERR: 无法加载模块:Static

[ 2018-02-06T10:38:25+08:00 ] ::1 /xhust/thinkphp/Static/Apps/Icon/snake.gif
ERR: 无法加载模块:Static

[ 2018-02-06T10:38:25+08:00 ] ::1 /xhust/thinkphp/Static/jQuery-emoji/lib/script/jquery.mCustomScrollbar.min.js
ERR: 无法加载模块:Static

[ 2018-02-06T10:38:25+08:00 ] ::1 /xhust/thinkphp/Static/Comment/img/author.png
ERR: 无法加载模块:Static

[ 2018-02-06T10:38:25+08:00 ] ::1 /xhust/thinkphp/Static/jQuery-emoji/dist/js/jquery.emoji.min.js
ERR: 无法加载模块:Static

[ 2018-02-06T10:38:25+08:00 ] ::1 /xhust/thinkphp/Static/Box/box.js
ERR: 无法加载模块:Static

[ 2018-02-06T10:38:25+08:00 ] ::1 /xhust/thinkphp/Static/Apps/alipay.gif
ERR: 无法加载模块:Static

[ 2018-02-06T10:38:25+08:00 ] ::1 /xhust/thinkphp/Static/Box/box.css
ERR: 无法加载模块:Static

[ 2018-02-06T10:38:26+08:00 ] ::1 /xhust/thinkphp/Static/Apps/wechat.gif
ERR: 无法加载模块:Static

[ 2018-02-06T10:38:26+08:00 ] ::1 /xhust/thinkphp/Static/Slippry/slippry.min.js
ERR: 无法加载模块:Static

[ 2018-02-06T10:38:26+08:00 ] ::1 /xhust/thinkphp/Static/Css/Home/index.css
ERR: 无法加载模块:Static

[ 2018-02-06T10:38:26+08:00 ] ::1 /xhust/thinkphp/Static/Slippry/slippry.css
ERR: 无法加载模块:Static

[ 2018-02-06T10:38:26+08:00 ] ::1 /xhust/thinkphp/Static/jquery.particleground.js
ERR: 无法加载模块:Static

[ 2018-02-06T10:38:26+08:00 ] ::1 /xhust/thinkphp/Static/Comment/img/author.png
ERR: 无法加载模块:Static

[ 2018-02-06T10:38:27+08:00 ] ::1 /xhust/thinkphp/Static/Apps/xhust.ico
ERR: 无法加载模块:Static

[ 2018-02-06T11:42:20+08:00 ] ::1 /xhust/thinkphp/Public/bootstrap/css/bootstrap.min.js
ERR: 无法加载模块:Public

[ 2018-02-06T11:42:21+08:00 ] ::1 /xhust/thinkphp/Public/bootstrap/css/bootstrap.min.js
ERR: 无法加载模块:Public

