[ 2018-01-22T16:22:10+08:00 ] ::1 /xhust/thinkphp/%E5%A4%A9%E6%B0%94%E9%A2%84%E6%8A%A5.gif
ERR: 无法加载模块:天气预报

[ 2018-01-22T16:22:10+08:00 ] ::1 /xhust/thinkphp/%E6%96%B9%E5%BD%A2%E5%8D%B0%E7%AB%A0.gif
ERR: 无法加载模块:方形印章

[ 2018-01-22T16:22:10+08:00 ] ::1 /xhust/thinkphp/%E8%AE%A1%E7%AE%97%E5%99%A8.gif
ERR: 无法加载模块:计算器

[ 2018-01-22T16:22:10+08:00 ] ::1 /xhust/thinkphp/%E4%BF%84%E7%BD%97%E6%96%AF%E6%96%B9%E5%9D%97.gif
ERR: 无法加载模块:俄罗斯方块

[ 2018-01-22T16:22:10+08:00 ] ::1 /xhust/thinkphp/%E8%B4%AA%E5%90%83%E8%9B%87.gif
ERR: 无法加载模块:贪吃蛇

[ 2018-01-22T16:22:46+08:00 ] ::1 /xhust/thinkphp/__PUBLIC__/Apps/Icon/%E5%A4%A9%E6%B0%94%E9%A2%84%E6%8A%A5.gif
ERR: 无法加载模块:__PUBLIC__

[ 2018-01-22T16:22:46+08:00 ] ::1 /xhust/thinkphp/__PUBLIC__/Apps/Icon/%E6%96%B9%E5%BD%A2%E5%8D%B0%E7%AB%A0.gif
ERR: 无法加载模块:__PUBLIC__

[ 2018-01-22T16:22:46+08:00 ] ::1 /xhust/thinkphp/__PUBLIC__/Apps/Icon/%E8%AE%A1%E7%AE%97%E5%99%A8.gif
ERR: 无法加载模块:__PUBLIC__

[ 2018-01-22T16:22:46+08:00 ] ::1 /xhust/thinkphp/__PUBLIC__/Apps/Icon/%E4%BF%84%E7%BD%97%E6%96%AF%E6%96%B9%E5%9D%97.gif
ERR: 无法加载模块:__PUBLIC__

[ 2018-01-22T16:22:46+08:00 ] ::1 /xhust/thinkphp/__PUBLIC__/Apps/Icon/%E8%B4%AA%E5%90%83%E8%9B%87.gif
ERR: 无法加载模块:__PUBLIC__

[ 2018-01-22T16:37:37+08:00 ] ::1 /xhust/thinkphp/Public/Apps/alipay.gif
ERR: 无法加载模块:Public

[ 2018-01-22T16:37:54+08:00 ] ::1 /xhust/thinkphp/Public/Apps/alipay.gif
ERR: 无法加载模块:Public

