[ 2018-03-04T20:23:30+08:00 ] ::1 /xhust/thinkphp/Public/Apps/Gobang/audio/ogg/lose.ogg
INFO: [ app_init ] --START--
INFO: Run Behavior\BuildLiteBehavior [ RunTime:0.000000s ]
INFO: [ app_init ] --END-- [ RunTime:0.001000s ]
ERR: 无法加载模块:Public

[ 2018-03-04T20:23:30+08:00 ] ::1 /xhust/thinkphp/Public/Apps/Gobang/audio/mp3/lose.mp3
INFO: [ app_init ] --START--
INFO: Run Behavior\BuildLiteBehavior [ RunTime:0.000000s ]
INFO: [ app_init ] --END-- [ RunTime:0.000000s ]
ERR: 无法加载模块:Public

[ 2018-03-04T20:23:44+08:00 ] ::1 /xhust/thinkphp/Public/Apps/Gobang/audio/ogg/lose.ogg
INFO: [ app_init ] --START--
INFO: Run Behavior\BuildLiteBehavior [ RunTime:0.000000s ]
INFO: [ app_init ] --END-- [ RunTime:0.000000s ]
ERR: 无法加载模块:Public

[ 2018-03-04T20:23:44+08:00 ] ::1 /xhust/thinkphp/Public/Apps/Gobang/audio/mp3/lose.mp3
INFO: [ app_init ] --START--
INFO: Run Behavior\BuildLiteBehavior [ RunTime:0.000000s ]
INFO: [ app_init ] --END-- [ RunTime:0.001000s ]
ERR: 无法加载模块:Public

[ 2018-03-04T20:24:08+08:00 ] ::1 /xhust/thinkphp/Public/Apps/Gobang/audio/ogg/lose.ogg
INFO: [ app_init ] --START--
INFO: Run Behavior\BuildLiteBehavior [ RunTime:0.000000s ]
INFO: [ app_init ] --END-- [ RunTime:0.001000s ]
ERR: 无法加载模块:Public

[ 2018-03-04T20:24:09+08:00 ] ::1 /xhust/thinkphp/Public/Apps/Gobang/audio/mp3/lose.mp3
INFO: [ app_init ] --START--
INFO: Run Behavior\BuildLiteBehavior [ RunTime:0.000000s ]
INFO: [ app_init ] --END-- [ RunTime:0.000000s ]
ERR: 无法加载模块:Public

[ 2018-03-04T20:27:31+08:00 ] ::1 /xhust/thinkphp/Public/Apps/Gobang/audio/ogg/lose.ogg
INFO: [ app_init ] --START--
INFO: Run Behavior\BuildLiteBehavior [ RunTime:0.000000s ]
INFO: [ app_init ] --END-- [ RunTime:0.001000s ]
ERR: 无法加载模块:Public

[ 2018-03-04T20:27:31+08:00 ] ::1 /xhust/thinkphp/Public/Apps/Gobang/audio/mp3/lose.mp3
INFO: [ app_init ] --START--
INFO: Run Behavior\BuildLiteBehavior [ RunTime:0.000000s ]
INFO: [ app_init ] --END-- [ RunTime:0.001000s ]
ERR: 无法加载模块:Public

[ 2018-03-04T20:27:39+08:00 ] ::1 /xhust/thinkphp/Public/Apps/Gobang/audio/ogg/lose.ogg
INFO: [ app_init ] --START--
INFO: Run Behavior\BuildLiteBehavior [ RunTime:0.000000s ]
INFO: [ app_init ] --END-- [ RunTime:0.001000s ]
ERR: 无法加载模块:Public

[ 2018-03-04T20:27:39+08:00 ] ::1 /xhust/thinkphp/Public/Apps/Gobang/audio/mp3/lose.mp3
INFO: [ app_init ] --START--
INFO: Run Behavior\BuildLiteBehavior [ RunTime:0.000000s ]
INFO: [ app_init ] --END-- [ RunTime:0.000000s ]
ERR: 无法加载模块:Public

[ 2018-03-04T20:28:16+08:00 ] ::1 /xhust/thinkphp/Public/Apps/Gobang/audio/ogg/lose.ogg
INFO: [ app_init ] --START--
INFO: Run Behavior\BuildLiteBehavior [ RunTime:0.000000s ]
INFO: [ app_init ] --END-- [ RunTime:0.000000s ]
ERR: 无法加载模块:Public

[ 2018-03-04T20:28:16+08:00 ] ::1 /xhust/thinkphp/Public/Apps/Gobang/audio/mp3/lose.mp3
INFO: [ app_init ] --START--
INFO: Run Behavior\BuildLiteBehavior [ RunTime:0.000000s ]
INFO: [ app_init ] --END-- [ RunTime:0.001000s ]
ERR: 无法加载模块:Public

